Linux 6.6.87.2-microsoft-standard-WSL2 (DESKTOP-RDGI8C0) 	11/22/25 	_x86_64_	(8 CPU)

04:24:40      UID       PID    %usr %system  %guest   %wait    %CPU   CPU  Command
04:24:43     1000      7163    2.20    1.60    0.00    0.00    3.80     1  MovieHTTPServer

04:24:40      UID       PID  minflt/s  majflt/s     VSZ     RSS   %MEM  Command
04:24:43     1000      7163    103.20      1.80  614688   13696   0.38  MovieHTTPServer

04:24:40      UID       PID   kB_rd/s   kB_wr/s kB_ccwr/s iodelay  Command
04:24:43     1000      7163     14.40      0.00      0.00       0  MovieHTTPServer

04:24:43      UID       PID    %usr %system  %guest   %wait    %CPU   CPU  Command
04:24:48     1000      7163    4.20    4.80    0.00    0.00    9.00     1  MovieHTTPServer

04:24:43      UID       PID  minflt/s  majflt/s     VSZ     RSS   %MEM  Command
04:24:48     1000      7163      3.20      0.20  614688   14336   0.40  MovieHTTPServer

04:24:43      UID       PID   kB_rd/s   kB_wr/s kB_ccwr/s iodelay  Command
04:24:48     1000      7163      8.00      0.00      0.00       0  MovieHTTPServer

04:24:48      UID       PID    %usr %system  %guest   %wait    %CPU   CPU  Command
04:24:53     1000      7163    4.20    4.40    0.00    0.00    8.60     1  MovieHTTPServer

04:24:48      UID       PID  minflt/s  majflt/s     VSZ     RSS   %MEM  Command
04:24:53     1000      7163      0.80      0.00  614688   14336   0.40  MovieHTTPServer

04:24:48      UID       PID   kB_rd/s   kB_wr/s kB_ccwr/s iodelay  Command
04:24:53     1000      7163      0.00      0.00      0.00       0  MovieHTTPServer

04:24:53      UID       PID    %usr %system  %guest   %wait    %CPU   CPU  Command
04:24:58     1000      7163    4.60    4.40    0.00    0.00    9.00     1  MovieHTTPServer

04:24:53      UID       PID  minflt/s  majflt/s     VSZ     RSS   %MEM  Command
04:24:58     1000      7163      4.40      0.00  614688   14336   0.40  MovieHTTPServer

04:24:53      UID       PID   kB_rd/s   kB_wr/s kB_ccwr/s iodelay  Command
04:24:58     1000      7163      0.00      0.00      0.00       0  MovieHTTPServer

04:24:58      UID       PID    %usr %system  %guest   %wait    %CPU   CPU  Command
04:25:03     1000      7163    5.40    4.20    0.00    0.20    9.60     1  MovieHTTPServer

04:24:58      UID       PID  minflt/s  majflt/s     VSZ     RSS   %MEM  Command
04:25:03     1000      7163      2.40      0.00  614688   14464   0.40  MovieHTTPServer

04:24:58      UID       PID   kB_rd/s   kB_wr/s kB_ccwr/s iodelay  Command
04:25:03     1000      7163      0.00      0.00      0.00       0  MovieHTTPServer

04:25:03      UID       PID    %usr %system  %guest   %wait    %CPU   CPU  Command
04:25:08     1000      7163    4.40    5.00    0.00    0.00    9.40     1  MovieHTTPServer

04:25:03      UID       PID  minflt/s  majflt/s     VSZ     RSS   %MEM  Command
04:25:08     1000      7163      0.00      0.00  614688   14464   0.40  MovieHTTPServer

04:25:03      UID       PID   kB_rd/s   kB_wr/s kB_ccwr/s iodelay  Command
04:25:08     1000      7163      0.00      0.00      0.00       0  MovieHTTPServer

04:25:08      UID       PID    %usr %system  %guest   %wait    %CPU   CPU  Command
04:25:11     1000      7163    4.60    4.80    0.00    0.00    9.40     1  MovieHTTPServer

04:25:08      UID       PID  minflt/s  majflt/s     VSZ     RSS   %MEM  Command
04:25:11     1000      7163      0.00      0.00  614688   14464   0.40  MovieHTTPServer

04:25:08      UID       PID   kB_rd/s   kB_wr/s kB_ccwr/s iodelay  Command
04:25:11     1000      7163      0.00      0.00      0.00       0  MovieHTTPServer

04:25:11      UID       PID    %usr %system  %guest   %wait    %CPU   CPU  Command
04:25:16     1000      7163    4.20    4.80    0.00    0.00    9.00     1  MovieHTTPServer

04:25:11      UID       PID  minflt/s  majflt/s     VSZ     RSS   %MEM  Command
04:25:16     1000      7163      0.20      0.00  614688   14464   0.40  MovieHTTPServer

04:25:11      UID       PID   kB_rd/s   kB_wr/s kB_ccwr/s iodelay  Command
04:25:16     1000      7163      0.00      0.00      0.00       0  MovieHTTPServer

04:25:16      UID       PID    %usr %system  %guest   %wait    %CPU   CPU  Command
04:25:21     1000      7163    4.80    4.60    0.00    0.00    9.40     1  MovieHTTPServer

04:25:16      UID       PID  minflt/s  majflt/s     VSZ     RSS   %MEM  Command
04:25:21     1000      7163      0.20      0.00  614688   14464   0.40  MovieHTTPServer

04:25:16      UID       PID   kB_rd/s   kB_wr/s kB_ccwr/s iodelay  Command
04:25:21     1000      7163      0.00      0.00      0.00       0  MovieHTTPServer

04:25:21      UID       PID    %usr %system  %guest   %wait    %CPU   CPU  Command
04:25:26     1000      7163    4.60    4.20    0.00    0.00    8.80     1  MovieHTTPServer

04:25:21      UID       PID  minflt/s  majflt/s     VSZ     RSS   %MEM  Command
04:25:26     1000      7163      0.00      0.00  614688   14464   0.40  MovieHTTPServer

04:25:21      UID       PID   kB_rd/s   kB_wr/s kB_ccwr/s iodelay  Command
04:25:26     1000      7163      0.00      0.00      0.00       0  MovieHTTPServer

04:25:26      UID       PID    %usr %system  %guest   %wait    %CPU   CPU  Command
04:25:31     1000      7163    4.20    5.20    0.00    0.00    9.40     1  MovieHTTPServer

04:25:26      UID       PID  minflt/s  majflt/s     VSZ     RSS   %MEM  Command
04:25:31     1000      7163      0.00      0.00  614688   14464   0.40  MovieHTTPServer

04:25:26      UID       PID   kB_rd/s   kB_wr/s kB_ccwr/s iodelay  Command
04:25:31     1000      7163      0.00      0.00      0.00       0  MovieHTTPServer

04:25:31      UID       PID    %usr %system  %guest   %wait    %CPU   CPU  Command
04:25:36     1000      7163    4.80    4.20    0.00    0.00    9.00     1  MovieHTTPServer

04:25:31      UID       PID  minflt/s  majflt/s     VSZ     RSS   %MEM  Command
04:25:36     1000      7163      0.00      0.00  614688   14464   0.40  MovieHTTPServer

04:25:31      UID       PID   kB_rd/s   kB_wr/s kB_ccwr/s iodelay  Command
04:25:36     1000      7163      0.00      0.00      0.00       0  MovieHTTPServer

04:25:36      UID       PID    %usr %system  %guest   %wait    %CPU   CPU  Command
04:25:39     1000      7163    4.00    5.00    0.00    0.00    9.00     1  MovieHTTPServer

04:25:36      UID       PID  minflt/s  majflt/s     VSZ     RSS   %MEM  Command
04:25:39     1000      7163      0.00      0.00  614688   14464   0.40  MovieHTTPServer

04:25:36      UID       PID   kB_rd/s   kB_wr/s kB_ccwr/s iodelay  Command
04:25:39     1000      7163      0.00      0.00      0.00       0  MovieHTTPServer

04:25:39      UID       PID    %usr %system  %guest   %wait    %CPU   CPU  Command
04:25:44     1000      7163    4.60    5.00    0.00    0.00    9.60     1  MovieHTTPServer

04:25:39      UID       PID  minflt/s  majflt/s     VSZ     RSS   %MEM  Command
04:25:44     1000      7163      0.00      0.00  614688   14464   0.40  MovieHTTPServer

04:25:39      UID       PID   kB_rd/s   kB_wr/s kB_ccwr/s iodelay  Command
04:25:44     1000      7163      0.00      0.00      0.00       0  MovieHTTPServer

04:25:44      UID       PID    %usr %system  %guest   %wait    %CPU   CPU  Command
04:25:49     1000      7163    4.00    5.40    0.00    0.00    9.40     1  MovieHTTPServer

04:25:44      UID       PID  minflt/s  majflt/s     VSZ     RSS   %MEM  Command
04:25:49     1000      7163      0.00      0.00  614688   14464   0.40  MovieHTTPServer

04:25:44      UID       PID   kB_rd/s   kB_wr/s kB_ccwr/s iodelay  Command
04:25:49     1000      7163      0.00      0.00      0.00       0  MovieHTTPServer

04:25:49      UID       PID    %usr %system  %guest   %wait    %CPU   CPU  Command
04:25:54     1000      7163    4.80    4.40    0.00    0.20    9.20     1  MovieHTTPServer

04:25:49      UID       PID  minflt/s  majflt/s     VSZ     RSS   %MEM  Command
04:25:54     1000      7163      0.20      0.00  614688   14464   0.40  MovieHTTPServer

04:25:49      UID       PID   kB_rd/s   kB_wr/s kB_ccwr/s iodelay  Command
04:25:54     1000      7163      0.00      0.00      0.00       0  MovieHTTPServer

04:25:54      UID       PID    %usr %system  %guest   %wait    %CPU   CPU  Command
04:25:59     1000      7163    4.60    4.40    0.00    0.00    9.00     1  MovieHTTPServer

04:25:54      UID       PID  minflt/s  majflt/s     VSZ     RSS   %MEM  Command
04:25:59     1000      7163      0.00      0.00  614688   14464   0.40  MovieHTTPServer

04:25:54      UID       PID   kB_rd/s   kB_wr/s kB_ccwr/s iodelay  Command
04:25:59     1000      7163      0.00      0.00      0.00       0  MovieHTTPServer

04:25:59      UID       PID    %usr %system  %guest   %wait    %CPU   CPU  Command
04:26:04     1000      7163    4.80    4.60    0.00    0.00    9.40     1  MovieHTTPServer

04:25:59      UID       PID  minflt/s  majflt/s     VSZ     RSS   %MEM  Command
04:26:04     1000      7163      0.20      0.00  614688   14464   0.40  MovieHTTPServer

04:25:59      UID       PID   kB_rd/s   kB_wr/s kB_ccwr/s iodelay  Command
04:26:04     1000      7163      0.00      0.00      0.00       0  MovieHTTPServer

04:26:04      UID       PID    %usr %system  %guest   %wait    %CPU   CPU  Command
04:26:09     1000      7163    4.40    5.00    0.00    0.00    9.40     1  MovieHTTPServer

04:26:04      UID       PID  minflt/s  majflt/s     VSZ     RSS   %MEM  Command
04:26:09     1000      7163      0.20      0.00  614688   14464   0.40  MovieHTTPServer

04:26:04      UID       PID   kB_rd/s   kB_wr/s kB_ccwr/s iodelay  Command
04:26:09     1000      7163      0.00      0.00      0.00       0  MovieHTTPServer

04:26:09      UID       PID    %usr %system  %guest   %wait    %CPU   CPU  Command
04:26:12     1000      7163    4.40    4.40    0.00    0.00    8.80     1  MovieHTTPServer

04:26:09      UID       PID  minflt/s  majflt/s     VSZ     RSS   %MEM  Command
04:26:12     1000      7163      0.00      0.00  614688   14464   0.40  MovieHTTPServer

04:26:09      UID       PID   kB_rd/s   kB_wr/s kB_ccwr/s iodelay  Command
04:26:12     1000      7163      0.00      0.00      0.00       0  MovieHTTPServer

04:26:12      UID       PID    %usr %system  %guest   %wait    %CPU   CPU  Command
04:26:17     1000      7163    4.40    4.60    0.00    0.00    9.00     1  MovieHTTPServer

04:26:12      UID       PID  minflt/s  majflt/s     VSZ     RSS   %MEM  Command
04:26:17     1000      7163      0.00      0.00  614688   14464   0.40  MovieHTTPServer

04:26:12      UID       PID   kB_rd/s   kB_wr/s kB_ccwr/s iodelay  Command
04:26:17     1000      7163      0.00      0.00      0.00       0  MovieHTTPServer

04:26:17      UID       PID    %usr %system  %guest   %wait    %CPU   CPU  Command
04:26:22     1000      7163    4.99    4.59    0.00    0.00    9.58     1  MovieHTTPServer

04:26:17      UID       PID  minflt/s  majflt/s     VSZ     RSS   %MEM  Command
04:26:22     1000      7163      0.00      0.00  614688   14464   0.40  MovieHTTPServer

04:26:17      UID       PID   kB_rd/s   kB_wr/s kB_ccwr/s iodelay  Command
04:26:22     1000      7163      0.00      0.00      0.00       0  MovieHTTPServer

04:26:22      UID       PID    %usr %system  %guest   %wait    %CPU   CPU  Command
04:26:27     1000      7163    4.20    5.20    0.00    0.00    9.40     1  MovieHTTPServer

04:26:22      UID       PID  minflt/s  majflt/s     VSZ     RSS   %MEM  Command
04:26:27     1000      7163      0.20      0.00  614688   14464   0.40  MovieHTTPServer

04:26:22      UID       PID   kB_rd/s   kB_wr/s kB_ccwr/s iodelay  Command
04:26:27     1000      7163      0.00      0.00      0.00       0  MovieHTTPServer

04:26:27      UID       PID    %usr %system  %guest   %wait    %CPU   CPU  Command
04:26:32     1000      7163    4.80    4.40    0.00    0.00    9.20     1  MovieHTTPServer

04:26:27      UID       PID  minflt/s  majflt/s     VSZ     RSS   %MEM  Command
04:26:32     1000      7163      0.00      0.00  614688   14464   0.40  MovieHTTPServer

04:26:27      UID       PID   kB_rd/s   kB_wr/s kB_ccwr/s iodelay  Command
04:26:32     1000      7163      0.00      0.00      0.00       0  MovieHTTPServer

04:26:32      UID       PID    %usr %system  %guest   %wait    %CPU   CPU  Command
04:26:37     1000      7163    3.80    4.60    0.00    0.00    8.40     1  MovieHTTPServer

04:26:32      UID       PID  minflt/s  majflt/s     VSZ     RSS   %MEM  Command
04:26:37     1000      7163      0.00      0.00  614688   14464   0.40  MovieHTTPServer

04:26:32      UID       PID   kB_rd/s   kB_wr/s kB_ccwr/s iodelay  Command
04:26:37     1000      7163      0.00      0.00      0.00       0  MovieHTTPServer

04:26:37      UID       PID    %usr %system  %guest   %wait    %CPU   CPU  Command
04:26:41     1000      7163    2.00    2.40    0.00    0.00    4.40     1  MovieHTTPServer

04:26:37      UID       PID  minflt/s  majflt/s     VSZ     RSS   %MEM  Command
04:26:41     1000      7163      0.00      0.00  614688   14464   0.40  MovieHTTPServer

04:26:37      UID       PID   kB_rd/s   kB_wr/s kB_ccwr/s iodelay  Command
04:26:41     1000      7163      0.00      0.00      0.00       0  MovieHTTPServer

04:26:41      UID       PID    %usr %system  %guest   %wait    %CPU   CPU  Command
04:26:46     1000      7163    4.40    5.20    0.00    0.00    9.60     1  MovieHTTPServer

04:26:41      UID       PID  minflt/s  majflt/s     VSZ     RSS   %MEM  Command
04:26:46     1000      7163      0.00      0.00  614688   14464   0.40  MovieHTTPServer

04:26:41      UID       PID   kB_rd/s   kB_wr/s kB_ccwr/s iodelay  Command
04:26:46     1000      7163      0.00      0.00      0.00       0  MovieHTTPServer

04:26:46      UID       PID    %usr %system  %guest   %wait    %CPU   CPU  Command
04:26:51     1000      7163    5.20    4.20    0.00    0.00    9.40     1  MovieHTTPServer

04:26:46      UID       PID  minflt/s  majflt/s     VSZ     RSS   %MEM  Command
04:26:51     1000      7163      0.00      0.00  614688   14464   0.40  MovieHTTPServer

04:26:46      UID       PID   kB_rd/s   kB_wr/s kB_ccwr/s iodelay  Command
04:26:51     1000      7163      0.00      0.00      0.00       0  MovieHTTPServer

04:26:51      UID       PID    %usr %system  %guest   %wait    %CPU   CPU  Command
04:26:56     1000      7163    5.40    4.40    0.00    0.20    9.80     1  MovieHTTPServer

04:26:51      UID       PID  minflt/s  majflt/s     VSZ     RSS   %MEM  Command
04:26:56     1000      7163      0.00      0.00  614688   14464   0.40  MovieHTTPServer

04:26:51      UID       PID   kB_rd/s   kB_wr/s kB_ccwr/s iodelay  Command
04:26:56     1000      7163      0.00      0.00      0.00       0  MovieHTTPServer

04:26:56      UID       PID    %usr %system  %guest   %wait    %CPU   CPU  Command
04:27:01     1000      7163    4.80    4.20    0.00    0.00    9.00     1  MovieHTTPServer

04:26:56      UID       PID  minflt/s  majflt/s     VSZ     RSS   %MEM  Command
04:27:01     1000      7163      0.00      0.00  614688   14464   0.40  MovieHTTPServer

04:26:56      UID       PID   kB_rd/s   kB_wr/s kB_ccwr/s iodelay  Command
04:27:01     1000      7163      0.00      0.00      0.00       0  MovieHTTPServer

04:27:01      UID       PID    %usr %system  %guest   %wait    %CPU   CPU  Command
04:27:06     1000      7163    5.20    4.40    0.00    0.00    9.60     1  MovieHTTPServer

04:27:01      UID       PID  minflt/s  majflt/s     VSZ     RSS   %MEM  Command
04:27:06     1000      7163      0.00      0.00  614688   14464   0.40  MovieHTTPServer

04:27:01      UID       PID   kB_rd/s   kB_wr/s kB_ccwr/s iodelay  Command
04:27:06     1000      7163      0.00      0.00      0.00       0  MovieHTTPServer

04:27:06      UID       PID    %usr %system  %guest   %wait    %CPU   CPU  Command
04:27:11     1000      7163    4.40    5.20    0.00    0.00    9.60     1  MovieHTTPServer

04:27:06      UID       PID  minflt/s  majflt/s     VSZ     RSS   %MEM  Command
04:27:11     1000      7163      0.20      0.00  614688   14464   0.40  MovieHTTPServer

04:27:06      UID       PID   kB_rd/s   kB_wr/s kB_ccwr/s iodelay  Command
04:27:11     1000      7163      0.00      0.00      0.00       0  MovieHTTPServer

04:27:11      UID       PID    %usr %system  %guest   %wait    %CPU   CPU  Command
04:27:14     1000      7163    4.60    4.80    0.00    0.00    9.40     1  MovieHTTPServer

04:27:11      UID       PID  minflt/s  majflt/s     VSZ     RSS   %MEM  Command
04:27:14     1000      7163      0.00      0.00  614688   14464   0.40  MovieHTTPServer

04:27:11      UID       PID   kB_rd/s   kB_wr/s kB_ccwr/s iodelay  Command
04:27:14     1000      7163      0.00      0.00      0.00       0  MovieHTTPServer

04:27:14      UID       PID    %usr %system  %guest   %wait    %CPU   CPU  Command
04:27:19     1000      7163    4.40    5.40    0.00    0.00    9.80     1  MovieHTTPServer

04:27:14      UID       PID  minflt/s  majflt/s     VSZ     RSS   %MEM  Command
04:27:19     1000      7163      0.00      0.00  614688   14464   0.40  MovieHTTPServer

04:27:14      UID       PID   kB_rd/s   kB_wr/s kB_ccwr/s iodelay  Command
04:27:19     1000      7163      0.00      0.00      0.00       0  MovieHTTPServer

04:27:19      UID       PID    %usr %system  %guest   %wait    %CPU   CPU  Command
04:27:24     1000      7163    5.20    3.80    0.00    0.00    9.00     1  MovieHTTPServer

04:27:19      UID       PID  minflt/s  majflt/s     VSZ     RSS   %MEM  Command
04:27:24     1000      7163      0.00      0.00  614688   14464   0.40  MovieHTTPServer

04:27:19      UID       PID   kB_rd/s   kB_wr/s kB_ccwr/s iodelay  Command
04:27:24     1000      7163      0.00      0.00      0.00       0  MovieHTTPServer

04:27:24      UID       PID    %usr %system  %guest   %wait    %CPU   CPU  Command
04:27:29     1000      7163    4.60    4.60    0.00    0.00    9.20     1  MovieHTTPServer

04:27:24      UID       PID  minflt/s  majflt/s     VSZ     RSS   %MEM  Command
04:27:29     1000      7163      0.00      0.00  614688   14464   0.40  MovieHTTPServer

04:27:24      UID       PID   kB_rd/s   kB_wr/s kB_ccwr/s iodelay  Command
04:27:29     1000      7163      0.00      0.00      0.00       0  MovieHTTPServer

04:27:29      UID       PID    %usr %system  %guest   %wait    %CPU   CPU  Command
04:27:34     1000      7163    4.60    4.80    0.00    0.00    9.40     1  MovieHTTPServer

04:27:29      UID       PID  minflt/s  majflt/s     VSZ     RSS   %MEM  Command
04:27:34     1000      7163      0.00      0.00  614688   14464   0.40  MovieHTTPServer

04:27:29      UID       PID   kB_rd/s   kB_wr/s kB_ccwr/s iodelay  Command
04:27:34     1000      7163      0.00      0.00      0.00       0  MovieHTTPServer

04:27:34      UID       PID    %usr %system  %guest   %wait    %CPU   CPU  Command
04:27:39     1000      7163    4.40    4.60    0.00    0.00    9.00     1  MovieHTTPServer

04:27:34      UID       PID  minflt/s  majflt/s     VSZ     RSS   %MEM  Command
04:27:39     1000      7163      0.00      0.00  614688   14464   0.40  MovieHTTPServer

04:27:34      UID       PID   kB_rd/s   kB_wr/s kB_ccwr/s iodelay  Command
04:27:39     1000      7163      0.00      0.00      0.00       0  MovieHTTPServer

04:27:39      UID       PID    %usr %system  %guest   %wait    %CPU   CPU  Command
04:27:42     1000      7163    4.00    5.20    0.00    0.00    9.20     1  MovieHTTPServer

04:27:39      UID       PID  minflt/s  majflt/s     VSZ     RSS   %MEM  Command
04:27:42     1000      7163      0.00      0.00  614688   14464   0.40  MovieHTTPServer

04:27:39      UID       PID   kB_rd/s   kB_wr/s kB_ccwr/s iodelay  Command
04:27:42     1000      7163      0.00      0.00      0.00       0  MovieHTTPServer

04:27:42      UID       PID    %usr %system  %guest   %wait    %CPU   CPU  Command
04:27:47     1000      7163    4.60    5.00    0.00    0.20    9.60     1  MovieHTTPServer

04:27:42      UID       PID  minflt/s  majflt/s     VSZ     RSS   %MEM  Command
04:27:47     1000      7163      0.00      0.00  614688   14464   0.40  MovieHTTPServer

04:27:42      UID       PID   kB_rd/s   kB_wr/s kB_ccwr/s iodelay  Command
04:27:47     1000      7163      0.00      0.00      0.00       0  MovieHTTPServer

04:27:47      UID       PID    %usr %system  %guest   %wait    %CPU   CPU  Command
04:27:52     1000      7163    4.80    4.40    0.00    0.00    9.20     1  MovieHTTPServer

04:27:47      UID       PID  minflt/s  majflt/s     VSZ     RSS   %MEM  Command
04:27:52     1000      7163      0.40      0.00  614688   14464   0.40  MovieHTTPServer

04:27:47      UID       PID   kB_rd/s   kB_wr/s kB_ccwr/s iodelay  Command
04:27:52     1000      7163      0.00      0.00      0.00       0  MovieHTTPServer

04:27:52      UID       PID    %usr %system  %guest   %wait    %CPU   CPU  Command
04:27:57     1000      7163    5.40    4.00    0.00    0.00    9.40     1  MovieHTTPServer

04:27:52      UID       PID  minflt/s  majflt/s     VSZ     RSS   %MEM  Command
04:27:57     1000      7163      0.00      0.00  614688   14464   0.40  MovieHTTPServer

04:27:52      UID       PID   kB_rd/s   kB_wr/s kB_ccwr/s iodelay  Command
04:27:57     1000      7163      0.00      0.00      0.00       0  MovieHTTPServer

04:27:57      UID       PID    %usr %system  %guest   %wait    %CPU   CPU  Command
04:28:02     1000      7163    5.20    3.80    0.00    0.00    9.00     1  MovieHTTPServer

04:27:57      UID       PID  minflt/s  majflt/s     VSZ     RSS   %MEM  Command
04:28:02     1000      7163      0.00      0.00  614688   14464   0.40  MovieHTTPServer

04:27:57      UID       PID   kB_rd/s   kB_wr/s kB_ccwr/s iodelay  Command
04:28:02     1000      7163      0.00      0.00      0.00       0  MovieHTTPServer

04:28:02      UID       PID    %usr %system  %guest   %wait    %CPU   CPU  Command
04:28:07     1000      7163    4.40    4.60    0.00    0.00    9.00     1  MovieHTTPServer

04:28:02      UID       PID  minflt/s  majflt/s     VSZ     RSS   %MEM  Command
04:28:07     1000      7163      0.00      0.00  614688   14464   0.40  MovieHTTPServer

04:28:02      UID       PID   kB_rd/s   kB_wr/s kB_ccwr/s iodelay  Command
04:28:07     1000      7163      0.00      0.00      0.00       0  MovieHTTPServer

04:28:07      UID       PID    %usr %system  %guest   %wait    %CPU   CPU  Command
04:28:12     1000      7163    4.40    4.80    0.00    0.00    9.20     1  MovieHTTPServer

04:28:07      UID       PID  minflt/s  majflt/s     VSZ     RSS   %MEM  Command
04:28:12     1000      7163      0.00      0.00  614688   14464   0.40  MovieHTTPServer

04:28:07      UID       PID   kB_rd/s   kB_wr/s kB_ccwr/s iodelay  Command
04:28:12     1000      7163      0.00      0.00      0.00       0  MovieHTTPServer

04:28:12      UID       PID    %usr %system  %guest   %wait    %CPU   CPU  Command
04:28:15     1000      7163    4.60    5.00    0.00    0.00    9.60     1  MovieHTTPServer

04:28:12      UID       PID  minflt/s  majflt/s     VSZ     RSS   %MEM  Command
04:28:15     1000      7163      0.00      0.00  614688   14464   0.40  MovieHTTPServer

04:28:12      UID       PID   kB_rd/s   kB_wr/s kB_ccwr/s iodelay  Command
04:28:15     1000      7163      0.00      0.00      0.00       0  MovieHTTPServer

04:28:15      UID       PID    %usr %system  %guest   %wait    %CPU   CPU  Command
04:28:20     1000      7163    4.80    4.40    0.00    0.00    9.20     1  MovieHTTPServer

04:28:15      UID       PID  minflt/s  majflt/s     VSZ     RSS   %MEM  Command
04:28:20     1000      7163      0.20      0.00  614688   14464   0.40  MovieHTTPServer

04:28:15      UID       PID   kB_rd/s   kB_wr/s kB_ccwr/s iodelay  Command
04:28:20     1000      7163      0.00      0.00      0.00       0  MovieHTTPServer

04:28:20      UID       PID    %usr %system  %guest   %wait    %CPU   CPU  Command
04:28:25     1000      7163    4.80    4.40    0.00    0.00    9.20     1  MovieHTTPServer

04:28:20      UID       PID  minflt/s  majflt/s     VSZ     RSS   %MEM  Command
04:28:25     1000      7163      0.00      0.00  614688   14464   0.40  MovieHTTPServer

04:28:20      UID       PID   kB_rd/s   kB_wr/s kB_ccwr/s iodelay  Command
04:28:25     1000      7163      0.00      0.00      0.00       0  MovieHTTPServer

04:28:25      UID       PID    %usr %system  %guest   %wait    %CPU   CPU  Command
04:28:30     1000      7163    4.00    5.20    0.00    0.00    9.20     1  MovieHTTPServer

04:28:25      UID       PID  minflt/s  majflt/s     VSZ     RSS   %MEM  Command
04:28:30     1000      7163      0.00      0.00  614688   14464   0.40  MovieHTTPServer

04:28:25      UID       PID   kB_rd/s   kB_wr/s kB_ccwr/s iodelay  Command
04:28:30     1000      7163      0.00      0.00      0.00       0  MovieHTTPServer

04:28:30      UID       PID    %usr %system  %guest   %wait    %CPU   CPU  Command
04:28:35     1000      7163    4.40    4.80    0.00    0.00    9.20     1  MovieHTTPServer

04:28:30      UID       PID  minflt/s  majflt/s     VSZ     RSS   %MEM  Command
04:28:35     1000      7163      0.00      0.00  614688   14464   0.40  MovieHTTPServer

04:28:30      UID       PID   kB_rd/s   kB_wr/s kB_ccwr/s iodelay  Command
04:28:35     1000      7163      0.00      0.00      0.00       0  MovieHTTPServer

04:28:35      UID       PID    %usr %system  %guest   %wait    %CPU   CPU  Command
04:28:40     1000      7163    4.80    4.60    0.00    0.20    9.40     1  MovieHTTPServer

04:28:35      UID       PID  minflt/s  majflt/s     VSZ     RSS   %MEM  Command
04:28:40     1000      7163      0.00      0.00  614688   14464   0.40  MovieHTTPServer

04:28:35      UID       PID   kB_rd/s   kB_wr/s kB_ccwr/s iodelay  Command
04:28:40     1000      7163      0.00      0.00      0.00       0  MovieHTTPServer

04:28:40      UID       PID    %usr %system  %guest   %wait    %CPU   CPU  Command
04:28:43     1000      7163    4.60    4.00    0.00    0.00    8.60     1  MovieHTTPServer

04:28:40      UID       PID  minflt/s  majflt/s     VSZ     RSS   %MEM  Command
04:28:43     1000      7163      0.00      0.00  614688   14464   0.40  MovieHTTPServer

04:28:40      UID       PID   kB_rd/s   kB_wr/s kB_ccwr/s iodelay  Command
04:28:43     1000      7163      0.00      0.00      0.00       0  MovieHTTPServer

04:28:43      UID       PID    %usr %system  %guest   %wait    %CPU   CPU  Command
04:28:48     1000      7163    4.40    4.60    0.00    0.00    9.00     1  MovieHTTPServer

04:28:43      UID       PID  minflt/s  majflt/s     VSZ     RSS   %MEM  Command
04:28:48     1000      7163      0.00      0.00  614688   14464   0.40  MovieHTTPServer

04:28:43      UID       PID   kB_rd/s   kB_wr/s kB_ccwr/s iodelay  Command
04:28:48     1000      7163      0.00      0.00      0.00       0  MovieHTTPServer

04:28:48      UID       PID    %usr %system  %guest   %wait    %CPU   CPU  Command
04:28:53     1000      7163    3.99    5.19    0.00    0.00    9.18     1  MovieHTTPServer

04:28:48      UID       PID  minflt/s  majflt/s     VSZ     RSS   %MEM  Command
04:28:53     1000      7163      0.00      0.00  614688   14464   0.40  MovieHTTPServer

04:28:48      UID       PID   kB_rd/s   kB_wr/s kB_ccwr/s iodelay  Command
04:28:53     1000      7163      0.00      0.00      0.00       0  MovieHTTPServer

04:28:53      UID       PID    %usr %system  %guest   %wait    %CPU   CPU  Command
04:28:58     1000      7163    4.20    4.60    0.00    0.00    8.80     1  MovieHTTPServer

04:28:53      UID       PID  minflt/s  majflt/s     VSZ     RSS   %MEM  Command
04:28:58     1000      7163      0.00      0.00  614688   14464   0.40  MovieHTTPServer

04:28:53      UID       PID   kB_rd/s   kB_wr/s kB_ccwr/s iodelay  Command
04:28:58     1000      7163      0.00      0.00      0.00       0  MovieHTTPServer

04:28:58      UID       PID    %usr %system  %guest   %wait    %CPU   CPU  Command
04:29:03     1000      7163    4.20    4.60    0.00    0.00    8.80     1  MovieHTTPServer

04:28:58      UID       PID  minflt/s  majflt/s     VSZ     RSS   %MEM  Command
04:29:03     1000      7163      0.00      0.00  614688   14464   0.40  MovieHTTPServer

04:28:58      UID       PID   kB_rd/s   kB_wr/s kB_ccwr/s iodelay  Command
04:29:03     1000      7163      0.00      0.00      0.00       0  MovieHTTPServer

04:29:03      UID       PID    %usr %system  %guest   %wait    %CPU   CPU  Command
04:29:08     1000      7163    3.80    5.40    0.00    0.00    9.20     1  MovieHTTPServer

04:29:03      UID       PID  minflt/s  majflt/s     VSZ     RSS   %MEM  Command
04:29:08     1000      7163      0.00      0.00  614688   14464   0.40  MovieHTTPServer

04:29:03      UID       PID   kB_rd/s   kB_wr/s kB_ccwr/s iodelay  Command
04:29:08     1000      7163      0.00      0.00      0.00       0  MovieHTTPServer

04:29:08      UID       PID    %usr %system  %guest   %wait    %CPU   CPU  Command
04:29:13     1000      7163    5.00    4.20    0.00    0.00    9.20     1  MovieHTTPServer

04:29:08      UID       PID  minflt/s  majflt/s     VSZ     RSS   %MEM  Command
04:29:13     1000      7163      0.00      0.00  614688   14464   0.40  MovieHTTPServer

04:29:08      UID       PID   kB_rd/s   kB_wr/s kB_ccwr/s iodelay  Command
04:29:13     1000      7163      0.00      0.00      0.00       0  MovieHTTPServer

04:29:13      UID       PID    %usr %system  %guest   %wait    %CPU   CPU  Command
04:29:16     1000      7163    4.40    4.40    0.00    0.00    8.80     1  MovieHTTPServer

04:29:13      UID       PID  minflt/s  majflt/s     VSZ     RSS   %MEM  Command
04:29:16     1000      7163      0.00      0.00  614688   14464   0.40  MovieHTTPServer

04:29:13      UID       PID   kB_rd/s   kB_wr/s kB_ccwr/s iodelay  Command
04:29:16     1000      7163      0.00      0.00      0.00       0  MovieHTTPServer

04:29:16      UID       PID    %usr %system  %guest   %wait    %CPU   CPU  Command
04:29:21     1000      7163    3.80    5.60    0.00    0.00    9.40     1  MovieHTTPServer

04:29:16      UID       PID  minflt/s  majflt/s     VSZ     RSS   %MEM  Command
04:29:21     1000      7163      0.00      0.00  614688   14464   0.40  MovieHTTPServer

04:29:16      UID       PID   kB_rd/s   kB_wr/s kB_ccwr/s iodelay  Command
04:29:21     1000      7163      0.00      0.00      0.00       0  MovieHTTPServer

04:29:21      UID       PID    %usr %system  %guest   %wait    %CPU   CPU  Command
04:29:26     1000      7163    4.00    5.00    0.00    0.00    9.00     1  MovieHTTPServer

04:29:21      UID       PID  minflt/s  majflt/s     VSZ     RSS   %MEM  Command
04:29:26     1000      7163      0.00      0.00  614688   14464   0.40  MovieHTTPServer

04:29:21      UID       PID   kB_rd/s   kB_wr/s kB_ccwr/s iodelay  Command
04:29:26     1000      7163      0.00      0.00      0.00       0  MovieHTTPServer

04:29:26      UID       PID    %usr %system  %guest   %wait    %CPU   CPU  Command
04:29:31     1000      7163    4.20    4.60    0.00    0.00    8.80     1  MovieHTTPServer

04:29:26      UID       PID  minflt/s  majflt/s     VSZ     RSS   %MEM  Command
04:29:31     1000      7163      0.00      0.00  614688   14464   0.40  MovieHTTPServer

04:29:26      UID       PID   kB_rd/s   kB_wr/s kB_ccwr/s iodelay  Command
04:29:31     1000      7163      0.00      0.00      0.00       0  MovieHTTPServer

04:29:31      UID       PID    %usr %system  %guest   %wait    %CPU   CPU  Command
04:29:36     1000      7163    2.79    2.99    0.00    0.20    5.78     1  MovieHTTPServer

04:29:31      UID       PID  minflt/s  majflt/s     VSZ     RSS   %MEM  Command
04:29:36     1000      7163      0.20      0.00  614688   14464   0.40  MovieHTTPServer

04:29:31      UID       PID   kB_rd/s   kB_wr/s kB_ccwr/s iodelay  Command
04:29:36     1000      7163      0.00      0.00      0.00       0  MovieHTTPServer

04:29:36      UID       PID    %usr %system  %guest   %wait    %CPU   CPU  Command
04:29:41     1000      7163    0.00    0.00    0.00    0.00    0.00     1  MovieHTTPServer

04:29:36      UID       PID  minflt/s  majflt/s     VSZ     RSS   %MEM  Command
04:29:41     1000      7163      0.00      0.00  614688   14464   0.40  MovieHTTPServer

04:29:36      UID       PID   kB_rd/s   kB_wr/s kB_ccwr/s iodelay  Command
04:29:41     1000      7163      0.00      0.00      0.00       0  MovieHTTPServer

Average:      UID       PID    %usr %system  %guest   %wait    %CPU   CPU  Command
Average:     1000      7163    4.36    4.49    0.00    0.02    8.84     -  MovieHTTPServer

Average:      UID       PID  minflt/s  majflt/s     VSZ     RSS   %MEM  Command
Average:     1000      7163      1.82      0.03  614688   14446   0.40  MovieHTTPServer

Average:      UID       PID   kB_rd/s   kB_wr/s kB_ccwr/s iodelay  Command
Average:     1000      7163      0.35      0.00      0.00       0  MovieHTTPServer
