top - 11:12:03 up 15:52,  1 user,  load average: 0.00, 0.00, 0.07
Tasks:   1 total,   0 running,   1 sleeping,   0 stopped,   0 zombie
%Cpu(s):  0.9 us,  9.3 sy,  0.0 ni, 88.9 id,  0.0 wa,  0.0 hi,  0.9 si,  0.0 st 
MiB Mem :   3532.2 total,   2548.8 free,    855.4 used,    213.6 buff/cache     
MiB Swap:   1024.0 total,   1024.0 free,      0.0 used.   2676.8 avail Mem 

    PID USER      PR  NI    VIRT    RES    SHR S  %CPU  %MEM     TIME+ COMMAND
   7539 sunny     20   0   90400   9344   8192 S   0.0   0.3   0:00.11 MovieHT+

top - 11:12:08 up 15:52,  1 user,  load average: 0.16, 0.03, 0.08
Tasks:   1 total,   0 running,   1 sleeping,   0 stopped,   0 zombie
%Cpu(s):  3.0 us,  3.0 sy,  0.0 ni, 89.4 id,  3.5 wa,  0.0 hi,  1.1 si,  0.0 st 
MiB Mem :   3532.2 total,   2537.6 free,    863.0 used,    217.4 buff/cache     
MiB Swap:   1024.0 total,   1024.0 free,      0.0 used.   2669.3 avail Mem 

    PID USER      PR  NI    VIRT    RES    SHR S  %CPU  %MEM     TIME+ COMMAND
   7539 sunny     20   0  614688  13824  10752 S   9.6   0.4   0:00.59 MovieHT+

top - 11:12:13 up 15:52,  1 user,  load average: 0.31, 0.07, 0.09
Tasks:   1 total,   0 running,   1 sleeping,   0 stopped,   0 zombie
%Cpu(s):  3.5 us,  3.8 sy,  0.0 ni, 78.6 id, 11.1 wa,  0.0 hi,  3.0 si,  0.0 st 
MiB Mem :   3532.2 total,   2531.4 free,    860.8 used,    225.7 buff/cache     
MiB Swap:   1024.0 total,   1024.0 free,      0.0 used.   2671.4 avail Mem 

    PID USER      PR  NI    VIRT    RES    SHR S  %CPU  %MEM     TIME+ COMMAND
   7539 sunny     20   0  614688  14336  11264 S  17.4   0.4   0:01.46 MovieHT+

top - 11:12:18 up 15:52,  1 user,  load average: 0.52, 0.11, 0.10
Tasks:   1 total,   0 running,   1 sleeping,   0 stopped,   0 zombie
%Cpu(s):  3.6 us,  3.8 sy,  0.0 ni, 78.6 id, 11.3 wa,  0.0 hi,  2.7 si,  0.0 st 
MiB Mem :   3532.2 total,   2523.6 free,    859.8 used,    234.7 buff/cache     
MiB Swap:   1024.0 total,   1024.0 free,      0.0 used.   2672.4 avail Mem 

    PID USER      PR  NI    VIRT    RES    SHR S  %CPU  %MEM     TIME+ COMMAND
   7539 sunny     20   0  614688  14464  11264 S  17.6   0.4   0:02.34 MovieHT+

top - 11:12:23 up 15:52,  1 user,  load average: 0.88, 0.20, 0.13
Tasks:   1 total,   0 running,   1 sleeping,   0 stopped,   0 zombie
%Cpu(s):  3.6 us,  3.7 sy,  0.0 ni, 78.6 id, 11.2 wa,  0.0 hi,  2.9 si,  0.0 st 
MiB Mem :   3532.2 total,   2515.5 free,    859.3 used,    243.5 buff/cache     
MiB Swap:   1024.0 total,   1024.0 free,      0.0 used.   2673.0 avail Mem 

    PID USER      PR  NI    VIRT    RES    SHR S  %CPU  %MEM     TIME+ COMMAND
   7539 sunny     20   0  614688  14464  11264 S  18.2   0.4   0:03.25 MovieHT+

top - 11:12:28 up 15:52,  1 user,  load average: 1.05, 0.24, 0.15
Tasks:   1 total,   0 running,   1 sleeping,   0 stopped,   0 zombie
%Cpu(s):  3.5 us,  3.7 sy,  0.0 ni, 78.7 id, 11.5 wa,  0.0 hi,  2.6 si,  0.0 st 
MiB Mem :   3532.2 total,   2506.8 free,    859.5 used,    252.0 buff/cache     
MiB Swap:   1024.0 total,   1024.0 free,      0.0 used.   2672.8 avail Mem 

    PID USER      PR  NI    VIRT    RES    SHR S  %CPU  %MEM     TIME+ COMMAND
   7539 sunny     20   0  614688  14464  11264 S  18.0   0.4   0:04.15 MovieHT+

top - 11:12:33 up 15:52,  1 user,  load average: 1.13, 0.27, 0.16
Tasks:   1 total,   0 running,   1 sleeping,   0 stopped,   0 zombie
%Cpu(s):  3.8 us,  3.9 sy,  0.0 ni, 78.5 id, 11.3 wa,  0.0 hi,  2.6 si,  0.0 st 
MiB Mem :   3532.2 total,   2498.0 free,    860.2 used,    260.2 buff/cache     
MiB Swap:   1024.0 total,   1024.0 free,      0.0 used.   2672.0 avail Mem 

    PID USER      PR  NI    VIRT    RES    SHR S  %CPU  %MEM     TIME+ COMMAND
   7539 sunny     20   0  614688  14464  11264 S  18.0   0.4   0:05.05 MovieHT+

top - 11:12:38 up 15:52,  1 user,  load average: 1.36, 0.33, 0.18
Tasks:   1 total,   0 running,   1 sleeping,   0 stopped,   0 zombie
%Cpu(s):  2.8 us,  2.9 sy,  0.0 ni, 79.5 id, 12.9 wa,  0.0 hi,  1.9 si,  0.0 st 
MiB Mem :   3532.2 total,   2491.6 free,    860.4 used,    266.5 buff/cache     
MiB Swap:   1024.0 total,   1024.0 free,      0.0 used.   2671.8 avail Mem 

    PID USER      PR  NI    VIRT    RES    SHR S  %CPU  %MEM     TIME+ COMMAND
   7539 sunny     20   0  614688  14464  11264 S  13.0   0.4   0:05.70 MovieHT+

top - 11:12:43 up 15:53,  1 user,  load average: 1.57, 0.40, 0.20
Tasks:   1 total,   0 running,   1 sleeping,   0 stopped,   0 zombie
%Cpu(s):  0.8 us,  1.1 sy,  0.0 ni, 82.7 id, 14.7 wa,  0.0 hi,  0.7 si,  0.0 st 
MiB Mem :   3532.2 total,   2489.9 free,    860.6 used,    268.1 buff/cache     
MiB Swap:   1024.0 total,   1024.0 free,      0.0 used.   2671.6 avail Mem 

    PID USER      PR  NI    VIRT    RES    SHR S  %CPU  %MEM     TIME+ COMMAND
   7539 sunny     20   0  614688  14464  11264 S   3.4   0.4   0:05.87 MovieHT+

top - 11:12:48 up 15:53,  1 user,  load average: 1.77, 0.46, 0.22
Tasks:   1 total,   0 running,   1 sleeping,   0 stopped,   0 zombie
%Cpu(s):  3.5 us,  4.2 sy,  0.0 ni, 78.2 id, 11.2 wa,  0.0 hi,  2.9 si,  0.0 st 
MiB Mem :   3532.2 total,   2481.7 free,    861.5 used,    275.5 buff/cache     
MiB Swap:   1024.0 total,   1024.0 free,      0.0 used.   2670.8 avail Mem 

    PID USER      PR  NI    VIRT    RES    SHR S  %CPU  %MEM     TIME+ COMMAND
   7539 sunny     20   0  614688  14464  11264 S  19.4   0.4   0:06.84 MovieHT+

top - 11:12:53 up 15:53,  1 user,  load average: 1.78, 0.48, 0.23
Tasks:   1 total,   0 running,   1 sleeping,   0 stopped,   0 zombie
%Cpu(s):  3.5 us,  4.1 sy,  0.0 ni, 78.6 id, 11.2 wa,  0.0 hi,  2.6 si,  0.0 st 
MiB Mem :   3532.2 total,   2474.4 free,    860.9 used,    283.4 buff/cache     
MiB Swap:   1024.0 total,   1024.0 free,      0.0 used.   2671.3 avail Mem 

    PID USER      PR  NI    VIRT    RES    SHR S  %CPU  %MEM     TIME+ COMMAND
   7539 sunny     20   0  614688  14464  11264 S  18.4   0.4   0:07.76 MovieHT+

top - 11:12:58 up 15:53,  1 user,  load average: 1.80, 0.51, 0.24
Tasks:   1 total,   0 running,   1 sleeping,   0 stopped,   0 zombie
%Cpu(s):  3.6 us,  3.7 sy,  0.0 ni, 78.3 id, 11.4 wa,  0.0 hi,  3.0 si,  0.0 st 
MiB Mem :   3532.2 total,   2466.0 free,    861.2 used,    291.6 buff/cache     
MiB Swap:   1024.0 total,   1024.0 free,      0.0 used.   2671.1 avail Mem 

    PID USER      PR  NI    VIRT    RES    SHR S  %CPU  %MEM     TIME+ COMMAND
   7539 sunny     20   0  614688  14464  11264 S  18.2   0.4   0:08.67 MovieHT+

top - 11:13:03 up 15:53,  1 user,  load average: 1.74, 0.52, 0.24
Tasks:   1 total,   0 running,   1 sleeping,   0 stopped,   0 zombie
%Cpu(s):  3.5 us,  3.8 sy,  0.0 ni, 79.0 id, 11.2 wa,  0.0 hi,  2.4 si,  0.0 st 
MiB Mem :   3532.2 total,   2457.6 free,    861.2 used,    300.0 buff/cache     
MiB Swap:   1024.0 total,   1024.0 free,      0.0 used.   2671.0 avail Mem 

    PID USER      PR  NI    VIRT    RES    SHR S  %CPU  %MEM     TIME+ COMMAND
   7539 sunny     20   0  614688  14464  11264 S  18.2   0.4   0:09.58 MovieHT+

top - 11:13:08 up 15:53,  1 user,  load average: 1.76, 0.54, 0.25
Tasks:   1 total,   0 running,   1 sleeping,   0 stopped,   0 zombie
%Cpu(s):  3.7 us,  3.9 sy,  0.0 ni, 78.5 id, 11.2 wa,  0.0 hi,  2.8 si,  0.0 st 
MiB Mem :   3532.2 total,   2448.8 free,    862.5 used,    307.8 buff/cache     
MiB Swap:   1024.0 total,   1024.0 free,      0.0 used.   2669.8 avail Mem 

    PID USER      PR  NI    VIRT    RES    SHR S  %CPU  %MEM     TIME+ COMMAND
   7539 sunny     20   0  614688  14464  11264 S  18.2   0.4   0:10.49 MovieHT+

top - 11:13:13 up 15:53,  1 user,  load average: 1.86, 0.58, 0.27
Tasks:   1 total,   0 running,   1 sleeping,   0 stopped,   0 zombie
%Cpu(s):  3.7 us,  4.0 sy,  0.0 ni, 78.4 id, 11.4 wa,  0.0 hi,  2.6 si,  0.0 st 
MiB Mem :   3532.2 total,   2441.4 free,    861.8 used,    315.9 buff/cache     
MiB Swap:   1024.0 total,   1024.0 free,      0.0 used.   2670.4 avail Mem 

    PID USER      PR  NI    VIRT    RES    SHR S  %CPU  %MEM     TIME+ COMMAND
   7539 sunny     20   0  614688  14464  11264 S  18.4   0.4   0:11.41 MovieHT+

top - 11:13:18 up 15:53,  1 user,  load average: 1.87, 0.60, 0.28
Tasks:   1 total,   0 running,   1 sleeping,   0 stopped,   0 zombie
%Cpu(s):  3.5 us,  3.8 sy,  0.0 ni, 78.9 id, 11.3 wa,  0.0 hi,  2.5 si,  0.0 st 
MiB Mem :   3532.2 total,   2432.8 free,    862.5 used,    324.0 buff/cache     
MiB Swap:   1024.0 total,   1024.0 free,      0.0 used.   2669.8 avail Mem 

    PID USER      PR  NI    VIRT    RES    SHR S  %CPU  %MEM     TIME+ COMMAND
   7539 sunny     20   0  614688  14464  11264 S  17.6   0.4   0:12.29 MovieHT+

top - 11:13:23 up 15:53,  1 user,  load average: 1.96, 0.64, 0.29
Tasks:   1 total,   0 running,   1 sleeping,   0 stopped,   0 zombie
%Cpu(s):  3.8 us,  4.0 sy,  0.0 ni, 78.5 id, 11.2 wa,  0.0 hi,  2.5 si,  0.0 st 
MiB Mem :   3532.2 total,   2424.9 free,    862.4 used,    332.0 buff/cache     
MiB Swap:   1024.0 total,   1024.0 free,      0.0 used.   2669.8 avail Mem 

    PID USER      PR  NI    VIRT    RES    SHR S  %CPU  %MEM     TIME+ COMMAND
   7539 sunny     20   0  614688  14464  11264 S  18.2   0.4   0:13.20 MovieHT+

top - 11:13:28 up 15:53,  1 user,  load average: 1.96, 0.67, 0.30
Tasks:   1 total,   0 running,   1 sleeping,   0 stopped,   0 zombie
%Cpu(s):  3.5 us,  3.9 sy,  0.0 ni, 78.4 id, 11.4 wa,  0.0 hi,  2.8 si,  0.0 st 
MiB Mem :   3532.2 total,   2416.8 free,    862.7 used,    339.9 buff/cache     
MiB Swap:   1024.0 total,   1024.0 free,      0.0 used.   2669.6 avail Mem 

    PID USER      PR  NI    VIRT    RES    SHR S  %CPU  %MEM     TIME+ COMMAND
   7539 sunny     20   0  614688  14464  11264 S  17.4   0.4   0:14.07 MovieHT+

top - 11:13:33 up 15:53,  1 user,  load average: 1.97, 0.69, 0.31
Tasks:   1 total,   0 running,   1 sleeping,   0 stopped,   0 zombie
%Cpu(s):  3.6 us,  4.0 sy,  0.0 ni, 78.4 id, 11.4 wa,  0.0 hi,  2.6 si,  0.0 st 
MiB Mem :   3532.2 total,   2408.7 free,    862.8 used,    348.0 buff/cache     
MiB Swap:   1024.0 total,   1024.0 free,      0.0 used.   2669.4 avail Mem 

    PID USER      PR  NI    VIRT    RES    SHR S  %CPU  %MEM     TIME+ COMMAND
   7539 sunny     20   0  614688  14464  11264 S  18.0   0.4   0:14.97 MovieHT+

top - 11:13:38 up 15:53,  1 user,  load average: 1.97, 0.71, 0.32
Tasks:   1 total,   0 running,   1 sleeping,   0 stopped,   0 zombie
%Cpu(s):  3.5 us,  3.9 sy,  0.0 ni, 78.7 id, 11.2 wa,  0.0 hi,  2.8 si,  0.0 st 
MiB Mem :   3532.2 total,   2400.3 free,    863.3 used,    356.1 buff/cache     
MiB Swap:   1024.0 total,   1024.0 free,      0.0 used.   2669.0 avail Mem 

    PID USER      PR  NI    VIRT    RES    SHR S  %CPU  %MEM     TIME+ COMMAND
   7539 sunny     20   0  614688  14464  11264 S  17.8   0.4   0:15.86 MovieHT+

top - 11:13:43 up 15:54,  1 user,  load average: 2.05, 0.75, 0.33
Tasks:   1 total,   0 running,   1 sleeping,   0 stopped,   0 zombie
%Cpu(s):  3.2 us,  3.7 sy,  0.0 ni, 79.0 id, 11.2 wa,  0.0 hi,  2.8 si,  0.0 st 
MiB Mem :   3532.2 total,   2392.2 free,    863.7 used,    363.9 buff/cache     
MiB Swap:   1024.0 total,   1024.0 free,      0.0 used.   2668.5 avail Mem 

    PID USER      PR  NI    VIRT    RES    SHR S  %CPU  %MEM     TIME+ COMMAND
   7539 sunny     20   0  614688  14464  11264 S  17.4   0.4   0:16.73 MovieHT+

top - 11:13:48 up 15:54,  1 user,  load average: 2.13, 0.79, 0.35
Tasks:   1 total,   0 running,   1 sleeping,   0 stopped,   0 zombie
%Cpu(s):  3.4 us,  3.7 sy,  0.0 ni, 79.1 id, 11.1 wa,  0.0 hi,  2.6 si,  0.0 st 
MiB Mem :   3532.2 total,   2384.1 free,    863.9 used,    371.9 buff/cache     
MiB Swap:   1024.0 total,   1024.0 free,      0.0 used.   2668.3 avail Mem 

    PID USER      PR  NI    VIRT    RES    SHR S  %CPU  %MEM     TIME+ COMMAND
   7539 sunny     20   0  614688  14464  11264 S  17.2   0.4   0:17.59 MovieHT+

top - 11:13:53 up 15:54,  1 user,  load average: 2.12, 0.81, 0.36
Tasks:   1 total,   0 running,   1 sleeping,   0 stopped,   0 zombie
%Cpu(s):  3.7 us,  3.8 sy,  0.0 ni, 78.6 id, 11.2 wa,  0.0 hi,  2.6 si,  0.0 st 
MiB Mem :   3532.2 total,   2376.2 free,    863.6 used,    380.1 buff/cache     
MiB Swap:   1024.0 total,   1024.0 free,      0.0 used.   2668.6 avail Mem 

    PID USER      PR  NI    VIRT    RES    SHR S  %CPU  %MEM     TIME+ COMMAND
   7539 sunny     20   0  614688  14464  11264 S  18.2   0.4   0:18.50 MovieHT+

top - 11:13:58 up 15:54,  1 user,  load average: 2.19, 0.85, 0.37
Tasks:   1 total,   0 running,   1 sleeping,   0 stopped,   0 zombie
%Cpu(s):  3.4 us,  3.9 sy,  0.0 ni, 78.8 id, 11.1 wa,  0.0 hi,  2.7 si,  0.0 st 
MiB Mem :   3532.2 total,   2368.1 free,    863.9 used,    388.0 buff/cache     
MiB Swap:   1024.0 total,   1024.0 free,      0.0 used.   2668.3 avail Mem 

    PID USER      PR  NI    VIRT    RES    SHR S  %CPU  %MEM     TIME+ COMMAND
   7539 sunny     20   0  614688  14464  11264 S  18.2   0.4   0:19.41 MovieHT+

top - 11:14:03 up 15:54,  1 user,  load average: 2.17, 0.86, 0.38
Tasks:   1 total,   0 running,   1 sleeping,   0 stopped,   0 zombie
%Cpu(s):  3.8 us,  4.0 sy,  0.0 ni, 78.5 id, 11.3 wa,  0.0 hi,  2.5 si,  0.0 st 
MiB Mem :   3532.2 total,   2357.8 free,    865.1 used,    397.3 buff/cache     
MiB Swap:   1024.0 total,   1024.0 free,      0.0 used.   2667.2 avail Mem 

    PID USER      PR  NI    VIRT    RES    SHR S  %CPU  %MEM     TIME+ COMMAND
   7539 sunny     20   0  614688  14464  11264 S  17.8   0.4   0:20.30 MovieHT+

top - 11:14:08 up 15:54,  1 user,  load average: 2.24, 0.90, 0.40
Tasks:   1 total,   0 running,   1 sleeping,   0 stopped,   0 zombie
%Cpu(s):  3.5 us,  4.1 sy,  0.0 ni, 78.7 id, 11.3 wa,  0.0 hi,  2.4 si,  0.0 st 
MiB Mem :   3532.2 total,   2349.2 free,    865.7 used,    405.4 buff/cache     
MiB Swap:   1024.0 total,   1024.0 free,      0.0 used.   2666.5 avail Mem 

    PID USER      PR  NI    VIRT    RES    SHR S  %CPU  %MEM     TIME+ COMMAND
   7539 sunny     20   0  614688  14464  11264 S  17.6   0.4   0:21.18 MovieHT+

top - 11:14:13 up 15:54,  1 user,  load average: 2.22, 0.92, 0.41
Tasks:   1 total,   0 running,   1 sleeping,   0 stopped,   0 zombie
%Cpu(s):  3.4 us,  3.9 sy,  0.0 ni, 78.8 id, 11.4 wa,  0.0 hi,  2.5 si,  0.0 st 
MiB Mem :   3532.2 total,   2341.8 free,    865.3 used,    413.3 buff/cache     
MiB Swap:   1024.0 total,   1024.0 free,      0.0 used.   2666.9 avail Mem 

    PID USER      PR  NI    VIRT    RES    SHR S  %CPU  %MEM     TIME+ COMMAND
   7539 sunny     20   0  614688  14464  11264 S  17.4   0.4   0:22.05 MovieHT+

top - 11:14:18 up 15:54,  1 user,  load average: 2.20, 0.94, 0.41
Tasks:   1 total,   0 running,   1 sleeping,   0 stopped,   0 zombie
%Cpu(s):  2.8 us,  3.1 sy,  0.0 ni, 79.9 id, 12.2 wa,  0.0 hi,  2.0 si,  0.0 st 
MiB Mem :   3532.2 total,   2337.1 free,    865.4 used,    418.0 buff/cache     
MiB Swap:   1024.0 total,   1024.0 free,      0.0 used.   2666.9 avail Mem 

    PID USER      PR  NI    VIRT    RES    SHR S  %CPU  %MEM     TIME+ COMMAND
   7539 sunny     20   0  614688  14464  11264 S  12.6   0.4   0:22.68 MovieHT+

top - 11:14:23 up 15:54,  1 user,  load average: 2.19, 0.95, 0.42
Tasks:   1 total,   0 running,   1 sleeping,   0 stopped,   0 zombie
%Cpu(s):  3.4 us,  3.9 sy,  0.0 ni, 78.2 id, 11.3 wa,  0.0 hi,  3.2 si,  0.0 st 
MiB Mem :   3532.2 total,   2328.8 free,    865.7 used,    426.0 buff/cache     
MiB Swap:   1024.0 total,   1024.0 free,      0.0 used.   2666.5 avail Mem 

    PID USER      PR  NI    VIRT    RES    SHR S  %CPU  %MEM     TIME+ COMMAND
   7539 sunny     20   0  614688  14464  11264 S  18.2   0.4   0:23.59 MovieHT+

top - 11:14:28 up 15:54,  1 user,  load average: 2.33, 1.01, 0.44
Tasks:   1 total,   0 running,   1 sleeping,   0 stopped,   0 zombie
%Cpu(s):  3.7 us,  3.8 sy,  0.0 ni, 78.8 id, 11.1 wa,  0.0 hi,  2.7 si,  0.0 st 
MiB Mem :   3532.2 total,   2320.9 free,    865.8 used,    434.0 buff/cache     
MiB Swap:   1024.0 total,   1024.0 free,      0.0 used.   2666.4 avail Mem 

    PID USER      PR  NI    VIRT    RES    SHR S  %CPU  %MEM     TIME+ COMMAND
   7539 sunny     20   0  614688  14464  11264 S  17.8   0.4   0:24.48 MovieHT+

top - 11:14:33 up 15:54,  1 user,  load average: 2.30, 1.02, 0.45
Tasks:   1 total,   0 running,   1 sleeping,   0 stopped,   0 zombie
%Cpu(s):  3.3 us,  3.8 sy,  0.0 ni, 79.4 id, 11.3 wa,  0.0 hi,  2.1 si,  0.0 st 
MiB Mem :   3532.2 total,   2312.5 free,    866.1 used,    442.1 buff/cache     
MiB Swap:   1024.0 total,   1024.0 free,      0.0 used.   2666.1 avail Mem 

    PID USER      PR  NI    VIRT    RES    SHR S  %CPU  %MEM     TIME+ COMMAND
   7539 sunny     20   0  614688  14464  11264 S  17.6   0.4   0:25.36 MovieHT+

top - 11:14:38 up 15:54,  1 user,  load average: 2.36, 1.06, 0.47
Tasks:   1 total,   0 running,   1 sleeping,   0 stopped,   0 zombie
%Cpu(s):  3.7 us,  3.9 sy,  0.0 ni, 78.6 id, 11.3 wa,  0.0 hi,  2.5 si,  0.0 st 
MiB Mem :   3532.2 total,   2304.6 free,    866.0 used,    450.3 buff/cache     
MiB Swap:   1024.0 total,   1024.0 free,      0.0 used.   2666.2 avail Mem 

    PID USER      PR  NI    VIRT    RES    SHR S  %CPU  %MEM     TIME+ COMMAND
   7539 sunny     20   0  614688  14464  11264 S  17.8   0.4   0:26.25 MovieHT+

top - 11:14:43 up 15:55,  1 user,  load average: 2.49, 1.10, 0.48
Tasks:   1 total,   0 running,   1 sleeping,   0 stopped,   0 zombie
%Cpu(s):  3.5 us,  4.1 sy,  0.0 ni, 78.7 id, 11.2 wa,  0.0 hi,  2.5 si,  0.0 st 
MiB Mem :   3532.2 total,   2295.6 free,    867.3 used,    458.2 buff/cache     
MiB Swap:   1024.0 total,   1024.0 free,      0.0 used.   2664.9 avail Mem 

    PID USER      PR  NI    VIRT    RES    SHR S  %CPU  %MEM     TIME+ COMMAND
   7539 sunny     20   0  614688  14464  11264 S  18.6   0.4   0:27.18 MovieHT+

top - 11:14:48 up 15:55,  1 user,  load average: 2.53, 1.14, 0.50
Tasks:   1 total,   0 running,   1 sleeping,   0 stopped,   0 zombie
%Cpu(s):  3.7 us,  3.7 sy,  0.0 ni, 78.8 id, 11.2 wa,  0.0 hi,  2.7 si,  0.0 st 
MiB Mem :   3532.2 total,   2287.7 free,    867.2 used,    466.4 buff/cache     
MiB Swap:   1024.0 total,   1024.0 free,      0.0 used.   2665.0 avail Mem 

    PID USER      PR  NI    VIRT    RES    SHR S  %CPU  %MEM     TIME+ COMMAND
   7539 sunny     20   0  614688  14464  11264 S  17.4   0.4   0:28.05 MovieHT+

top - 11:14:53 up 15:55,  1 user,  load average: 2.65, 1.18, 0.52
Tasks:   1 total,   0 running,   1 sleeping,   0 stopped,   0 zombie
%Cpu(s):  3.5 us,  3.6 sy,  0.0 ni, 79.0 id, 11.3 wa,  0.0 hi,  2.6 si,  0.0 st 
MiB Mem :   3532.2 total,   2279.6 free,    867.1 used,    474.6 buff/cache     
MiB Swap:   1024.0 total,   1024.0 free,      0.0 used.   2665.1 avail Mem 

    PID USER      PR  NI    VIRT    RES    SHR S  %CPU  %MEM     TIME+ COMMAND
   7539 sunny     20   0  614688  14464  11264 S  17.2   0.4   0:28.91 MovieHT+

top - 11:14:58 up 15:55,  1 user,  load average: 2.60, 1.20, 0.53
Tasks:   1 total,   0 running,   1 sleeping,   0 stopped,   0 zombie
%Cpu(s):  3.4 us,  3.9 sy,  0.0 ni, 78.8 id, 11.2 wa,  0.0 hi,  2.7 si,  0.0 st 
MiB Mem :   3532.2 total,   2271.9 free,    867.1 used,    482.3 buff/cache     
MiB Swap:   1024.0 total,   1024.0 free,      0.0 used.   2665.1 avail Mem 

    PID USER      PR  NI    VIRT    RES    SHR S  %CPU  %MEM     TIME+ COMMAND
   7539 sunny     20   0  614688  14464  11264 S  17.6   0.4   0:29.79 MovieHT+

top - 11:15:03 up 15:55,  1 user,  load average: 2.47, 1.19, 0.53
Tasks:   1 total,   0 running,   1 sleeping,   0 stopped,   0 zombie
%Cpu(s):  3.5 us,  3.9 sy,  0.0 ni, 78.8 id, 11.2 wa,  0.0 hi,  2.5 si,  0.0 st 
MiB Mem :   3532.2 total,   2263.6 free,    867.3 used,    490.7 buff/cache     
MiB Swap:   1024.0 total,   1024.0 free,      0.0 used.   2665.0 avail Mem 

    PID USER      PR  NI    VIRT    RES    SHR S  %CPU  %MEM     TIME+ COMMAND
   7539 sunny     20   0  614688  14464  11264 S  17.8   0.4   0:30.68 MovieHT+

top - 11:15:08 up 15:55,  1 user,  load average: 2.51, 1.22, 0.54
Tasks:   1 total,   0 running,   1 sleeping,   0 stopped,   0 zombie
%Cpu(s):  3.4 us,  4.3 sy,  0.0 ni, 79.0 id, 11.0 wa,  0.0 hi,  2.3 si,  0.0 st 
MiB Mem :   3532.2 total,   2255.0 free,    868.0 used,    498.7 buff/cache     
MiB Swap:   1024.0 total,   1024.0 free,      0.0 used.   2664.2 avail Mem 

    PID USER      PR  NI    VIRT    RES    SHR S  %CPU  %MEM     TIME+ COMMAND
   7539 sunny     20   0  614688  14464  11264 S  18.0   0.4   0:31.58 MovieHT+

top - 11:15:13 up 15:55,  1 user,  load average: 2.71, 1.29, 0.57
Tasks:   1 total,   0 running,   1 sleeping,   0 stopped,   0 zombie
%Cpu(s):  3.6 us,  4.0 sy,  0.0 ni, 78.5 id, 11.2 wa,  0.0 hi,  2.7 si,  0.0 st 
MiB Mem :   3532.2 total,   2246.8 free,    868.1 used,    506.8 buff/cache     
MiB Swap:   1024.0 total,   1024.0 free,      0.0 used.   2664.1 avail Mem 

    PID USER      PR  NI    VIRT    RES    SHR S  %CPU  %MEM     TIME+ COMMAND
   7539 sunny     20   0  614688  14464  11264 S  17.8   0.4   0:32.47 MovieHT+

top - 11:15:18 up 15:55,  1 user,  load average: 2.65, 1.30, 0.57
Tasks:   1 total,   0 running,   1 sleeping,   0 stopped,   0 zombie
%Cpu(s):  3.7 us,  4.0 sy,  0.0 ni, 78.5 id, 11.2 wa,  0.0 hi,  2.7 si,  0.0 st 
MiB Mem :   3532.2 total,   2238.7 free,    868.2 used,    514.9 buff/cache     
MiB Swap:   1024.0 total,   1024.0 free,      0.0 used.   2664.0 avail Mem 

    PID USER      PR  NI    VIRT    RES    SHR S  %CPU  %MEM     TIME+ COMMAND
   7539 sunny     20   0  614688  14464  11264 S  18.2   0.4   0:33.38 MovieHT+

top - 11:15:23 up 15:55,  1 user,  load average: 2.60, 1.31, 0.58
Tasks:   1 total,   0 running,   1 sleeping,   0 stopped,   0 zombie
%Cpu(s):  3.6 us,  4.0 sy,  0.0 ni, 78.5 id, 11.3 wa,  0.0 hi,  2.6 si,  0.0 st 
MiB Mem :   3532.2 total,   2230.4 free,    868.6 used,    523.0 buff/cache     
MiB Swap:   1024.0 total,   1024.0 free,      0.0 used.   2663.6 avail Mem 

    PID USER      PR  NI    VIRT    RES    SHR S  %CPU  %MEM     TIME+ COMMAND
   7539 sunny     20   0  614688  14464  11264 S  17.8   0.4   0:34.27 MovieHT+

top - 11:15:28 up 15:55,  1 user,  load average: 2.55, 1.32, 0.59
Tasks:   1 total,   0 running,   1 sleeping,   0 stopped,   0 zombie
%Cpu(s):  3.6 us,  4.3 sy,  0.0 ni, 78.1 id, 11.2 wa,  0.0 hi,  2.9 si,  0.0 st 
MiB Mem :   3532.2 total,   2222.7 free,    868.5 used,    531.1 buff/cache     
MiB Swap:   1024.0 total,   1024.0 free,      0.0 used.   2663.8 avail Mem 

    PID USER      PR  NI    VIRT    RES    SHR S  %CPU  %MEM     TIME+ COMMAND
   7539 sunny     20   0  614688  14464  11264 S  18.2   0.4   0:35.18 MovieHT+

top - 11:15:33 up 15:55,  1 user,  load average: 2.75, 1.38, 0.61
Tasks:   1 total,   0 running,   1 sleeping,   0 stopped,   0 zombie
%Cpu(s):  3.4 us,  4.0 sy,  0.0 ni, 78.5 id, 11.4 wa,  0.0 hi,  2.7 si,  0.0 st 
MiB Mem :   3532.2 total,   2214.6 free,    868.5 used,    539.1 buff/cache     
MiB Swap:   1024.0 total,   1024.0 free,      0.0 used.   2663.7 avail Mem 

    PID USER      PR  NI    VIRT    RES    SHR S  %CPU  %MEM     TIME+ COMMAND
   7539 sunny     20   0  614688  14464  11264 S  17.8   0.4   0:36.07 MovieHT+

top - 11:15:38 up 15:55,  1 user,  load average: 2.77, 1.41, 0.63
Tasks:   1 total,   0 running,   1 sleeping,   0 stopped,   0 zombie
%Cpu(s):  3.5 us,  3.5 sy,  0.0 ni, 79.2 id, 11.2 wa,  0.0 hi,  2.6 si,  0.0 st 
MiB Mem :   3532.2 total,   2206.7 free,    868.4 used,    547.2 buff/cache     
MiB Swap:   1024.0 total,   1024.0 free,      0.0 used.   2663.8 avail Mem 

    PID USER      PR  NI    VIRT    RES    SHR S  %CPU  %MEM     TIME+ COMMAND
   7539 sunny     20   0  614688  14464  11264 S  17.6   0.4   0:36.95 MovieHT+

top - 11:15:43 up 15:56,  1 user,  load average: 2.71, 1.42, 0.63
Tasks:   1 total,   0 running,   1 sleeping,   0 stopped,   0 zombie
%Cpu(s):  3.6 us,  4.0 sy,  0.0 ni, 78.7 id, 11.3 wa,  0.0 hi,  2.3 si,  0.0 st 
MiB Mem :   3532.2 total,   2198.4 free,    868.8 used,    555.3 buff/cache     
MiB Swap:   1024.0 total,   1024.0 free,      0.0 used.   2663.4 avail Mem 

    PID USER      PR  NI    VIRT    RES    SHR S  %CPU  %MEM     TIME+ COMMAND
   7539 sunny     20   0  614688  14464  11264 S  17.6   0.4   0:37.83 MovieHT+

top - 11:15:48 up 15:56,  1 user,  load average: 2.65, 1.43, 0.64
Tasks:   1 total,   0 running,   1 sleeping,   0 stopped,   0 zombie
%Cpu(s):  3.8 us,  3.8 sy,  0.0 ni, 78.7 id, 11.3 wa,  0.0 hi,  2.3 si,  0.0 st 
MiB Mem :   3532.2 total,   2190.5 free,    868.9 used,    563.1 buff/cache     
MiB Swap:   1024.0 total,   1024.0 free,      0.0 used.   2663.3 avail Mem 

    PID USER      PR  NI    VIRT    RES    SHR S  %CPU  %MEM     TIME+ COMMAND
   7539 sunny     20   0  614688  14464  11264 S  17.8   0.4   0:38.72 MovieHT+

top - 11:15:53 up 15:56,  1 user,  load average: 2.76, 1.47, 0.66
Tasks:   1 total,   0 running,   1 sleeping,   0 stopped,   0 zombie
%Cpu(s):  3.5 us,  4.2 sy,  0.0 ni, 78.5 id, 11.2 wa,  0.0 hi,  2.6 si,  0.0 st 
MiB Mem :   3532.2 total,   2182.1 free,    868.9 used,    571.6 buff/cache     
MiB Swap:   1024.0 total,   1024.0 free,      0.0 used.   2663.3 avail Mem 

    PID USER      PR  NI    VIRT    RES    SHR S  %CPU  %MEM     TIME+ COMMAND
   7539 sunny     20   0  614688  14464  11264 S  18.2   0.4   0:39.63 MovieHT+

top - 11:15:58 up 15:56,  1 user,  load average: 2.70, 1.48, 0.67
Tasks:   1 total,   0 running,   1 sleeping,   0 stopped,   0 zombie
%Cpu(s):  3.5 us,  3.8 sy,  0.0 ni, 78.9 id, 11.3 wa,  0.0 hi,  2.5 si,  0.0 st 
MiB Mem :   3532.2 total,   2174.2 free,    869.2 used,    579.4 buff/cache     
MiB Swap:   1024.0 total,   1024.0 free,      0.0 used.   2663.1 avail Mem 

    PID USER      PR  NI    VIRT    RES    SHR S  %CPU  %MEM     TIME+ COMMAND
   7539 sunny     20   0  614688  14464  11264 S  18.2   0.4   0:40.54 MovieHT+

top - 11:16:03 up 15:56,  1 user,  load average: 2.88, 1.54, 0.69
Tasks:   1 total,   0 running,   1 sleeping,   0 stopped,   0 zombie
%Cpu(s):  3.3 us,  4.1 sy,  0.0 ni, 78.8 id, 11.2 wa,  0.0 hi,  2.7 si,  0.0 st 
MiB Mem :   3532.2 total,   2165.9 free,    869.5 used,    587.5 buff/cache     
MiB Swap:   1024.0 total,   1024.0 free,      0.0 used.   2662.8 avail Mem 

    PID USER      PR  NI    VIRT    RES    SHR S  %CPU  %MEM     TIME+ COMMAND
   7539 sunny     20   0  614688  14464  11264 S  18.0   0.4   0:41.44 MovieHT+

top - 11:16:08 up 15:56,  1 user,  load average: 2.89, 1.57, 0.70
Tasks:   1 total,   0 running,   1 sleeping,   0 stopped,   0 zombie
%Cpu(s):  3.5 us,  3.8 sy,  0.0 ni, 78.7 id, 11.3 wa,  0.0 hi,  2.7 si,  0.0 st 
MiB Mem :   3532.2 total,   2157.0 free,    870.4 used,    595.6 buff/cache     
MiB Swap:   1024.0 total,   1024.0 free,      0.0 used.   2661.8 avail Mem 

    PID USER      PR  NI    VIRT    RES    SHR S  %CPU  %MEM     TIME+ COMMAND
   7539 sunny     20   0  614688  14464  11264 S  17.6   0.4   0:42.32 MovieHT+

top - 11:16:13 up 15:56,  1 user,  load average: 2.82, 1.57, 0.71
Tasks:   1 total,   0 running,   1 sleeping,   0 stopped,   0 zombie
%Cpu(s):  3.6 us,  3.9 sy,  0.0 ni, 78.7 id, 11.2 wa,  0.0 hi,  2.6 si,  0.0 st 
MiB Mem :   3532.2 total,   2149.9 free,    869.8 used,    603.5 buff/cache     
MiB Swap:   1024.0 total,   1024.0 free,      0.0 used.   2662.4 avail Mem 

    PID USER      PR  NI    VIRT    RES    SHR S  %CPU  %MEM     TIME+ COMMAND
   7539 sunny     20   0  614688  14464  11264 S  18.4   0.4   0:43.24 MovieHT+

top - 11:16:18 up 15:56,  1 user,  load average: 2.75, 1.58, 0.72
Tasks:   1 total,   0 running,   1 sleeping,   0 stopped,   0 zombie
%Cpu(s):  3.5 us,  4.1 sy,  0.0 ni, 78.7 id, 11.2 wa,  0.0 hi,  2.5 si,  0.0 st 
MiB Mem :   3532.2 total,   2141.5 free,    870.3 used,    611.4 buff/cache     
MiB Swap:   1024.0 total,   1024.0 free,      0.0 used.   2661.9 avail Mem 

    PID USER      PR  NI    VIRT    RES    SHR S  %CPU  %MEM     TIME+ COMMAND
   7539 sunny     20   0  614688  14464  11264 S  17.4   0.4   0:44.11 MovieHT+

top - 11:16:23 up 15:56,  1 user,  load average: 2.61, 1.57, 0.72
Tasks:   1 total,   0 running,   1 sleeping,   0 stopped,   0 zombie
%Cpu(s):  3.5 us,  3.6 sy,  0.0 ni, 79.1 id, 11.3 wa,  0.0 hi,  2.5 si,  0.0 st 
MiB Mem :   3532.2 total,   2132.2 free,    870.7 used,    620.5 buff/cache     
MiB Swap:   1024.0 total,   1024.0 free,      0.0 used.   2661.5 avail Mem 

    PID USER      PR  NI    VIRT    RES    SHR S  %CPU  %MEM     TIME+ COMMAND
   7539 sunny     20   0  614688  14464  11264 S  17.6   0.4   0:44.99 MovieHT+

top - 11:16:28 up 15:56,  1 user,  load average: 2.56, 1.58, 0.73
Tasks:   1 total,   0 running,   1 sleeping,   0 stopped,   0 zombie
%Cpu(s):  3.6 us,  4.0 sy,  0.0 ni, 78.5 id, 11.2 wa,  0.0 hi,  2.7 si,  0.0 st 
MiB Mem :   3532.2 total,   2123.8 free,    871.0 used,    628.7 buff/cache     
MiB Swap:   1024.0 total,   1024.0 free,      0.0 used.   2661.2 avail Mem 

    PID USER      PR  NI    VIRT    RES    SHR S  %CPU  %MEM     TIME+ COMMAND
   7539 sunny     20   0  614688  14464  11264 S  17.6   0.4   0:45.87 MovieHT+

top - 11:16:33 up 15:56,  1 user,  load average: 2.52, 1.59, 0.73
Tasks:   1 total,   0 running,   1 sleeping,   0 stopped,   0 zombie
%Cpu(s):  3.6 us,  3.9 sy,  0.0 ni, 78.6 id, 11.3 wa,  0.0 hi,  2.6 si,  0.0 st 
MiB Mem :   3532.2 total,   2115.4 free,    871.6 used,    636.8 buff/cache     
MiB Swap:   1024.0 total,   1024.0 free,      0.0 used.   2660.7 avail Mem 

    PID USER      PR  NI    VIRT    RES    SHR S  %CPU  %MEM     TIME+ COMMAND
   7539 sunny     20   0  614688  14464  11264 S  17.4   0.4   0:46.74 MovieHT+

top - 11:16:38 up 15:56,  1 user,  load average: 2.48, 1.59, 0.74
Tasks:   1 total,   0 running,   1 sleeping,   0 stopped,   0 zombie
%Cpu(s):  3.7 us,  3.8 sy,  0.0 ni, 78.5 id, 11.2 wa,  0.0 hi,  2.8 si,  0.0 st 
MiB Mem :   3532.2 total,   2107.3 free,    871.4 used,    645.0 buff/cache     
MiB Swap:   1024.0 total,   1024.0 free,      0.0 used.   2660.8 avail Mem 

    PID USER      PR  NI    VIRT    RES    SHR S  %CPU  %MEM     TIME+ COMMAND
   7539 sunny     20   0  614688  14464  11264 S  17.8   0.4   0:47.63 MovieHT+

top - 11:16:43 up 15:57,  1 user,  load average: 2.52, 1.62, 0.75
Tasks:   1 total,   0 running,   1 sleeping,   0 stopped,   0 zombie
%Cpu(s):  3.2 us,  4.1 sy,  0.0 ni, 78.7 id, 11.4 wa,  0.0 hi,  2.7 si,  0.0 st 
MiB Mem :   3532.2 total,   2099.0 free,    871.7 used,    653.2 buff/cache     
MiB Swap:   1024.0 total,   1024.0 free,      0.0 used.   2660.6 avail Mem 

    PID USER      PR  NI    VIRT    RES    SHR S  %CPU  %MEM     TIME+ COMMAND
   7539 sunny     20   0  614688  14464  11264 S  17.8   0.4   0:48.52 MovieHT+

top - 11:16:48 up 15:57,  1 user,  load average: 2.56, 1.64, 0.77
Tasks:   1 total,   0 running,   1 sleeping,   0 stopped,   0 zombie
%Cpu(s):  3.5 us,  4.2 sy,  0.0 ni, 78.3 id, 11.2 wa,  0.0 hi,  2.8 si,  0.0 st 
MiB Mem :   3532.2 total,   2091.1 free,    871.6 used,    661.2 buff/cache     
MiB Swap:   1024.0 total,   1024.0 free,      0.0 used.   2660.6 avail Mem 

    PID USER      PR  NI    VIRT    RES    SHR S  %CPU  %MEM     TIME+ COMMAND
   7539 sunny     20   0  614688  14464  11264 S  18.0   0.4   0:49.42 MovieHT+

top - 11:16:53 up 15:57,  1 user,  load average: 2.59, 1.66, 0.78
Tasks:   1 total,   0 running,   1 sleeping,   0 stopped,   0 zombie
%Cpu(s):  3.4 us,  4.0 sy,  0.0 ni, 78.3 id, 11.4 wa,  0.0 hi,  2.9 si,  0.0 st 
MiB Mem :   3532.2 total,   2082.7 free,    872.0 used,    669.3 buff/cache     
MiB Swap:   1024.0 total,   1024.0 free,      0.0 used.   2660.3 avail Mem 

    PID USER      PR  NI    VIRT    RES    SHR S  %CPU  %MEM     TIME+ COMMAND
   7539 sunny     20   0  614688  14464  11264 S  18.8   0.4   0:50.36 MovieHT+

top - 11:16:58 up 15:57,  1 user,  load average: 2.55, 1.67, 0.79
Tasks:   1 total,   0 running,   1 sleeping,   0 stopped,   0 zombie
%Cpu(s):  3.6 us,  3.5 sy,  0.0 ni, 78.5 id, 11.3 wa,  0.0 hi,  3.0 si,  0.0 st 
MiB Mem :   3532.2 total,   2075.1 free,    871.5 used,    677.6 buff/cache     
MiB Swap:   1024.0 total,   1024.0 free,      0.0 used.   2660.7 avail Mem 

    PID USER      PR  NI    VIRT    RES    SHR S  %CPU  %MEM     TIME+ COMMAND
   7539 sunny     20   0  614688  14464  11264 S  17.8   0.4   0:51.25 MovieHT+

top - 11:17:03 up 15:57,  1 user,  load average: 2.50, 1.67, 0.79
Tasks:   1 total,   0 running,   1 sleeping,   0 stopped,   0 zombie
%Cpu(s):  2.3 us,  3.0 sy,  0.0 ni, 80.6 id, 12.3 wa,  0.0 hi,  1.9 si,  0.0 st 
MiB Mem :   3532.2 total,   2069.5 free,    872.2 used,    682.5 buff/cache     
MiB Swap:   1024.0 total,   1024.0 free,      0.0 used.   2660.0 avail Mem 

    PID USER      PR  NI    VIRT    RES    SHR S  %CPU  %MEM     TIME+ COMMAND
   7539 sunny     20   0  614688  14464  11264 S  12.2   0.4   0:51.86 MovieHT+

top - 11:17:08 up 15:57,  1 user,  load average: 2.70, 1.73, 0.81
Tasks:   1 total,   0 running,   1 sleeping,   0 stopped,   0 zombie
%Cpu(s):  3.7 us,  4.3 sy,  0.0 ni, 77.9 id, 11.2 wa,  0.0 hi,  2.8 si,  0.0 st 
MiB Mem :   3532.2 total,   2061.3 free,    872.7 used,    690.1 buff/cache     
MiB Swap:   1024.0 total,   1024.0 free,      0.0 used.   2659.5 avail Mem 

    PID USER      PR  NI    VIRT    RES    SHR S  %CPU  %MEM     TIME+ COMMAND
   7539 sunny     20   0  614688  14464  11264 S  19.0   0.4   0:52.81 MovieHT+

top - 11:17:13 up 15:57,  1 user,  load average: 2.81, 1.77, 0.83
Tasks:   1 total,   0 running,   1 sleeping,   0 stopped,   0 zombie
%Cpu(s):  3.5 us,  3.9 sy,  0.0 ni, 78.8 id, 11.2 wa,  0.0 hi,  2.7 si,  0.0 st 
MiB Mem :   3532.2 total,   2053.2 free,    872.9 used,    698.3 buff/cache     
MiB Swap:   1024.0 total,   1024.0 free,      0.0 used.   2659.3 avail Mem 

    PID USER      PR  NI    VIRT    RES    SHR S  %CPU  %MEM     TIME+ COMMAND
   7539 sunny     20   0  614688  14464  11264 S  18.4   0.4   0:53.73 MovieHT+

top - 11:17:18 up 15:57,  1 user,  load average: 2.58, 1.74, 0.83
Tasks:   1 total,   0 running,   1 sleeping,   0 stopped,   0 zombie
%Cpu(s):  1.9 us,  2.1 sy,  0.0 ni, 88.4 id,  6.2 wa,  0.0 hi,  1.4 si,  0.0 st 
MiB Mem :   3532.2 total,   2048.1 free,    874.1 used,    702.3 buff/cache     
MiB Swap:   1024.0 total,   1024.0 free,      0.0 used.   2658.2 avail Mem 

    PID USER      PR  NI    VIRT    RES    SHR S  %CPU  %MEM     TIME+ COMMAND
   7539 sunny     20   0  614688  14464  11264 S   9.8   0.4   0:54.22 MovieHT+
