Linux 6.6.87.2-microsoft-standard-WSL2 (DESKTOP-RDGI8C0) 	11/22/25 	_x86_64_	(8 CPU)

02:06:38      UID       PID    %usr %system  %guest   %wait    %CPU   CPU  Command
02:06:43     1000      6467   22.60   11.80    0.00    8.80   34.40     1  MovieHTTPServer

02:06:38      UID       PID  minflt/s  majflt/s     VSZ     RSS   %MEM  Command
02:06:43     1000      6467   2626.20      1.80  614688   47332   1.31  MovieHTTPServer

02:06:38      UID       PID   kB_rd/s   kB_wr/s kB_ccwr/s iodelay  Command
02:06:43     1000      6467     14.40      0.00      0.00       0  MovieHTTPServer

02:06:43      UID       PID    %usr %system  %guest   %wait    %CPU   CPU  Command
02:06:48     1000      6467   40.40   55.60    0.00   42.20   96.00     1  MovieHTTPServer

02:06:43      UID       PID  minflt/s  majflt/s     VSZ     RSS   %MEM  Command
02:06:48     1000      6467      0.00      0.00  614688   47332   1.31  MovieHTTPServer

02:06:43      UID       PID   kB_rd/s   kB_wr/s kB_ccwr/s iodelay  Command
02:06:48     1000      6467      0.00      0.00      0.00       0  MovieHTTPServer

02:06:48      UID       PID    %usr %system  %guest   %wait    %CPU   CPU  Command
02:06:53     1000      6467   41.00   55.00    0.00   44.60   96.00     1  MovieHTTPServer

02:06:48      UID       PID  minflt/s  majflt/s     VSZ     RSS   %MEM  Command
02:06:53     1000      6467      0.00      0.00  614688   47332   1.31  MovieHTTPServer

02:06:48      UID       PID   kB_rd/s   kB_wr/s kB_ccwr/s iodelay  Command
02:06:53     1000      6467      0.00      0.00      0.00       0  MovieHTTPServer

02:06:53      UID       PID    %usr %system  %guest   %wait    %CPU   CPU  Command
02:06:57     1000      6467   42.80   53.40    0.00   43.00   96.20     1  MovieHTTPServer

02:06:53      UID       PID  minflt/s  majflt/s     VSZ     RSS   %MEM  Command
02:06:57     1000      6467      0.00      0.00  614688   47332   1.31  MovieHTTPServer

02:06:53      UID       PID   kB_rd/s   kB_wr/s kB_ccwr/s iodelay  Command
02:06:57     1000      6467      0.00      0.00      0.00       0  MovieHTTPServer

02:06:57      UID       PID    %usr %system  %guest   %wait    %CPU   CPU  Command
02:07:02     1000      6467   38.32   57.49    0.00   44.31   95.81     1  MovieHTTPServer

02:06:57      UID       PID  minflt/s  majflt/s     VSZ     RSS   %MEM  Command
02:07:02     1000      6467      0.00      0.00  614688   47332   1.31  MovieHTTPServer

02:06:57      UID       PID   kB_rd/s   kB_wr/s kB_ccwr/s iodelay  Command
02:07:02     1000      6467      0.00      0.00      0.00       0  MovieHTTPServer

02:07:02      UID       PID    %usr %system  %guest   %wait    %CPU   CPU  Command
02:07:07     1000      6467   40.40   55.80    0.00   43.40   96.20     1  MovieHTTPServer

02:07:02      UID       PID  minflt/s  majflt/s     VSZ     RSS   %MEM  Command
02:07:07     1000      6467      0.00      0.00  614688   47332   1.31  MovieHTTPServer

02:07:02      UID       PID   kB_rd/s   kB_wr/s kB_ccwr/s iodelay  Command
02:07:07     1000      6467      0.00      0.00      0.00       0  MovieHTTPServer

02:07:07      UID       PID    %usr %system  %guest   %wait    %CPU   CPU  Command
02:07:12     1000      6467   38.20   57.60    0.00   44.20   95.80     1  MovieHTTPServer

02:07:07      UID       PID  minflt/s  majflt/s     VSZ     RSS   %MEM  Command
02:07:12     1000      6467      0.00      0.00  614688   47332   1.31  MovieHTTPServer

02:07:07      UID       PID   kB_rd/s   kB_wr/s kB_ccwr/s iodelay  Command
02:07:12     1000      6467      0.00      0.00      0.00       0  MovieHTTPServer

02:07:12      UID       PID    %usr %system  %guest   %wait    %CPU   CPU  Command
02:07:17     1000      6467   41.00   55.00    0.00   44.40   96.00     1  MovieHTTPServer

02:07:12      UID       PID  minflt/s  majflt/s     VSZ     RSS   %MEM  Command
02:07:17     1000      6467      0.00      0.00  614688   47332   1.31  MovieHTTPServer

02:07:12      UID       PID   kB_rd/s   kB_wr/s kB_ccwr/s iodelay  Command
02:07:17     1000      6467      0.00      0.00      0.00       0  MovieHTTPServer

02:07:17      UID       PID    %usr %system  %guest   %wait    %CPU   CPU  Command
02:07:22     1000      6467   39.60   56.60    0.00   41.00   96.20     1  MovieHTTPServer

02:07:17      UID       PID  minflt/s  majflt/s     VSZ     RSS   %MEM  Command
02:07:22     1000      6467      0.00      0.00  614688   47332   1.31  MovieHTTPServer

02:07:17      UID       PID   kB_rd/s   kB_wr/s kB_ccwr/s iodelay  Command
02:07:22     1000      6467      0.00      0.00      0.00       0  MovieHTTPServer

02:07:22      UID       PID    %usr %system  %guest   %wait    %CPU   CPU  Command
02:07:27     1000      6467   40.80   55.20    0.00   42.40   96.00     1  MovieHTTPServer

02:07:22      UID       PID  minflt/s  majflt/s     VSZ     RSS   %MEM  Command
02:07:27     1000      6467      0.00      0.00  614688   47332   1.31  MovieHTTPServer

02:07:22      UID       PID   kB_rd/s   kB_wr/s kB_ccwr/s iodelay  Command
02:07:27     1000      6467      0.00      0.00      0.00       0  MovieHTTPServer

02:07:27      UID       PID    %usr %system  %guest   %wait    %CPU   CPU  Command
02:07:30     1000      6467   40.20   56.00    0.00   43.20   96.20     1  MovieHTTPServer

02:07:27      UID       PID  minflt/s  majflt/s     VSZ     RSS   %MEM  Command
02:07:30     1000      6467      0.00      0.00  614688   47332   1.31  MovieHTTPServer

02:07:27      UID       PID   kB_rd/s   kB_wr/s kB_ccwr/s iodelay  Command
02:07:30     1000      6467      0.00      0.00      0.00       0  MovieHTTPServer

02:07:30      UID       PID    %usr %system  %guest   %wait    %CPU   CPU  Command
02:07:35     1000      6467   37.20   58.80    0.00   42.80   96.00     1  MovieHTTPServer

02:07:30      UID       PID  minflt/s  majflt/s     VSZ     RSS   %MEM  Command
02:07:35     1000      6467      0.00      0.00  614688   47332   1.31  MovieHTTPServer

02:07:30      UID       PID   kB_rd/s   kB_wr/s kB_ccwr/s iodelay  Command
02:07:35     1000      6467      0.00      0.00      0.00       0  MovieHTTPServer

02:07:35      UID       PID    %usr %system  %guest   %wait    %CPU   CPU  Command
02:07:40     1000      6467   40.80   55.20    0.00   44.00   96.00     1  MovieHTTPServer

02:07:35      UID       PID  minflt/s  majflt/s     VSZ     RSS   %MEM  Command
02:07:40     1000      6467      0.00      0.00  614688   47332   1.31  MovieHTTPServer

02:07:35      UID       PID   kB_rd/s   kB_wr/s kB_ccwr/s iodelay  Command
02:07:40     1000      6467      0.00      0.00      0.00       0  MovieHTTPServer

02:07:40      UID       PID    %usr %system  %guest   %wait    %CPU   CPU  Command
02:07:45     1000      6467   38.80   57.00    0.00   45.80   95.80     1  MovieHTTPServer

02:07:40      UID       PID  minflt/s  majflt/s     VSZ     RSS   %MEM  Command
02:07:45     1000      6467      0.00      0.00  614688   47332   1.31  MovieHTTPServer

02:07:40      UID       PID   kB_rd/s   kB_wr/s kB_ccwr/s iodelay  Command
02:07:45     1000      6467      0.00      0.00      0.00       0  MovieHTTPServer

02:07:45      UID       PID    %usr %system  %guest   %wait    %CPU   CPU  Command
02:07:50     1000      6467   38.80   57.20    0.00   44.60   96.00     1  MovieHTTPServer

02:07:45      UID       PID  minflt/s  majflt/s     VSZ     RSS   %MEM  Command
02:07:50     1000      6467      0.00      0.00  614688   47332   1.31  MovieHTTPServer

02:07:45      UID       PID   kB_rd/s   kB_wr/s kB_ccwr/s iodelay  Command
02:07:50     1000      6467      0.00      0.00      0.00       0  MovieHTTPServer

02:07:50      UID       PID    %usr %system  %guest   %wait    %CPU   CPU  Command
02:07:55     1000      6467   41.00   55.00    0.00   43.20   96.00     1  MovieHTTPServer

02:07:50      UID       PID  minflt/s  majflt/s     VSZ     RSS   %MEM  Command
02:07:55     1000      6467      0.00      0.00  614688   47332   1.31  MovieHTTPServer

02:07:50      UID       PID   kB_rd/s   kB_wr/s kB_ccwr/s iodelay  Command
02:07:55     1000      6467      0.00      0.00      0.00       0  MovieHTTPServer

02:07:55      UID       PID    %usr %system  %guest   %wait    %CPU   CPU  Command
02:07:59     1000      6467   42.20   54.20    0.00   46.20   96.40     1  MovieHTTPServer

02:07:55      UID       PID  minflt/s  majflt/s     VSZ     RSS   %MEM  Command
02:07:59     1000      6467      0.00      0.00  614688   47332   1.31  MovieHTTPServer

02:07:55      UID       PID   kB_rd/s   kB_wr/s kB_ccwr/s iodelay  Command
02:07:59     1000      6467      0.00      0.00      0.00       0  MovieHTTPServer

02:07:59      UID       PID    %usr %system  %guest   %wait    %CPU   CPU  Command
02:08:04     1000      6467   40.00   56.00    0.00   45.20   96.00     1  MovieHTTPServer

02:07:59      UID       PID  minflt/s  majflt/s     VSZ     RSS   %MEM  Command
02:08:04     1000      6467      0.00      0.00  614688   47332   1.31  MovieHTTPServer

02:07:59      UID       PID   kB_rd/s   kB_wr/s kB_ccwr/s iodelay  Command
02:08:04     1000      6467      0.00      0.00      0.00       0  MovieHTTPServer

02:08:04      UID       PID    %usr %system  %guest   %wait    %CPU   CPU  Command
02:08:09     1000      6467   44.00   52.40    0.00   44.40   96.40     1  MovieHTTPServer

02:08:04      UID       PID  minflt/s  majflt/s     VSZ     RSS   %MEM  Command
02:08:09     1000      6467      0.00      0.00  614688   47332   1.31  MovieHTTPServer

02:08:04      UID       PID   kB_rd/s   kB_wr/s kB_ccwr/s iodelay  Command
02:08:09     1000      6467      0.00      0.00      0.00       0  MovieHTTPServer

02:08:09      UID       PID    %usr %system  %guest   %wait    %CPU   CPU  Command
02:08:14     1000      6467   39.60   56.40    0.00   47.20   96.00     1  MovieHTTPServer

02:08:09      UID       PID  minflt/s  majflt/s     VSZ     RSS   %MEM  Command
02:08:14     1000      6467      0.00      0.00  614688   47332   1.31  MovieHTTPServer

02:08:09      UID       PID   kB_rd/s   kB_wr/s kB_ccwr/s iodelay  Command
02:08:14     1000      6467      0.00      0.00      0.00       0  MovieHTTPServer

02:08:14      UID       PID    %usr %system  %guest   %wait    %CPU   CPU  Command
02:08:19     1000      6467   41.40   54.60    0.00   47.40   96.00     1  MovieHTTPServer

02:08:14      UID       PID  minflt/s  majflt/s     VSZ     RSS   %MEM  Command
02:08:19     1000      6467      0.00      0.00  614688   47332   1.31  MovieHTTPServer

02:08:14      UID       PID   kB_rd/s   kB_wr/s kB_ccwr/s iodelay  Command
02:08:19     1000      6467      0.00      0.00      0.00       0  MovieHTTPServer

02:08:19      UID       PID    %usr %system  %guest   %wait    %CPU   CPU  Command
02:08:24     1000      6467   40.20   56.00    0.00   45.60   96.20     1  MovieHTTPServer

02:08:19      UID       PID  minflt/s  majflt/s     VSZ     RSS   %MEM  Command
02:08:24     1000      6467      0.00      0.00  614688   47332   1.31  MovieHTTPServer

02:08:19      UID       PID   kB_rd/s   kB_wr/s kB_ccwr/s iodelay  Command
02:08:24     1000      6467      0.00      0.00      0.00       0  MovieHTTPServer

02:08:24      UID       PID    %usr %system  %guest   %wait    %CPU   CPU  Command
02:08:29     1000      6467   41.60   54.60    0.00   45.40   96.20     1  MovieHTTPServer

02:08:24      UID       PID  minflt/s  majflt/s     VSZ     RSS   %MEM  Command
02:08:29     1000      6467      0.00      0.00  614688   47332   1.31  MovieHTTPServer

02:08:24      UID       PID   kB_rd/s   kB_wr/s kB_ccwr/s iodelay  Command
02:08:29     1000      6467      0.00      0.00      0.00       0  MovieHTTPServer

02:08:29      UID       PID    %usr %system  %guest   %wait    %CPU   CPU  Command
02:08:33     1000      6467   41.00   55.20    0.00   46.60   96.20     1  MovieHTTPServer

02:08:29      UID       PID  minflt/s  majflt/s     VSZ     RSS   %MEM  Command
02:08:33     1000      6467      0.00      0.00  614688   47332   1.31  MovieHTTPServer

02:08:29      UID       PID   kB_rd/s   kB_wr/s kB_ccwr/s iodelay  Command
02:08:33     1000      6467      0.00      0.00      0.00       0  MovieHTTPServer

02:08:33      UID       PID    %usr %system  %guest   %wait    %CPU   CPU  Command
02:08:38     1000      6467   39.80   56.40    0.00   44.60   96.20     1  MovieHTTPServer

02:08:33      UID       PID  minflt/s  majflt/s     VSZ     RSS   %MEM  Command
02:08:38     1000      6467      0.00      0.00  614688   47332   1.31  MovieHTTPServer

02:08:33      UID       PID   kB_rd/s   kB_wr/s kB_ccwr/s iodelay  Command
02:08:38     1000      6467      0.00      0.00      0.00       0  MovieHTTPServer

02:08:38      UID       PID    %usr %system  %guest   %wait    %CPU   CPU  Command
02:08:43     1000      6467   39.80   56.40    0.00   45.60   96.20     1  MovieHTTPServer

02:08:38      UID       PID  minflt/s  majflt/s     VSZ     RSS   %MEM  Command
02:08:43     1000      6467      0.00      0.00  614688   47332   1.31  MovieHTTPServer

02:08:38      UID       PID   kB_rd/s   kB_wr/s kB_ccwr/s iodelay  Command
02:08:43     1000      6467      0.00      0.00      0.00       0  MovieHTTPServer

02:08:43      UID       PID    %usr %system  %guest   %wait    %CPU   CPU  Command
02:08:48     1000      6467   40.80   55.20    0.00   41.80   96.00     1  MovieHTTPServer

02:08:43      UID       PID  minflt/s  majflt/s     VSZ     RSS   %MEM  Command
02:08:48     1000      6467      0.00      0.00  614688   47332   1.31  MovieHTTPServer

02:08:43      UID       PID   kB_rd/s   kB_wr/s kB_ccwr/s iodelay  Command
02:08:48     1000      6467      0.00      0.00      0.00       0  MovieHTTPServer

02:08:48      UID       PID    %usr %system  %guest   %wait    %CPU   CPU  Command
02:08:53     1000      6467   43.00   53.20    0.00   47.40   96.20     1  MovieHTTPServer

02:08:48      UID       PID  minflt/s  majflt/s     VSZ     RSS   %MEM  Command
02:08:53     1000      6467      0.00      0.00  614688   47332   1.31  MovieHTTPServer

02:08:48      UID       PID   kB_rd/s   kB_wr/s kB_ccwr/s iodelay  Command
02:08:53     1000      6467      0.00      0.00      0.00       0  MovieHTTPServer

02:08:53      UID       PID    %usr %system  %guest   %wait    %CPU   CPU  Command
02:08:58     1000      6467   41.80   54.00    0.00   44.80   95.80     1  MovieHTTPServer

02:08:53      UID       PID  minflt/s  majflt/s     VSZ     RSS   %MEM  Command
02:08:58     1000      6467      0.00      0.00  614688   47332   1.31  MovieHTTPServer

02:08:53      UID       PID   kB_rd/s   kB_wr/s kB_ccwr/s iodelay  Command
02:08:58     1000      6467      0.00      0.00      0.00       0  MovieHTTPServer

02:08:58      UID       PID    %usr %system  %guest   %wait    %CPU   CPU  Command
02:09:02     1000      6467   42.40   53.80    0.00   46.80   96.20     1  MovieHTTPServer

02:08:58      UID       PID  minflt/s  majflt/s     VSZ     RSS   %MEM  Command
02:09:02     1000      6467      0.00      0.00  614688   47332   1.31  MovieHTTPServer

02:08:58      UID       PID   kB_rd/s   kB_wr/s kB_ccwr/s iodelay  Command
02:09:02     1000      6467      0.00      0.00      0.00       0  MovieHTTPServer

02:09:02      UID       PID    %usr %system  %guest   %wait    %CPU   CPU  Command
02:09:07     1000      6467   40.40   55.60    0.00   46.60   96.00     1  MovieHTTPServer

02:09:02      UID       PID  minflt/s  majflt/s     VSZ     RSS   %MEM  Command
02:09:07     1000      6467      0.00      0.00  614688   47332   1.31  MovieHTTPServer

02:09:02      UID       PID   kB_rd/s   kB_wr/s kB_ccwr/s iodelay  Command
02:09:07     1000      6467      0.00      0.00      0.00       0  MovieHTTPServer

02:09:07      UID       PID    %usr %system  %guest   %wait    %CPU   CPU  Command
02:09:12     1000      6467   42.40   53.80    0.00   45.60   96.20     1  MovieHTTPServer

02:09:07      UID       PID  minflt/s  majflt/s     VSZ     RSS   %MEM  Command
02:09:12     1000      6467      0.00      0.00  614688   47332   1.31  MovieHTTPServer

02:09:07      UID       PID   kB_rd/s   kB_wr/s kB_ccwr/s iodelay  Command
02:09:12     1000      6467      0.00      0.00      0.00       0  MovieHTTPServer

02:09:12      UID       PID    %usr %system  %guest   %wait    %CPU   CPU  Command
02:09:17     1000      6467   41.00   55.00    0.00   45.60   96.00     1  MovieHTTPServer

02:09:12      UID       PID  minflt/s  majflt/s     VSZ     RSS   %MEM  Command
02:09:17     1000      6467      0.00      0.00  614688   47332   1.31  MovieHTTPServer

02:09:12      UID       PID   kB_rd/s   kB_wr/s kB_ccwr/s iodelay  Command
02:09:17     1000      6467      0.00      0.00      0.00       0  MovieHTTPServer

02:09:17      UID       PID    %usr %system  %guest   %wait    %CPU   CPU  Command
02:09:22     1000      6467   42.80   53.60    0.00   45.80   96.40     1  MovieHTTPServer

02:09:17      UID       PID  minflt/s  majflt/s     VSZ     RSS   %MEM  Command
02:09:22     1000      6467      0.00      0.00  614688   47332   1.31  MovieHTTPServer

02:09:17      UID       PID   kB_rd/s   kB_wr/s kB_ccwr/s iodelay  Command
02:09:22     1000      6467      0.00      0.00      0.00       0  MovieHTTPServer

02:09:22      UID       PID    %usr %system  %guest   %wait    %CPU   CPU  Command
02:09:27     1000      6467   41.80   54.20    0.00   47.00   96.00     1  MovieHTTPServer

02:09:22      UID       PID  minflt/s  majflt/s     VSZ     RSS   %MEM  Command
02:09:27     1000      6467      0.00      0.00  614688   47332   1.31  MovieHTTPServer

02:09:22      UID       PID   kB_rd/s   kB_wr/s kB_ccwr/s iodelay  Command
02:09:27     1000      6467      0.00      0.00      0.00       0  MovieHTTPServer

02:09:27      UID       PID    %usr %system  %guest   %wait    %CPU   CPU  Command
02:09:31     1000      6467   39.72   56.29    0.00   45.51   96.01     1  MovieHTTPServer

02:09:27      UID       PID  minflt/s  majflt/s     VSZ     RSS   %MEM  Command
02:09:31     1000      6467      0.00      0.00  614688   47332   1.31  MovieHTTPServer

02:09:27      UID       PID   kB_rd/s   kB_wr/s kB_ccwr/s iodelay  Command
02:09:31     1000      6467      0.00      0.00      0.00       0  MovieHTTPServer

02:09:31      UID       PID    %usr %system  %guest   %wait    %CPU   CPU  Command
02:09:36     1000      6467   41.00   55.00    0.00   47.40   96.00     1  MovieHTTPServer

02:09:31      UID       PID  minflt/s  majflt/s     VSZ     RSS   %MEM  Command
02:09:36     1000      6467      0.00      0.00  614688   47332   1.31  MovieHTTPServer

02:09:31      UID       PID   kB_rd/s   kB_wr/s kB_ccwr/s iodelay  Command
02:09:36     1000      6467      0.00      0.00      0.00       0  MovieHTTPServer

02:09:36      UID       PID    %usr %system  %guest   %wait    %CPU   CPU  Command
02:09:41     1000      6467   40.60   55.60    0.00   46.00   96.20     1  MovieHTTPServer

02:09:36      UID       PID  minflt/s  majflt/s     VSZ     RSS   %MEM  Command
02:09:41     1000      6467      0.00      0.00  614688   47332   1.31  MovieHTTPServer

02:09:36      UID       PID   kB_rd/s   kB_wr/s kB_ccwr/s iodelay  Command
02:09:41     1000      6467      0.00      0.00      0.00       0  MovieHTTPServer

02:09:41      UID       PID    %usr %system  %guest   %wait    %CPU   CPU  Command
02:09:46     1000      6467   42.80   53.20    0.00   45.80   96.00     1  MovieHTTPServer

02:09:41      UID       PID  minflt/s  majflt/s     VSZ     RSS   %MEM  Command
02:09:46     1000      6467      0.00      0.00  614688   47332   1.31  MovieHTTPServer

02:09:41      UID       PID   kB_rd/s   kB_wr/s kB_ccwr/s iodelay  Command
02:09:46     1000      6467      0.00      0.00      0.00       0  MovieHTTPServer

02:09:46      UID       PID    %usr %system  %guest   %wait    %CPU   CPU  Command
02:09:51     1000      6467   42.00   54.20    0.00   48.00   96.20     1  MovieHTTPServer

02:09:46      UID       PID  minflt/s  majflt/s     VSZ     RSS   %MEM  Command
02:09:51     1000      6467      0.00      0.00  614688   47332   1.31  MovieHTTPServer

02:09:46      UID       PID   kB_rd/s   kB_wr/s kB_ccwr/s iodelay  Command
02:09:51     1000      6467      0.00      0.00      0.00       0  MovieHTTPServer

02:09:51      UID       PID    %usr %system  %guest   %wait    %CPU   CPU  Command
02:09:56     1000      6467   40.80   55.20    0.00   45.40   96.00     1  MovieHTTPServer

02:09:51      UID       PID  minflt/s  majflt/s     VSZ     RSS   %MEM  Command
02:09:56     1000      6467      0.00      0.00  614688   47332   1.31  MovieHTTPServer

02:09:51      UID       PID   kB_rd/s   kB_wr/s kB_ccwr/s iodelay  Command
02:09:56     1000      6467      0.00      0.00      0.00       0  MovieHTTPServer

02:09:56      UID       PID    %usr %system  %guest   %wait    %CPU   CPU  Command
02:10:01     1000      6467   42.60   53.40    0.00   47.00   96.00     1  MovieHTTPServer

02:09:56      UID       PID  minflt/s  majflt/s     VSZ     RSS   %MEM  Command
02:10:01     1000      6467      0.00      0.00  614688   47332   1.31  MovieHTTPServer

02:09:56      UID       PID   kB_rd/s   kB_wr/s kB_ccwr/s iodelay  Command
02:10:01     1000      6467      0.00      0.00      0.00       0  MovieHTTPServer

02:10:01      UID       PID    %usr %system  %guest   %wait    %CPU   CPU  Command
02:10:04     1000      6467   43.00   53.20    0.00   45.40   96.20     1  MovieHTTPServer

02:10:01      UID       PID  minflt/s  majflt/s     VSZ     RSS   %MEM  Command
02:10:04     1000      6467      0.00      0.00  614688   47332   1.31  MovieHTTPServer

02:10:01      UID       PID   kB_rd/s   kB_wr/s kB_ccwr/s iodelay  Command
02:10:04     1000      6467      0.00      0.00      0.00       0  MovieHTTPServer

02:10:04      UID       PID    %usr %system  %guest   %wait    %CPU   CPU  Command
02:10:09     1000      6467   39.20   57.00    0.00   45.00   96.20     1  MovieHTTPServer

02:10:04      UID       PID  minflt/s  majflt/s     VSZ     RSS   %MEM  Command
02:10:09     1000      6467      0.00      0.00  614688   47332   1.31  MovieHTTPServer

02:10:04      UID       PID   kB_rd/s   kB_wr/s kB_ccwr/s iodelay  Command
02:10:09     1000      6467      0.00      0.00      0.00       0  MovieHTTPServer

02:10:09      UID       PID    %usr %system  %guest   %wait    %CPU   CPU  Command
02:10:14     1000      6467   40.20   55.60    0.00   44.20   95.80     1  MovieHTTPServer

02:10:09      UID       PID  minflt/s  majflt/s     VSZ     RSS   %MEM  Command
02:10:14     1000      6467      0.00      0.00  614688   47332   1.31  MovieHTTPServer

02:10:09      UID       PID   kB_rd/s   kB_wr/s kB_ccwr/s iodelay  Command
02:10:14     1000      6467      0.00      0.00      0.00       0  MovieHTTPServer

02:10:14      UID       PID    %usr %system  %guest   %wait    %CPU   CPU  Command
02:10:19     1000      6467   42.00   54.20    0.00   46.00   96.20     1  MovieHTTPServer

02:10:14      UID       PID  minflt/s  majflt/s     VSZ     RSS   %MEM  Command
02:10:19     1000      6467      0.00      0.00  614688   47332   1.31  MovieHTTPServer

02:10:14      UID       PID   kB_rd/s   kB_wr/s kB_ccwr/s iodelay  Command
02:10:19     1000      6467      0.00      0.00      0.00       0  MovieHTTPServer

02:10:19      UID       PID    %usr %system  %guest   %wait    %CPU   CPU  Command
02:10:24     1000      6467   42.60   53.60    0.00   45.80   96.20     1  MovieHTTPServer

02:10:19      UID       PID  minflt/s  majflt/s     VSZ     RSS   %MEM  Command
02:10:24     1000      6467      0.00      0.00  614688   47332   1.31  MovieHTTPServer

02:10:19      UID       PID   kB_rd/s   kB_wr/s kB_ccwr/s iodelay  Command
02:10:24     1000      6467      0.00      0.00      0.00       0  MovieHTTPServer

02:10:24      UID       PID    %usr %system  %guest   %wait    %CPU   CPU  Command
02:10:29     1000      6467   41.80   54.60    0.00   44.80   96.40     1  MovieHTTPServer

02:10:24      UID       PID  minflt/s  majflt/s     VSZ     RSS   %MEM  Command
02:10:29     1000      6467      0.00      0.00  614688   47332   1.31  MovieHTTPServer

02:10:24      UID       PID   kB_rd/s   kB_wr/s kB_ccwr/s iodelay  Command
02:10:29     1000      6467      0.00      0.00      0.00       0  MovieHTTPServer

02:10:29      UID       PID    %usr %system  %guest   %wait    %CPU   CPU  Command
02:10:33     1000      6467   39.60   56.60    0.00   45.80   96.20     1  MovieHTTPServer

02:10:29      UID       PID  minflt/s  majflt/s     VSZ     RSS   %MEM  Command
02:10:33     1000      6467      0.00      0.00  614688   47332   1.31  MovieHTTPServer

02:10:29      UID       PID   kB_rd/s   kB_wr/s kB_ccwr/s iodelay  Command
02:10:33     1000      6467      0.00      0.00      0.00       0  MovieHTTPServer

02:10:33      UID       PID    %usr %system  %guest   %wait    %CPU   CPU  Command
02:10:38     1000      6467   42.00   53.80    0.00   46.00   95.80     1  MovieHTTPServer

02:10:33      UID       PID  minflt/s  majflt/s     VSZ     RSS   %MEM  Command
02:10:38     1000      6467      0.00      0.00  614688   47332   1.31  MovieHTTPServer

02:10:33      UID       PID   kB_rd/s   kB_wr/s kB_ccwr/s iodelay  Command
02:10:38     1000      6467      0.00      0.00      0.00       0  MovieHTTPServer

02:10:38      UID       PID    %usr %system  %guest   %wait    %CPU   CPU  Command
02:10:43     1000      6467   43.60   52.40    0.00   44.40   96.00     1  MovieHTTPServer

02:10:38      UID       PID  minflt/s  majflt/s     VSZ     RSS   %MEM  Command
02:10:43     1000      6467      0.00      0.00  614688   47332   1.31  MovieHTTPServer

02:10:38      UID       PID   kB_rd/s   kB_wr/s kB_ccwr/s iodelay  Command
02:10:43     1000      6467      0.00      0.00      0.00       0  MovieHTTPServer

02:10:43      UID       PID    %usr %system  %guest   %wait    %CPU   CPU  Command
02:10:48     1000      6467   40.80   55.00    0.00   46.00   95.80     1  MovieHTTPServer

02:10:43      UID       PID  minflt/s  majflt/s     VSZ     RSS   %MEM  Command
02:10:48     1000      6467      0.00      0.00  614688   47332   1.31  MovieHTTPServer

02:10:43      UID       PID   kB_rd/s   kB_wr/s kB_ccwr/s iodelay  Command
02:10:48     1000      6467      0.00      0.00      0.00       0  MovieHTTPServer

02:10:48      UID       PID    %usr %system  %guest   %wait    %CPU   CPU  Command
02:10:53     1000      6467   42.60   53.20    0.00   45.60   95.80     1  MovieHTTPServer

02:10:48      UID       PID  minflt/s  majflt/s     VSZ     RSS   %MEM  Command
02:10:53     1000      6467      0.00      0.00  614688   47332   1.31  MovieHTTPServer

02:10:48      UID       PID   kB_rd/s   kB_wr/s kB_ccwr/s iodelay  Command
02:10:53     1000      6467      0.00      0.00      0.00       0  MovieHTTPServer

02:10:53      UID       PID    %usr %system  %guest   %wait    %CPU   CPU  Command
02:10:58     1000      6467   41.80   54.20    0.00   43.80   96.00     1  MovieHTTPServer

02:10:53      UID       PID  minflt/s  majflt/s     VSZ     RSS   %MEM  Command
02:10:58     1000      6467      0.00      0.00  614688   47332   1.31  MovieHTTPServer

02:10:53      UID       PID   kB_rd/s   kB_wr/s kB_ccwr/s iodelay  Command
02:10:58     1000      6467      0.00      0.00      0.00       0  MovieHTTPServer

02:10:58      UID       PID    %usr %system  %guest   %wait    %CPU   CPU  Command
02:11:03     1000      6467   42.60   53.60    0.00   45.60   96.20     1  MovieHTTPServer

02:10:58      UID       PID  minflt/s  majflt/s     VSZ     RSS   %MEM  Command
02:11:03     1000      6467      0.00      0.00  614688   47332   1.31  MovieHTTPServer

02:10:58      UID       PID   kB_rd/s   kB_wr/s kB_ccwr/s iodelay  Command
02:11:03     1000      6467      0.00      0.00      0.00       0  MovieHTTPServer

02:11:03      UID       PID    %usr %system  %guest   %wait    %CPU   CPU  Command
02:11:07     1000      6467   40.80   55.20    0.00   46.00   96.00     1  MovieHTTPServer

02:11:03      UID       PID  minflt/s  majflt/s     VSZ     RSS   %MEM  Command
02:11:07     1000      6467      0.00      0.00  614688   47332   1.31  MovieHTTPServer

02:11:03      UID       PID   kB_rd/s   kB_wr/s kB_ccwr/s iodelay  Command
02:11:07     1000      6467      0.00      0.00      0.00       0  MovieHTTPServer

02:11:07      UID       PID    %usr %system  %guest   %wait    %CPU   CPU  Command
02:11:12     1000      6467   40.40   55.80    0.00   45.80   96.20     1  MovieHTTPServer

02:11:07      UID       PID  minflt/s  majflt/s     VSZ     RSS   %MEM  Command
02:11:12     1000      6467      0.00      0.00  614688   47332   1.31  MovieHTTPServer

02:11:07      UID       PID   kB_rd/s   kB_wr/s kB_ccwr/s iodelay  Command
02:11:12     1000      6467      0.00      0.00      0.00       0  MovieHTTPServer

02:11:12      UID       PID    %usr %system  %guest   %wait    %CPU   CPU  Command
02:11:17     1000      6467   40.72   54.89    0.00   45.71   95.61     1  MovieHTTPServer

02:11:12      UID       PID  minflt/s  majflt/s     VSZ     RSS   %MEM  Command
02:11:17     1000      6467      0.00      0.00  614688   47332   1.31  MovieHTTPServer

02:11:12      UID       PID   kB_rd/s   kB_wr/s kB_ccwr/s iodelay  Command
02:11:17     1000      6467      0.00      0.00      0.00       0  MovieHTTPServer

02:11:17      UID       PID    %usr %system  %guest   %wait    %CPU   CPU  Command
02:11:22     1000      6467   42.60   53.20    0.00   44.00   95.80     1  MovieHTTPServer

02:11:17      UID       PID  minflt/s  majflt/s     VSZ     RSS   %MEM  Command
02:11:22     1000      6467      0.00      0.00  614688   47332   1.31  MovieHTTPServer

02:11:17      UID       PID   kB_rd/s   kB_wr/s kB_ccwr/s iodelay  Command
02:11:22     1000      6467      0.00      0.00      0.00       0  MovieHTTPServer

02:11:22      UID       PID    %usr %system  %guest   %wait    %CPU   CPU  Command
02:11:27     1000      6467   38.20   57.40    0.00   43.60   95.60     1  MovieHTTPServer

02:11:22      UID       PID  minflt/s  majflt/s     VSZ     RSS   %MEM  Command
02:11:27     1000      6467      0.00      0.00  614688   47332   1.31  MovieHTTPServer

02:11:22      UID       PID   kB_rd/s   kB_wr/s kB_ccwr/s iodelay  Command
02:11:27     1000      6467      0.00      0.00      0.00       0  MovieHTTPServer

02:11:27      UID       PID    %usr %system  %guest   %wait    %CPU   CPU  Command
02:11:32     1000      6467   41.40   54.40    0.00   46.20   95.80     1  MovieHTTPServer

02:11:27      UID       PID  minflt/s  majflt/s     VSZ     RSS   %MEM  Command
02:11:32     1000      6467      0.00      0.00  614688   47332   1.31  MovieHTTPServer

02:11:27      UID       PID   kB_rd/s   kB_wr/s kB_ccwr/s iodelay  Command
02:11:32     1000      6467      0.00      0.00      0.00       0  MovieHTTPServer

02:11:32      UID       PID    %usr %system  %guest   %wait    %CPU   CPU  Command
02:11:36     1000      6467   40.00   56.20    0.00   43.80   96.20     1  MovieHTTPServer

02:11:32      UID       PID  minflt/s  majflt/s     VSZ     RSS   %MEM  Command
02:11:36     1000      6467      0.00      0.00  614688   47332   1.31  MovieHTTPServer

02:11:32      UID       PID   kB_rd/s   kB_wr/s kB_ccwr/s iodelay  Command
02:11:36     1000      6467      0.00      0.00      0.00       0  MovieHTTPServer

02:11:36      UID       PID    %usr %system  %guest   %wait    %CPU   CPU  Command
02:11:41     1000      6467   25.40   37.20    0.00   29.60   62.60     1  MovieHTTPServer

02:11:36      UID       PID  minflt/s  majflt/s     VSZ     RSS   %MEM  Command
02:11:41     1000      6467      0.00      0.00  614688   47332   1.31  MovieHTTPServer

02:11:36      UID       PID   kB_rd/s   kB_wr/s kB_ccwr/s iodelay  Command
02:11:41     1000      6467      0.00      0.00      0.00       0  MovieHTTPServer

02:11:41      UID       PID    %usr %system  %guest   %wait    %CPU   CPU  Command
02:11:46     1000      6467    0.00    0.00    0.00    0.00    0.00     1  MovieHTTPServer

02:11:41      UID       PID  minflt/s  majflt/s     VSZ     RSS   %MEM  Command
02:11:46     1000      6467      0.00      0.00  614688   47332   1.31  MovieHTTPServer

02:11:41      UID       PID   kB_rd/s   kB_wr/s kB_ccwr/s iodelay  Command
02:11:46     1000      6467      0.00      0.00      0.00       0  MovieHTTPServer

Average:      UID       PID    %usr %system  %guest   %wait    %CPU   CPU  Command
Average:     1000      6467   39.82   53.24    0.00   43.59   93.07     -  MovieHTTPServer

Average:      UID       PID  minflt/s  majflt/s     VSZ     RSS   %MEM  Command
Average:     1000      6467     41.03      0.03  614688   47332   1.31  MovieHTTPServer

Average:      UID       PID   kB_rd/s   kB_wr/s kB_ccwr/s iodelay  Command
Average:     1000      6467      0.22      0.00      0.00       0  MovieHTTPServer
