top - 02:06:38 up 12:44,  1 user,  load average: 0.16, 0.58, 0.65
Tasks:   1 total,   0 running,   1 sleeping,   0 stopped,   0 zombie
%Cpu(s):  1.2 us,  0.0 sy,  0.0 ni, 96.5 id,  0.0 wa,  0.0 hi,  2.4 si,  0.0 st 
MiB Mem :   3532.2 total,   2569.6 free,    842.9 used,    204.4 buff/cache     
MiB Swap:   1024.0 total,   1024.0 free,      0.0 used.   2689.4 avail Mem 

    PID USER      PR  NI    VIRT    RES    SHR S  %CPU  %MEM     TIME+ COMMAND
   6467 sunny     20   0   90400   9344   8192 S   0.0   0.3   0:00.01 MovieHT+

top - 02:06:43 up 12:44,  1 user,  load average: 1.11, 0.77, 0.72
Tasks:   1 total,   0 running,   1 sleeping,   0 stopped,   0 zombie
%Cpu(s):  5.1 us,  3.4 sy,  0.0 ni, 90.6 id,  0.0 wa,  0.0 hi,  1.0 si,  0.0 st 
MiB Mem :   3532.2 total,   2523.5 free,    888.0 used,    205.3 buff/cache     
MiB Swap:   1024.0 total,   1024.0 free,      0.0 used.   2644.2 avail Mem 

    PID USER      PR  NI    VIRT    RES    SHR S  %CPU  %MEM     TIME+ COMMAND
   6467 sunny     20   0  614688  47332  10880 S  38.3   1.3   0:01.93 MovieHT+

top - 02:06:48 up 12:44,  1 user,  load average: 1.42, 0.84, 0.74
Tasks:   1 total,   1 running,   0 sleeping,   0 stopped,   0 zombie
%Cpu(s):  9.7 us, 12.0 sy,  0.0 ni, 74.8 id,  0.0 wa,  0.0 hi,  3.5 si,  0.0 st 
MiB Mem :   3532.2 total,   2522.9 free,    888.7 used,    205.3 buff/cache     
MiB Swap:   1024.0 total,   1024.0 free,      0.0 used.   2643.5 avail Mem 

    PID USER      PR  NI    VIRT    RES    SHR S  %CPU  %MEM     TIME+ COMMAND
   6467 sunny     20   0  614688  47332  10880 R  96.2   1.3   0:06.74 MovieHT+

top - 02:06:53 up 12:44,  1 user,  load average: 2.19, 1.01, 0.79
Tasks:   1 total,   0 running,   1 sleeping,   0 stopped,   0 zombie
%Cpu(s):  9.5 us, 12.3 sy,  0.0 ni, 74.8 id,  0.0 wa,  0.0 hi,  3.4 si,  0.0 st 
MiB Mem :   3532.2 total,   2521.2 free,    890.3 used,    205.3 buff/cache     
MiB Swap:   1024.0 total,   1024.0 free,      0.0 used.   2641.9 avail Mem 

    PID USER      PR  NI    VIRT    RES    SHR S  %CPU  %MEM     TIME+ COMMAND
   6467 sunny     20   0  614688  47332  10880 S  96.0   1.3   0:11.55 MovieHT+

top - 02:06:57 up 12:44,  1 user,  load average: 2.74, 1.14, 0.84
Tasks:   1 total,   1 running,   0 sleeping,   0 stopped,   0 zombie
%Cpu(s):  9.9 us, 12.5 sy,  0.0 ni, 74.0 id,  0.0 wa,  0.0 hi,  3.6 si,  0.0 st 
MiB Mem :   3532.2 total,   2522.4 free,    889.2 used,    205.3 buff/cache     
MiB Swap:   1024.0 total,   1024.0 free,      0.0 used.   2643.0 avail Mem 

    PID USER      PR  NI    VIRT    RES    SHR S  %CPU  %MEM     TIME+ COMMAND
   6467 sunny     20   0  614688  47332  10880 R  96.2   1.3   0:16.36 MovieHT+

top - 02:07:02 up 12:44,  1 user,  load average: 3.24, 1.27, 0.88
Tasks:   1 total,   0 running,   1 sleeping,   0 stopped,   0 zombie
%Cpu(s):  9.3 us, 12.4 sy,  0.0 ni, 74.4 id,  0.0 wa,  0.0 hi,  3.9 si,  0.0 st 
MiB Mem :   3532.2 total,   2522.0 free,    889.6 used,    205.3 buff/cache     
MiB Swap:   1024.0 total,   1024.0 free,      0.0 used.   2642.6 avail Mem 

    PID USER      PR  NI    VIRT    RES    SHR S  %CPU  %MEM     TIME+ COMMAND
   6467 sunny     20   0  614688  47332  10880 S  95.8   1.3   0:21.16 MovieHT+

top - 02:07:07 up 12:44,  1 user,  load average: 3.62, 1.38, 0.92
Tasks:   1 total,   1 running,   0 sleeping,   0 stopped,   0 zombie
%Cpu(s):  9.4 us, 12.5 sy,  0.0 ni, 74.5 id,  0.0 wa,  0.0 hi,  3.5 si,  0.0 st 
MiB Mem :   3532.2 total,   2522.9 free,    888.7 used,    205.3 buff/cache     
MiB Swap:   1024.0 total,   1024.0 free,      0.0 used.   2643.6 avail Mem 

    PID USER      PR  NI    VIRT    RES    SHR S  %CPU  %MEM     TIME+ COMMAND
   6467 sunny     20   0  614688  47332  10880 R  96.2   1.3   0:25.98 MovieHT+

top - 02:07:12 up 12:44,  1 user,  load average: 4.13, 1.53, 0.97
Tasks:   1 total,   0 running,   1 sleeping,   0 stopped,   0 zombie
%Cpu(s):  9.8 us, 12.8 sy,  0.0 ni, 73.7 id,  0.0 wa,  0.0 hi,  3.7 si,  0.0 st 
MiB Mem :   3532.2 total,   2521.5 free,    890.0 used,    205.3 buff/cache     
MiB Swap:   1024.0 total,   1024.0 free,      0.0 used.   2642.2 avail Mem 

    PID USER      PR  NI    VIRT    RES    SHR S  %CPU  %MEM     TIME+ COMMAND
   6467 sunny     20   0  614688  47332  10880 S  96.0   1.3   0:30.78 MovieHT+

top - 02:07:17 up 12:44,  1 user,  load average: 4.20, 1.59, 0.99
Tasks:   1 total,   0 running,   1 sleeping,   0 stopped,   0 zombie
%Cpu(s):  9.5 us, 13.1 sy,  0.0 ni, 74.1 id,  0.0 wa,  0.0 hi,  3.3 si,  0.0 st 
MiB Mem :   3532.2 total,   2521.2 free,    890.4 used,    205.3 buff/cache     
MiB Swap:   1024.0 total,   1024.0 free,      0.0 used.   2641.8 avail Mem 

    PID USER      PR  NI    VIRT    RES    SHR S  %CPU  %MEM     TIME+ COMMAND
   6467 sunny     20   0  614688  47332  10880 S  96.0   1.3   0:35.59 MovieHT+

top - 02:07:22 up 12:44,  1 user,  load average: 4.43, 1.68, 1.02
Tasks:   1 total,   0 running,   1 sleeping,   0 stopped,   0 zombie
%Cpu(s):  9.5 us, 12.6 sy,  0.0 ni, 74.7 id,  0.0 wa,  0.0 hi,  3.3 si,  0.0 st 
MiB Mem :   3532.2 total,   2522.2 free,    889.4 used,    205.3 buff/cache     
MiB Swap:   1024.0 total,   1024.0 free,      0.0 used.   2642.8 avail Mem 

    PID USER      PR  NI    VIRT    RES    SHR S  %CPU  %MEM     TIME+ COMMAND
   6467 sunny     20   0  614688  47332  10880 S  96.0   1.3   0:40.40 MovieHT+

top - 02:07:27 up 12:45,  1 user,  load average: 4.63, 1.77, 1.06
Tasks:   1 total,   1 running,   0 sleeping,   0 stopped,   0 zombie
%Cpu(s):  9.1 us, 13.0 sy,  0.0 ni, 74.4 id,  0.0 wa,  0.0 hi,  3.4 si,  0.0 st 
MiB Mem :   3532.2 total,   2520.8 free,    890.8 used,    205.3 buff/cache     
MiB Swap:   1024.0 total,   1024.0 free,      0.0 used.   2641.4 avail Mem 

    PID USER      PR  NI    VIRT    RES    SHR S  %CPU  %MEM     TIME+ COMMAND
   6467 sunny     20   0  614688  47332  10880 R  96.0   1.3   0:45.20 MovieHT+

top - 02:07:31 up 12:45,  1 user,  load average: 5.06, 1.90, 1.11
Tasks:   1 total,   1 running,   0 sleeping,   0 stopped,   0 zombie
%Cpu(s):  9.5 us, 13.2 sy,  0.0 ni, 73.5 id,  0.0 wa,  0.0 hi,  3.9 si,  0.0 st 
MiB Mem :   3532.2 total,   2523.2 free,    888.4 used,    205.3 buff/cache     
MiB Swap:   1024.0 total,   1024.0 free,      0.0 used.   2643.8 avail Mem 

    PID USER      PR  NI    VIRT    RES    SHR S  %CPU  %MEM     TIME+ COMMAND
   6467 sunny     20   0  614688  47332  10880 R  96.0   1.3   0:50.01 MovieHT+

top - 02:07:36 up 12:45,  1 user,  load average: 5.22, 1.99, 1.14
Tasks:   1 total,   1 running,   0 sleeping,   0 stopped,   0 zombie
%Cpu(s):  8.8 us, 13.0 sy,  0.0 ni, 74.4 id,  0.0 wa,  0.0 hi,  3.8 si,  0.0 st 
MiB Mem :   3532.2 total,   2521.3 free,    890.3 used,    205.3 buff/cache     
MiB Swap:   1024.0 total,   1024.0 free,      0.0 used.   2641.9 avail Mem 

    PID USER      PR  NI    VIRT    RES    SHR S  %CPU  %MEM     TIME+ COMMAND
   6467 sunny     20   0  614688  47332  10880 R  96.0   1.3   0:54.82 MovieHT+

top - 02:07:41 up 12:45,  1 user,  load average: 5.68, 2.14, 1.19
Tasks:   1 total,   0 running,   1 sleeping,   0 stopped,   0 zombie
%Cpu(s):  9.2 us, 12.7 sy,  0.0 ni, 74.7 id,  0.0 wa,  0.0 hi,  3.4 si,  0.0 st 
MiB Mem :   3532.2 total,   2519.7 free,    891.8 used,    205.3 buff/cache     
MiB Swap:   1024.0 total,   1024.0 free,      0.0 used.   2640.4 avail Mem 

    PID USER      PR  NI    VIRT    RES    SHR S  %CPU  %MEM     TIME+ COMMAND
   6467 sunny     20   0  614688  47332  10880 S  96.2   1.3   0:59.63 MovieHT+

top - 02:07:46 up 12:45,  1 user,  load average: 5.79, 2.22, 1.22
Tasks:   1 total,   0 running,   1 sleeping,   0 stopped,   0 zombie
%Cpu(s):  9.2 us, 13.2 sy,  0.0 ni, 74.5 id,  0.0 wa,  0.0 hi,  3.1 si,  0.0 st 
MiB Mem :   3532.2 total,   2518.7 free,    892.9 used,    205.3 buff/cache     
MiB Swap:   1024.0 total,   1024.0 free,      0.0 used.   2639.3 avail Mem 

    PID USER      PR  NI    VIRT    RES    SHR S  %CPU  %MEM     TIME+ COMMAND
   6467 sunny     20   0  614688  47332  10880 S  95.8   1.3   1:04.43 MovieHT+

top - 02:07:51 up 12:45,  1 user,  load average: 5.96, 2.31, 1.26
Tasks:   1 total,   1 running,   0 sleeping,   0 stopped,   0 zombie
%Cpu(s):  9.1 us, 13.1 sy,  0.0 ni, 74.6 id,  0.0 wa,  0.0 hi,  3.3 si,  0.0 st 
MiB Mem :   3532.2 total,   2522.4 free,    889.1 used,    205.3 buff/cache     
MiB Swap:   1024.0 total,   1024.0 free,      0.0 used.   2643.1 avail Mem 

    PID USER      PR  NI    VIRT    RES    SHR S  %CPU  %MEM     TIME+ COMMAND
   6467 sunny     20   0  614688  47332  10880 R  95.8   1.3   1:09.22 MovieHT+

top - 02:07:56 up 12:45,  1 user,  load average: 6.05, 2.39, 1.29
Tasks:   1 total,   1 running,   0 sleeping,   0 stopped,   0 zombie
%Cpu(s):  9.5 us, 13.1 sy,  0.0 ni, 74.1 id,  0.0 wa,  0.0 hi,  3.3 si,  0.0 st 
MiB Mem :   3532.2 total,   2524.2 free,    887.3 used,    205.3 buff/cache     
MiB Swap:   1024.0 total,   1024.0 free,      0.0 used.   2644.9 avail Mem 

    PID USER      PR  NI    VIRT    RES    SHR S  %CPU  %MEM     TIME+ COMMAND
   6467 sunny     20   0  614688  47332  10880 R  96.2   1.3   1:14.04 MovieHT+

top - 02:07:59 up 12:45,  1 user,  load average: 6.20, 2.49, 1.33
Tasks:   1 total,   0 running,   1 sleeping,   0 stopped,   0 zombie
%Cpu(s): 10.2 us, 12.3 sy,  0.0 ni, 73.8 id,  0.0 wa,  0.0 hi,  3.7 si,  0.0 st 
MiB Mem :   3532.2 total,   2524.8 free,    886.8 used,    205.3 buff/cache     
MiB Swap:   1024.0 total,   1024.0 free,      0.0 used.   2645.4 avail Mem 

    PID USER      PR  NI    VIRT    RES    SHR S  %CPU  %MEM     TIME+ COMMAND
   6467 sunny     20   0  614688  47332  10880 S  96.2   1.3   1:18.85 MovieHT+

top - 02:08:04 up 12:45,  1 user,  load average: 6.43, 2.59, 1.37
Tasks:   1 total,   0 running,   1 sleeping,   0 stopped,   0 zombie
%Cpu(s):  9.7 us, 12.9 sy,  0.0 ni, 74.2 id,  0.0 wa,  0.0 hi,  3.1 si,  0.0 st 
MiB Mem :   3532.2 total,   2524.7 free,    886.9 used,    205.3 buff/cache     
MiB Swap:   1024.0 total,   1024.0 free,      0.0 used.   2645.3 avail Mem 

    PID USER      PR  NI    VIRT    RES    SHR S  %CPU  %MEM     TIME+ COMMAND
   6467 sunny     20   0  614688  47332  10880 S  96.2   1.3   1:23.67 MovieHT+

top - 02:08:09 up 12:45,  1 user,  load average: 6.55, 2.68, 1.40
Tasks:   1 total,   1 running,   0 sleeping,   0 stopped,   0 zombie
%Cpu(s): 10.3 us, 12.4 sy,  0.0 ni, 74.1 id,  0.0 wa,  0.0 hi,  3.2 si,  0.0 st 
MiB Mem :   3532.2 total,   2524.5 free,    887.1 used,    205.3 buff/cache     
MiB Swap:   1024.0 total,   1024.0 free,      0.0 used.   2645.2 avail Mem 

    PID USER      PR  NI    VIRT    RES    SHR S  %CPU  %MEM     TIME+ COMMAND
   6467 sunny     20   0  614688  47332  10880 R  96.2   1.3   1:28.49 MovieHT+

top - 02:08:14 up 12:45,  1 user,  load average: 6.35, 2.71, 1.42
Tasks:   1 total,   1 running,   0 sleeping,   0 stopped,   0 zombie
%Cpu(s):  9.6 us, 12.7 sy,  0.0 ni, 74.2 id,  0.1 wa,  0.0 hi,  3.5 si,  0.0 st 
MiB Mem :   3532.2 total,   2522.0 free,    889.6 used,    205.3 buff/cache     
MiB Swap:   1024.0 total,   1024.0 free,      0.0 used.   2642.6 avail Mem 

    PID USER      PR  NI    VIRT    RES    SHR S  %CPU  %MEM     TIME+ COMMAND
   6467 sunny     20   0  614688  47332  10880 R  96.2   1.3   1:33.30 MovieHT+

top - 02:08:20 up 12:45,  1 user,  load average: 6.32, 2.76, 1.44
Tasks:   1 total,   1 running,   0 sleeping,   0 stopped,   0 zombie
%Cpu(s): 10.1 us, 12.5 sy,  0.0 ni, 73.9 id,  0.0 wa,  0.0 hi,  3.4 si,  0.0 st 
MiB Mem :   3532.2 total,   2520.9 free,    890.6 used,    205.4 buff/cache     
MiB Swap:   1024.0 total,   1024.0 free,      0.0 used.   2641.6 avail Mem 

    PID USER      PR  NI    VIRT    RES    SHR S  %CPU  %MEM     TIME+ COMMAND
   6467 sunny     20   0  614688  47332  10880 R  96.0   1.3   1:38.11 MovieHT+

top - 02:08:25 up 12:46,  1 user,  load average: 6.30, 2.81, 1.47
Tasks:   1 total,   1 running,   0 sleeping,   0 stopped,   0 zombie
%Cpu(s):  9.8 us, 12.8 sy,  0.0 ni, 73.7 id,  0.0 wa,  0.0 hi,  3.6 si,  0.0 st 
MiB Mem :   3532.2 total,   2519.9 free,    891.6 used,    205.4 buff/cache     
MiB Swap:   1024.0 total,   1024.0 free,      0.0 used.   2640.6 avail Mem 

    PID USER      PR  NI    VIRT    RES    SHR S  %CPU  %MEM     TIME+ COMMAND
   6467 sunny     20   0  614688  47332  10880 R  96.0   1.3   1:42.92 MovieHT+

top - 02:08:28 up 12:46,  1 user,  load average: 6.51, 2.92, 1.51
Tasks:   1 total,   1 running,   0 sleeping,   0 stopped,   0 zombie
%Cpu(s):  9.7 us, 12.6 sy,  0.0 ni, 73.9 id,  0.0 wa,  0.0 hi,  3.8 si,  0.0 st 
MiB Mem :   3532.2 total,   2518.7 free,    892.8 used,    205.4 buff/cache     
MiB Swap:   1024.0 total,   1024.0 free,      0.0 used.   2639.4 avail Mem 

    PID USER      PR  NI    VIRT    RES    SHR S  %CPU  %MEM     TIME+ COMMAND
   6467 sunny     20   0  614688  47332  10880 R  96.2   1.3   1:47.73 MovieHT+

top - 02:08:33 up 12:46,  1 user,  load average: 6.71, 3.02, 1.55
Tasks:   1 total,   0 running,   1 sleeping,   0 stopped,   0 zombie
%Cpu(s):  9.5 us, 12.6 sy,  0.0 ni, 74.5 id,  0.0 wa,  0.0 hi,  3.4 si,  0.0 st 
MiB Mem :   3532.2 total,   2520.9 free,    890.7 used,    205.4 buff/cache     
MiB Swap:   1024.0 total,   1024.0 free,      0.0 used.   2641.6 avail Mem 

    PID USER      PR  NI    VIRT    RES    SHR S  %CPU  %MEM     TIME+ COMMAND
   6467 sunny     20   0  614688  47332  10880 S  96.4   1.3   1:52.55 MovieHT+

top - 02:08:38 up 12:46,  1 user,  load average: 6.57, 3.05, 1.57
Tasks:   1 total,   1 running,   0 sleeping,   0 stopped,   0 zombie
%Cpu(s):  9.9 us, 12.8 sy,  0.0 ni, 73.8 id,  0.0 wa,  0.0 hi,  3.4 si,  0.0 st 
MiB Mem :   3532.2 total,   2520.2 free,    891.3 used,    205.4 buff/cache     
MiB Swap:   1024.0 total,   1024.0 free,      0.0 used.   2640.9 avail Mem 

    PID USER      PR  NI    VIRT    RES    SHR S  %CPU  %MEM     TIME+ COMMAND
   6467 sunny     20   0  614688  47332  10880 R  96.0   1.3   1:57.36 MovieHT+

top - 02:08:43 up 12:46,  1 user,  load average: 6.61, 3.12, 1.60
Tasks:   1 total,   1 running,   0 sleeping,   0 stopped,   0 zombie
%Cpu(s):  9.4 us, 12.9 sy,  0.0 ni, 74.2 id,  0.0 wa,  0.0 hi,  3.5 si,  0.0 st 
MiB Mem :   3532.2 total,   2523.5 free,    888.0 used,    205.4 buff/cache     
MiB Swap:   1024.0 total,   1024.0 free,      0.0 used.   2644.3 avail Mem 

    PID USER      PR  NI    VIRT    RES    SHR S  %CPU  %MEM     TIME+ COMMAND
   6467 sunny     20   0  614688  47332  10880 R  96.2   1.3   2:02.18 MovieHT+

top - 02:08:48 up 12:46,  1 user,  load average: 6.64, 3.18, 1.62
Tasks:   1 total,   1 running,   0 sleeping,   0 stopped,   0 zombie
%Cpu(s):  9.8 us, 12.5 sy,  0.0 ni, 73.8 id,  0.0 wa,  0.0 hi,  4.0 si,  0.0 st 
MiB Mem :   3532.2 total,   2523.4 free,    888.1 used,    205.4 buff/cache     
MiB Swap:   1024.0 total,   1024.0 free,      0.0 used.   2644.1 avail Mem 

    PID USER      PR  NI    VIRT    RES    SHR S  %CPU  %MEM     TIME+ COMMAND
   6467 sunny     20   0  614688  47332  10880 R  96.2   1.3   2:06.99 MovieHT+

top - 02:08:53 up 12:46,  1 user,  load average: 6.83, 3.28, 1.66
Tasks:   1 total,   0 running,   1 sleeping,   0 stopped,   0 zombie
%Cpu(s): 10.4 us, 12.3 sy,  0.0 ni, 73.9 id,  0.0 wa,  0.0 hi,  3.4 si,  0.0 st 
MiB Mem :   3532.2 total,   2523.5 free,    888.0 used,    205.4 buff/cache     
MiB Swap:   1024.0 total,   1024.0 free,      0.0 used.   2644.3 avail Mem 

    PID USER      PR  NI    VIRT    RES    SHR S  %CPU  %MEM     TIME+ COMMAND
   6467 sunny     20   0  614688  47332  10880 S  96.0   1.3   2:11.80 MovieHT+

top - 02:08:58 up 12:46,  1 user,  load average: 6.60, 3.29, 1.68
Tasks:   1 total,   0 running,   1 sleeping,   0 stopped,   0 zombie
%Cpu(s):  9.9 us, 12.7 sy,  0.0 ni, 74.1 id,  0.0 wa,  0.0 hi,  3.3 si,  0.0 st 
MiB Mem :   3532.2 total,   2525.1 free,    886.4 used,    205.4 buff/cache     
MiB Swap:   1024.0 total,   1024.0 free,      0.0 used.   2645.8 avail Mem 

    PID USER      PR  NI    VIRT    RES    SHR S  %CPU  %MEM     TIME+ COMMAND
   6467 sunny     20   0  614688  47332  10880 S  95.8   1.3   2:16.60 MovieHT+

top - 02:09:02 up 12:46,  1 user,  load average: 6.79, 3.39, 1.72
Tasks:   1 total,   1 running,   0 sleeping,   0 stopped,   0 zombie
%Cpu(s): 10.3 us, 12.4 sy,  0.0 ni, 73.6 id,  0.0 wa,  0.0 hi,  3.8 si,  0.0 st 
MiB Mem :   3532.2 total,   2523.4 free,    888.2 used,    205.4 buff/cache     
MiB Swap:   1024.0 total,   1024.0 free,      0.0 used.   2644.1 avail Mem 

    PID USER      PR  NI    VIRT    RES    SHR S  %CPU  %MEM     TIME+ COMMAND
   6467 sunny     20   0  614688  47332  10880 R  96.2   1.3   2:21.41 MovieHT+

top - 02:09:07 up 12:46,  1 user,  load average: 6.89, 3.46, 1.75
Tasks:   1 total,   1 running,   0 sleeping,   0 stopped,   0 zombie
%Cpu(s):  9.9 us, 12.7 sy,  0.0 ni, 73.8 id,  0.0 wa,  0.0 hi,  3.6 si,  0.0 st 
MiB Mem :   3532.2 total,   2523.6 free,    887.9 used,    205.4 buff/cache     
MiB Swap:   1024.0 total,   1024.0 free,      0.0 used.   2644.3 avail Mem 

    PID USER      PR  NI    VIRT    RES    SHR S  %CPU  %MEM     TIME+ COMMAND
   6467 sunny     20   0  614688  47332  10880 R  96.0   1.3   2:26.22 MovieHT+

top - 02:09:12 up 12:46,  1 user,  load average: 6.82, 3.51, 1.77
Tasks:   1 total,   1 running,   0 sleeping,   0 stopped,   0 zombie
%Cpu(s):  9.9 us, 12.3 sy,  0.0 ni, 74.3 id,  0.0 wa,  0.0 hi,  3.6 si,  0.0 st 
MiB Mem :   3532.2 total,   2523.4 free,    888.1 used,    205.4 buff/cache     
MiB Swap:   1024.0 total,   1024.0 free,      0.0 used.   2644.1 avail Mem 

    PID USER      PR  NI    VIRT    RES    SHR S  %CPU  %MEM     TIME+ COMMAND
   6467 sunny     20   0  614688  47332  10880 R  96.2   1.3   2:31.03 MovieHT+

top - 02:09:17 up 12:46,  1 user,  load average: 6.83, 3.56, 1.80
Tasks:   1 total,   0 running,   1 sleeping,   0 stopped,   0 zombie
%Cpu(s):  9.9 us, 13.1 sy,  0.0 ni, 73.9 id,  0.0 wa,  0.0 hi,  3.1 si,  0.0 st 
MiB Mem :   3532.2 total,   2523.5 free,    888.0 used,    205.4 buff/cache     
MiB Swap:   1024.0 total,   1024.0 free,      0.0 used.   2644.3 avail Mem 

    PID USER      PR  NI    VIRT    RES    SHR S  %CPU  %MEM     TIME+ COMMAND
   6467 sunny     20   0  614688  47332  10880 S  96.2   1.3   2:35.85 MovieHT+

top - 02:09:22 up 12:47,  1 user,  load average: 7.01, 3.65, 1.84
Tasks:   1 total,   0 running,   1 sleeping,   0 stopped,   0 zombie
%Cpu(s):  9.9 us, 12.9 sy,  0.0 ni, 74.0 id,  0.0 wa,  0.0 hi,  3.3 si,  0.0 st 
MiB Mem :   3532.2 total,   2523.3 free,    888.2 used,    205.4 buff/cache     
MiB Swap:   1024.0 total,   1024.0 free,      0.0 used.   2644.1 avail Mem 

    PID USER      PR  NI    VIRT    RES    SHR S  %CPU  %MEM     TIME+ COMMAND
   6467 sunny     20   0  614688  47332  10880 S  96.0   1.3   2:40.66 MovieHT+

top - 02:09:27 up 12:47,  1 user,  load average: 7.09, 3.73, 1.87
Tasks:   1 total,   1 running,   0 sleeping,   0 stopped,   0 zombie
%Cpu(s):  9.6 us, 13.0 sy,  0.0 ni, 73.7 id,  0.0 wa,  0.0 hi,  3.7 si,  0.0 st 
MiB Mem :   3532.2 total,   2521.3 free,    890.2 used,    205.4 buff/cache     
MiB Swap:   1024.0 total,   1024.0 free,      0.0 used.   2642.1 avail Mem 

    PID USER      PR  NI    VIRT    RES    SHR S  %CPU  %MEM     TIME+ COMMAND
   6467 sunny     20   0  614688  47332  10880 R  96.2   1.3   2:45.47 MovieHT+

top - 02:09:31 up 12:47,  1 user,  load average: 7.08, 3.78, 1.90
Tasks:   1 total,   0 running,   1 sleeping,   0 stopped,   0 zombie
%Cpu(s):  9.6 us, 12.5 sy,  0.0 ni, 74.0 id,  0.0 wa,  0.0 hi,  3.9 si,  0.0 st 
MiB Mem :   3532.2 total,   2519.8 free,    891.7 used,    205.4 buff/cache     
MiB Swap:   1024.0 total,   1024.0 free,      0.0 used.   2640.5 avail Mem 

    PID USER      PR  NI    VIRT    RES    SHR S  %CPU  %MEM     TIME+ COMMAND
   6467 sunny     20   0  614688  47332  10880 S  96.2   1.3   2:50.29 MovieHT+

top - 02:09:36 up 12:47,  1 user,  load average: 6.99, 3.82, 1.93
Tasks:   1 total,   0 running,   1 sleeping,   0 stopped,   0 zombie
%Cpu(s):  9.4 us, 12.8 sy,  0.0 ni, 73.8 id,  0.0 wa,  0.0 hi,  4.0 si,  0.0 st 
MiB Mem :   3532.2 total,   2518.9 free,    892.6 used,    205.4 buff/cache     
MiB Swap:   1024.0 total,   1024.0 free,      0.0 used.   2639.6 avail Mem 

    PID USER      PR  NI    VIRT    RES    SHR S  %CPU  %MEM     TIME+ COMMAND
   6467 sunny     20   0  614688  47332  10880 S  96.0   1.3   2:55.10 MovieHT+

top - 02:09:41 up 12:47,  1 user,  load average: 7.07, 3.89, 1.96
Tasks:   1 total,   0 running,   1 sleeping,   0 stopped,   0 zombie
%Cpu(s):  9.9 us, 12.8 sy,  0.0 ni, 73.7 id,  0.0 wa,  0.0 hi,  3.6 si,  0.0 st 
MiB Mem :   3532.2 total,   2517.6 free,    893.9 used,    205.4 buff/cache     
MiB Swap:   1024.0 total,   1024.0 free,      0.0 used.   2638.3 avail Mem 

    PID USER      PR  NI    VIRT    RES    SHR S  %CPU  %MEM     TIME+ COMMAND
   6467 sunny     20   0  614688  47332  10880 S  96.2   1.3   2:59.91 MovieHT+

top - 02:09:46 up 12:47,  1 user,  load average: 7.15, 3.96, 1.99
Tasks:   1 total,   0 running,   1 sleeping,   0 stopped,   0 zombie
%Cpu(s): 10.1 us, 12.5 sy,  0.0 ni, 73.8 id,  0.0 wa,  0.0 hi,  3.7 si,  0.0 st 
MiB Mem :   3532.2 total,   2516.3 free,    895.2 used,    205.4 buff/cache     
MiB Swap:   1024.0 total,   1024.0 free,      0.0 used.   2637.0 avail Mem 

    PID USER      PR  NI    VIRT    RES    SHR S  %CPU  %MEM     TIME+ COMMAND
   6467 sunny     20   0  614688  47332  10880 S  96.0   1.3   3:04.72 MovieHT+

top - 02:09:51 up 12:47,  1 user,  load average: 7.30, 4.04, 2.03
Tasks:   1 total,   1 running,   0 sleeping,   0 stopped,   0 zombie
%Cpu(s): 10.0 us, 12.5 sy,  0.0 ni, 74.2 id,  0.0 wa,  0.0 hi,  3.2 si,  0.0 st 
MiB Mem :   3532.2 total,   2519.2 free,    892.3 used,    205.4 buff/cache     
MiB Swap:   1024.0 total,   1024.0 free,      0.0 used.   2639.9 avail Mem 

    PID USER      PR  NI    VIRT    RES    SHR S  %CPU  %MEM     TIME+ COMMAND
   6467 sunny     20   0  614688  47332  10880 R  96.2   1.3   3:09.53 MovieHT+

top - 02:09:56 up 12:47,  1 user,  load average: 7.43, 4.12, 2.07
Tasks:   1 total,   1 running,   0 sleeping,   0 stopped,   0 zombie
%Cpu(s): 10.2 us, 12.9 sy,  0.0 ni, 73.9 id,  0.0 wa,  0.0 hi,  3.1 si,  0.0 st 
MiB Mem :   3532.2 total,   2520.9 free,    890.6 used,    205.4 buff/cache     
MiB Swap:   1024.0 total,   1024.0 free,      0.0 used.   2641.6 avail Mem 

    PID USER      PR  NI    VIRT    RES    SHR S  %CPU  %MEM     TIME+ COMMAND
   6467 sunny     20   0  614688  47332  10880 R  95.8   1.3   3:14.33 MovieHT+

top - 02:10:01 up 12:47,  1 user,  load average: 7.48, 4.19, 2.10
Tasks:   1 total,   1 running,   0 sleeping,   0 stopped,   0 zombie
%Cpu(s): 10.3 us, 12.3 sy,  0.0 ni, 73.9 id,  0.0 wa,  0.0 hi,  3.4 si,  0.0 st 
MiB Mem :   3532.2 total,   2519.7 free,    891.8 used,    205.4 buff/cache     
MiB Swap:   1024.0 total,   1024.0 free,      0.0 used.   2640.4 avail Mem 

    PID USER      PR  NI    VIRT    RES    SHR S  %CPU  %MEM     TIME+ COMMAND
   6467 sunny     20   0  614688  47332  10880 R  96.2   1.3   3:19.15 MovieHT+

top - 02:10:05 up 12:47,  1 user,  load average: 7.44, 4.23, 2.12
Tasks:   1 total,   1 running,   0 sleeping,   0 stopped,   0 zombie
%Cpu(s):  9.8 us, 12.7 sy,  0.0 ni, 73.9 id,  0.0 wa,  0.0 hi,  3.5 si,  0.0 st 
MiB Mem :   3532.2 total,   2518.6 free,    892.9 used,    205.4 buff/cache     
MiB Swap:   1024.0 total,   1024.0 free,      0.0 used.   2639.3 avail Mem 

    PID USER      PR  NI    VIRT    RES    SHR S  %CPU  %MEM     TIME+ COMMAND
   6467 sunny     20   0  614688  47332  10880 R  96.2   1.3   3:23.97 MovieHT+

top - 02:10:10 up 12:47,  1 user,  load average: 7.49, 4.30, 2.16
Tasks:   1 total,   0 running,   1 sleeping,   0 stopped,   0 zombie
%Cpu(s):  9.8 us, 12.6 sy,  0.0 ni, 74.1 id,  0.0 wa,  0.0 hi,  3.5 si,  0.0 st 
MiB Mem :   3532.2 total,   2517.3 free,    894.2 used,    205.4 buff/cache     
MiB Swap:   1024.0 total,   1024.0 free,      0.0 used.   2638.0 avail Mem 

    PID USER      PR  NI    VIRT    RES    SHR S  %CPU  %MEM     TIME+ COMMAND
   6467 sunny     20   0  614688  47332  10880 S  96.0   1.3   3:28.78 MovieHT+

top - 02:10:15 up 12:47,  1 user,  load average: 7.37, 4.33, 2.18
Tasks:   1 total,   1 running,   0 sleeping,   0 stopped,   0 zombie
%Cpu(s):  9.8 us, 13.1 sy,  0.0 ni, 73.9 id,  0.0 wa,  0.0 hi,  3.2 si,  0.0 st 
MiB Mem :   3532.2 total,   2516.0 free,    895.5 used,    205.4 buff/cache     
MiB Swap:   1024.0 total,   1024.0 free,      0.0 used.   2636.7 avail Mem 

    PID USER      PR  NI    VIRT    RES    SHR S  %CPU  %MEM     TIME+ COMMAND
   6467 sunny     20   0  614688  47332  10880 R  96.0   1.3   3:33.59 MovieHT+

top - 02:10:20 up 12:48,  1 user,  load average: 7.18, 4.34, 2.19
Tasks:   1 total,   1 running,   0 sleeping,   0 stopped,   0 zombie
%Cpu(s):  9.7 us, 12.8 sy,  0.0 ni, 73.6 id,  0.0 wa,  0.0 hi,  3.9 si,  0.0 st 
MiB Mem :   3532.2 total,   2518.9 free,    892.6 used,    205.4 buff/cache     
MiB Swap:   1024.0 total,   1024.0 free,      0.0 used.   2639.6 avail Mem 

    PID USER      PR  NI    VIRT    RES    SHR S  %CPU  %MEM     TIME+ COMMAND
   6467 sunny     20   0  614688  47332  10880 R  96.0   1.3   3:38.39 MovieHT+

top - 02:10:25 up 12:48,  1 user,  load average: 6.92, 4.33, 2.20
Tasks:   1 total,   1 running,   0 sleeping,   0 stopped,   0 zombie
%Cpu(s): 10.1 us, 12.3 sy,  0.0 ni, 73.8 id,  0.0 wa,  0.0 hi,  3.8 si,  0.0 st 
MiB Mem :   3532.2 total,   2521.2 free,    890.3 used,    205.4 buff/cache     
MiB Swap:   1024.0 total,   1024.0 free,      0.0 used.   2641.9 avail Mem 

    PID USER      PR  NI    VIRT    RES    SHR S  %CPU  %MEM     TIME+ COMMAND
   6467 sunny     20   0  614688  47332  10880 R  96.2   1.3   3:43.21 MovieHT+

top - 02:10:30 up 12:48,  1 user,  load average: 6.93, 4.38, 2.23
Tasks:   1 total,   0 running,   1 sleeping,   0 stopped,   0 zombie
%Cpu(s): 10.1 us, 12.3 sy,  0.0 ni, 74.3 id,  0.0 wa,  0.0 hi,  3.4 si,  0.0 st 
MiB Mem :   3532.2 total,   2520.1 free,    891.4 used,    205.4 buff/cache     
MiB Swap:   1024.0 total,   1024.0 free,      0.0 used.   2640.8 avail Mem 

    PID USER      PR  NI    VIRT    RES    SHR S  %CPU  %MEM     TIME+ COMMAND
   6467 sunny     20   0  614688  47332  10880 S  96.4   1.3   3:48.03 MovieHT+

top - 02:10:34 up 12:48,  1 user,  load average: 6.93, 4.42, 2.25
Tasks:   1 total,   1 running,   0 sleeping,   0 stopped,   0 zombie
%Cpu(s):  9.3 us, 13.0 sy,  0.0 ni, 74.0 id,  0.0 wa,  0.0 hi,  3.6 si,  0.0 st 
MiB Mem :   3532.2 total,   2518.7 free,    892.8 used,    205.4 buff/cache     
MiB Swap:   1024.0 total,   1024.0 free,      0.0 used.   2639.4 avail Mem 

    PID USER      PR  NI    VIRT    RES    SHR S  %CPU  %MEM     TIME+ COMMAND
   6467 sunny     20   0  614688  47332  10880 R  96.2   1.3   3:52.85 MovieHT+

top - 02:10:39 up 12:48,  1 user,  load average: 6.94, 4.46, 2.28
Tasks:   1 total,   1 running,   0 sleeping,   0 stopped,   0 zombie
%Cpu(s): 10.1 us, 12.5 sy,  0.0 ni, 74.0 id,  0.0 wa,  0.0 hi,  3.4 si,  0.0 st 
MiB Mem :   3532.2 total,   2516.7 free,    894.7 used,    205.4 buff/cache     
MiB Swap:   1024.0 total,   1024.0 free,      0.0 used.   2637.5 avail Mem 

    PID USER      PR  NI    VIRT    RES    SHR S  %CPU  %MEM     TIME+ COMMAND
   6467 sunny     20   0  614688  47332  10880 R  95.8   1.3   3:57.64 MovieHT+

top - 02:10:44 up 12:48,  1 user,  load average: 7.10, 4.54, 2.32
Tasks:   1 total,   1 running,   0 sleeping,   0 stopped,   0 zombie
%Cpu(s):  9.9 us, 12.3 sy,  0.0 ni, 74.2 id,  0.0 wa,  0.0 hi,  3.6 si,  0.0 st 
MiB Mem :   3532.2 total,   2515.7 free,    895.8 used,    205.4 buff/cache     
MiB Swap:   1024.0 total,   1024.0 free,      0.0 used.   2636.5 avail Mem 

    PID USER      PR  NI    VIRT    RES    SHR S  %CPU  %MEM     TIME+ COMMAND
   6467 sunny     20   0  614688  47332  10880 R  95.8   1.3   4:02.44 MovieHT+

top - 02:10:49 up 12:48,  1 user,  load average: 7.18, 4.60, 2.35
Tasks:   1 total,   0 running,   1 sleeping,   0 stopped,   0 zombie
%Cpu(s):  9.9 us, 12.0 sy,  0.0 ni, 74.2 id,  0.0 wa,  0.0 hi,  3.9 si,  0.0 st 
MiB Mem :   3532.2 total,   2521.4 free,    890.0 used,    205.4 buff/cache     
MiB Swap:   1024.0 total,   1024.0 free,      0.0 used.   2642.2 avail Mem 

    PID USER      PR  NI    VIRT    RES    SHR S  %CPU  %MEM     TIME+ COMMAND
   6467 sunny     20   0  614688  47332  10880 S  96.0   1.3   4:07.24 MovieHT+

top - 02:10:54 up 12:48,  1 user,  load average: 7.16, 4.64, 2.37
Tasks:   1 total,   1 running,   0 sleeping,   0 stopped,   0 zombie
%Cpu(s): 10.0 us, 12.2 sy,  0.0 ni, 73.8 id,  0.0 wa,  0.0 hi,  4.0 si,  0.0 st 
MiB Mem :   3532.2 total,   2519.6 free,    891.9 used,    205.4 buff/cache     
MiB Swap:   1024.0 total,   1024.0 free,      0.0 used.   2640.4 avail Mem 

    PID USER      PR  NI    VIRT    RES    SHR S  %CPU  %MEM     TIME+ COMMAND
   6467 sunny     20   0  614688  47332  10880 R  95.6   1.3   4:12.03 MovieHT+

top - 02:10:59 up 12:48,  1 user,  load average: 7.15, 4.68, 2.40
Tasks:   1 total,   1 running,   0 sleeping,   0 stopped,   0 zombie
%Cpu(s): 10.1 us, 12.6 sy,  0.0 ni, 74.2 id,  0.0 wa,  0.0 hi,  3.1 si,  0.0 st 
MiB Mem :   3532.2 total,   2519.1 free,    892.4 used,    205.4 buff/cache     
MiB Swap:   1024.0 total,   1024.0 free,      0.0 used.   2639.9 avail Mem 

    PID USER      PR  NI    VIRT    RES    SHR S  %CPU  %MEM     TIME+ COMMAND
   6467 sunny     20   0  614688  47332  10880 R  96.0   1.3   4:16.84 MovieHT+

top - 02:11:04 up 12:48,  1 user,  load average: 7.14, 4.71, 2.42
Tasks:   1 total,   1 running,   0 sleeping,   0 stopped,   0 zombie
%Cpu(s): 10.1 us, 12.5 sy,  0.0 ni, 74.0 id,  0.0 wa,  0.0 hi,  3.4 si,  0.0 st 
MiB Mem :   3532.2 total,   2517.5 free,    894.0 used,    205.4 buff/cache     
MiB Swap:   1024.0 total,   1024.0 free,      0.0 used.   2638.3 avail Mem 

    PID USER      PR  NI    VIRT    RES    SHR S  %CPU  %MEM     TIME+ COMMAND
   6467 sunny     20   0  614688  47332  10880 R  96.2   1.3   4:21.65 MovieHT+

top - 02:11:08 up 12:48,  1 user,  load average: 7.05, 4.74, 2.44
Tasks:   1 total,   0 running,   1 sleeping,   0 stopped,   0 zombie
%Cpu(s): 10.1 us, 12.4 sy,  0.0 ni, 74.2 id,  0.0 wa,  0.0 hi,  3.3 si,  0.0 st 
MiB Mem :   3532.2 total,   2517.9 free,    893.5 used,    205.4 buff/cache     
MiB Swap:   1024.0 total,   1024.0 free,      0.0 used.   2638.7 avail Mem 

    PID USER      PR  NI    VIRT    RES    SHR S  %CPU  %MEM     TIME+ COMMAND
   6467 sunny     20   0  614688  47332  10880 S  96.2   1.3   4:26.47 MovieHT+

top - 02:11:13 up 12:48,  1 user,  load average: 7.04, 4.77, 2.47
Tasks:   1 total,   0 running,   1 sleeping,   0 stopped,   0 zombie
%Cpu(s):  9.6 us, 12.8 sy,  0.0 ni, 74.3 id,  0.0 wa,  0.0 hi,  3.3 si,  0.0 st 
MiB Mem :   3532.2 total,   2519.3 free,    892.2 used,    205.4 buff/cache     
MiB Swap:   1024.0 total,   1024.0 free,      0.0 used.   2640.0 avail Mem 

    PID USER      PR  NI    VIRT    RES    SHR S  %CPU  %MEM     TIME+ COMMAND
   6467 sunny     20   0  614688  47332  10880 S  96.2   1.3   4:31.28 MovieHT+

top - 02:11:18 up 12:49,  1 user,  load average: 7.12, 4.83, 2.50
Tasks:   1 total,   0 running,   1 sleeping,   0 stopped,   0 zombie
%Cpu(s): 10.0 us, 12.5 sy,  0.0 ni, 74.3 id,  0.0 wa,  0.0 hi,  3.2 si,  0.0 st 
MiB Mem :   3532.2 total,   2520.5 free,    891.0 used,    205.4 buff/cache     
MiB Swap:   1024.0 total,   1024.0 free,      0.0 used.   2641.3 avail Mem 

    PID USER      PR  NI    VIRT    RES    SHR S  %CPU  %MEM     TIME+ COMMAND
   6467 sunny     20   0  614688  47332  10880 S  95.6   1.3   4:36.07 MovieHT+

top - 02:11:23 up 12:49,  1 user,  load average: 7.11, 4.86, 2.52
Tasks:   1 total,   0 running,   1 sleeping,   0 stopped,   0 zombie
%Cpu(s):  9.7 us, 12.7 sy,  0.0 ni, 73.8 id,  0.0 wa,  0.0 hi,  3.7 si,  0.0 st 
MiB Mem :   3532.2 total,   2519.9 free,    891.6 used,    205.4 buff/cache     
MiB Swap:   1024.0 total,   1024.0 free,      0.0 used.   2640.7 avail Mem 

    PID USER      PR  NI    VIRT    RES    SHR S  %CPU  %MEM     TIME+ COMMAND
   6467 sunny     20   0  614688  47332  10880 S  95.8   1.3   4:40.86 MovieHT+

top - 02:11:28 up 12:49,  1 user,  load average: 7.18, 4.92, 2.55
Tasks:   1 total,   0 running,   1 sleeping,   0 stopped,   0 zombie
%Cpu(s):  9.6 us, 12.6 sy,  0.0 ni, 74.6 id,  0.0 wa,  0.0 hi,  3.3 si,  0.0 st 
MiB Mem :   3532.2 total,   2518.6 free,    892.9 used,    205.4 buff/cache     
MiB Swap:   1024.0 total,   1024.0 free,      0.0 used.   2639.3 avail Mem 

    PID USER      PR  NI    VIRT    RES    SHR S  %CPU  %MEM     TIME+ COMMAND
   6467 sunny     20   0  614688  47332  10880 S  95.6   1.3   4:45.64 MovieHT+

top - 02:11:33 up 12:49,  1 user,  load average: 7.25, 4.97, 2.58
Tasks:   1 total,   0 running,   1 sleeping,   0 stopped,   0 zombie
%Cpu(s):  9.8 us, 13.0 sy,  0.0 ni, 73.8 id,  0.0 wa,  0.0 hi,  3.4 si,  0.0 st 
MiB Mem :   3532.2 total,   2517.4 free,    894.1 used,    205.4 buff/cache     
MiB Swap:   1024.0 total,   1024.0 free,      0.0 used.   2638.2 avail Mem 

    PID USER      PR  NI    VIRT    RES    SHR S  %CPU  %MEM     TIME+ COMMAND
   6467 sunny     20   0  614688  47332  10880 S  95.8   1.3   4:50.44 MovieHT+

top - 02:11:36 up 12:49,  1 user,  load average: 7.47, 5.05, 2.62
Tasks:   1 total,   0 running,   1 sleeping,   0 stopped,   0 zombie
%Cpu(s): 10.0 us, 12.4 sy,  0.0 ni, 73.9 id,  0.0 wa,  0.0 hi,  3.8 si,  0.0 st 
MiB Mem :   3532.2 total,   2516.3 free,    895.1 used,    205.4 buff/cache     
MiB Swap:   1024.0 total,   1024.0 free,      0.0 used.   2637.1 avail Mem 

    PID USER      PR  NI    VIRT    RES    SHR S  %CPU  %MEM     TIME+ COMMAND
   6467 sunny     20   0  614688  47332  10880 S  96.2   1.3   4:55.26 MovieHT+

top - 02:11:41 up 12:49,  1 user,  load average: 6.87, 4.97, 2.61
Tasks:   1 total,   0 running,   1 sleeping,   0 stopped,   0 zombie
%Cpu(s):  5.4 us,  7.1 sy,  0.0 ni, 85.7 id,  0.0 wa,  0.0 hi,  1.8 si,  0.0 st 
MiB Mem :   3532.2 total,   2528.8 free,    883.4 used,    204.7 buff/cache     
MiB Swap:   1024.0 total,   1024.0 free,      0.0 used.   2648.8 avail Mem 

    PID USER      PR  NI    VIRT    RES    SHR S  %CPU  %MEM     TIME+ COMMAND
   6467 sunny     20   0  614688  47332  10880 S  51.8   1.3   4:57.85 MovieHT+
