top - 01:55:51 up 12:33,  1 user,  load average: 0.00, 0.16, 0.25
Tasks:   1 total,   0 running,   1 sleeping,   0 stopped,   0 zombie
%Cpu(s):  1.1 us,  2.2 sy,  0.0 ni, 96.7 id,  0.0 wa,  0.0 hi,  0.0 si,  0.0 st 
MiB Mem :   3532.2 total,   2576.5 free,    844.9 used,    195.4 buff/cache     
MiB Swap:   1024.0 total,   1024.0 free,      0.0 used.   2687.3 avail Mem 

    PID USER      PR  NI    VIRT    RES    SHR S  %CPU  %MEM     TIME+ COMMAND
   6426 sunny     20   0   90400   9344   8192 S   0.0   0.3   0:00.01 MovieHT+

top - 01:55:56 up 12:33,  1 user,  load average: 0.00, 0.16, 0.25
Tasks:   1 total,   0 running,   1 sleeping,   0 stopped,   0 zombie
%Cpu(s):  4.9 us,  4.2 sy,  0.0 ni, 89.6 id,  0.0 wa,  0.0 hi,  1.3 si,  0.0 st 
MiB Mem :   3532.2 total,   2534.6 free,    882.2 used,    200.1 buff/cache     
MiB Swap:   1024.0 total,   1024.0 free,      0.0 used.   2650.1 avail Mem 

    PID USER      PR  NI    VIRT    RES    SHR S  %CPU  %MEM     TIME+ COMMAND
   6426 sunny     20   0  614688  45588  10752 S  42.0   1.3   0:02.11 MovieHT+

top - 01:56:01 up 12:33,  1 user,  load average: 0.24, 0.20, 0.26
Tasks:   1 total,   0 running,   1 sleeping,   0 stopped,   0 zombie
%Cpu(s):  8.8 us, 11.3 sy,  0.0 ni, 76.6 id,  0.0 wa,  0.0 hi,  3.2 si,  0.0 st 
MiB Mem :   3532.2 total,   2533.0 free,    883.8 used,    200.1 buff/cache     
MiB Swap:   1024.0 total,   1024.0 free,      0.0 used.   2648.4 avail Mem 

    PID USER      PR  NI    VIRT    RES    SHR S  %CPU  %MEM     TIME+ COMMAND
   6426 sunny     20   0  614688  45588  10752 S  91.8   1.3   0:06.71 MovieHT+

top - 01:56:05 up 12:33,  1 user,  load average: 0.38, 0.24, 0.27
Tasks:   1 total,   0 running,   1 sleeping,   0 stopped,   0 zombie
%Cpu(s):  9.1 us, 11.0 sy,  0.0 ni, 76.6 id,  0.0 wa,  0.0 hi,  3.2 si,  0.0 st 
MiB Mem :   3532.2 total,   2531.8 free,    885.0 used,    200.1 buff/cache     
MiB Swap:   1024.0 total,   1024.0 free,      0.0 used.   2647.3 avail Mem 

    PID USER      PR  NI    VIRT    RES    SHR S  %CPU  %MEM     TIME+ COMMAND
   6426 sunny     20   0  614688  45588  10752 S  91.8   1.3   0:11.31 MovieHT+

top - 01:56:10 up 12:33,  1 user,  load average: 0.51, 0.26, 0.28
Tasks:   1 total,   1 running,   0 sleeping,   0 stopped,   0 zombie
%Cpu(s):  9.1 us, 11.8 sy,  0.0 ni, 75.9 id,  0.0 wa,  0.0 hi,  3.2 si,  0.0 st 
MiB Mem :   3532.2 total,   2530.9 free,    885.9 used,    200.1 buff/cache     
MiB Swap:   1024.0 total,   1024.0 free,      0.0 used.   2646.3 avail Mem 

    PID USER      PR  NI    VIRT    RES    SHR S  %CPU  %MEM     TIME+ COMMAND
   6426 sunny     20   0  614688  45588  10752 R  92.2   1.3   0:15.92 MovieHT+

top - 01:56:15 up 12:33,  1 user,  load average: 0.71, 0.31, 0.29
Tasks:   1 total,   0 running,   1 sleeping,   0 stopped,   0 zombie
%Cpu(s):  8.3 us, 11.9 sy,  0.0 ni, 76.5 id,  0.0 wa,  0.0 hi,  3.2 si,  0.0 st 
MiB Mem :   3532.2 total,   2530.4 free,    886.3 used,    200.1 buff/cache     
MiB Swap:   1024.0 total,   1024.0 free,      0.0 used.   2645.9 avail Mem 

    PID USER      PR  NI    VIRT    RES    SHR S  %CPU  %MEM     TIME+ COMMAND
   6426 sunny     20   0  614688  45588  10752 S  92.2   1.3   0:20.54 MovieHT+

top - 01:56:20 up 12:33,  1 user,  load average: 0.81, 0.34, 0.30
Tasks:   1 total,   1 running,   0 sleeping,   0 stopped,   0 zombie
%Cpu(s):  8.4 us, 11.9 sy,  0.0 ni, 76.5 id,  0.0 wa,  0.0 hi,  3.2 si,  0.0 st 
MiB Mem :   3532.2 total,   2529.5 free,    887.2 used,    200.1 buff/cache     
MiB Swap:   1024.0 total,   1024.0 free,      0.0 used.   2645.0 avail Mem 

    PID USER      PR  NI    VIRT    RES    SHR S  %CPU  %MEM     TIME+ COMMAND
   6426 sunny     20   0  614688  45588  10752 R  91.8   1.3   0:25.14 MovieHT+

top - 01:56:25 up 12:33,  1 user,  load average: 0.99, 0.38, 0.32
Tasks:   1 total,   0 running,   1 sleeping,   0 stopped,   0 zombie
%Cpu(s):  8.3 us, 11.9 sy,  0.0 ni, 75.8 id,  0.0 wa,  0.0 hi,  4.0 si,  0.0 st 
MiB Mem :   3532.2 total,   2528.8 free,    887.9 used,    200.1 buff/cache     
MiB Swap:   1024.0 total,   1024.0 free,      0.0 used.   2644.3 avail Mem 

    PID USER      PR  NI    VIRT    RES    SHR S  %CPU  %MEM     TIME+ COMMAND
   6426 sunny     20   0  614688  45588  10752 S  92.0   1.3   0:29.75 MovieHT+

top - 01:56:30 up 12:33,  1 user,  load average: 1.07, 0.41, 0.33
Tasks:   1 total,   0 running,   1 sleeping,   0 stopped,   0 zombie
%Cpu(s):  8.8 us, 11.6 sy,  0.0 ni, 76.2 id,  0.0 wa,  0.0 hi,  3.4 si,  0.0 st 
MiB Mem :   3532.2 total,   2528.6 free,    888.2 used,    200.1 buff/cache     
MiB Swap:   1024.0 total,   1024.0 free,      0.0 used.   2644.1 avail Mem 

    PID USER      PR  NI    VIRT    RES    SHR S  %CPU  %MEM     TIME+ COMMAND
   6426 sunny     20   0  614688  45588  10752 S  92.2   1.3   0:34.36 MovieHT+

top - 01:56:34 up 12:33,  1 user,  load average: 1.23, 0.45, 0.34
Tasks:   1 total,   1 running,   0 sleeping,   0 stopped,   0 zombie
%Cpu(s):  8.5 us, 12.2 sy,  0.0 ni, 76.1 id,  0.0 wa,  0.0 hi,  3.2 si,  0.0 st 
MiB Mem :   3532.2 total,   2527.9 free,    888.8 used,    200.1 buff/cache     
MiB Swap:   1024.0 total,   1024.0 free,      0.0 used.   2643.4 avail Mem 

    PID USER      PR  NI    VIRT    RES    SHR S  %CPU  %MEM     TIME+ COMMAND
   6426 sunny     20   0  614688  45588  10752 R  92.2   1.3   0:38.98 MovieHT+

top - 01:56:39 up 12:33,  1 user,  load average: 1.29, 0.48, 0.35
Tasks:   1 total,   1 running,   0 sleeping,   0 stopped,   0 zombie
%Cpu(s):  8.9 us, 11.9 sy,  0.0 ni, 76.1 id,  0.0 wa,  0.0 hi,  3.1 si,  0.0 st 
MiB Mem :   3532.2 total,   2527.7 free,    889.0 used,    200.1 buff/cache     
MiB Swap:   1024.0 total,   1024.0 free,      0.0 used.   2643.2 avail Mem 

    PID USER      PR  NI    VIRT    RES    SHR S  %CPU  %MEM     TIME+ COMMAND
   6426 sunny     20   0  614688  45588  10752 R  92.4   1.3   0:43.61 MovieHT+

top - 01:56:44 up 12:33,  1 user,  load average: 1.43, 0.52, 0.37
Tasks:   1 total,   0 running,   1 sleeping,   0 stopped,   0 zombie
%Cpu(s):  9.0 us, 11.3 sy,  0.0 ni, 76.4 id,  0.0 wa,  0.0 hi,  3.4 si,  0.0 st 
MiB Mem :   3532.2 total,   2526.5 free,    890.2 used,    200.1 buff/cache     
MiB Swap:   1024.0 total,   1024.0 free,      0.0 used.   2642.0 avail Mem 

    PID USER      PR  NI    VIRT    RES    SHR S  %CPU  %MEM     TIME+ COMMAND
   6426 sunny     20   0  614688  45588  10752 S  92.6   1.3   0:48.24 MovieHT+

top - 01:56:49 up 12:34,  1 user,  load average: 1.55, 0.56, 0.38
Tasks:   1 total,   0 running,   1 sleeping,   0 stopped,   0 zombie
%Cpu(s):  8.9 us, 10.9 sy,  0.0 ni, 76.5 id,  0.0 wa,  0.0 hi,  3.7 si,  0.0 st 
MiB Mem :   3532.2 total,   2530.0 free,    886.8 used,    200.1 buff/cache     
MiB Swap:   1024.0 total,   1024.0 free,      0.0 used.   2645.4 avail Mem 

    PID USER      PR  NI    VIRT    RES    SHR S  %CPU  %MEM     TIME+ COMMAND
   6426 sunny     20   0  614688  45588  10752 S  92.0   1.3   0:52.85 MovieHT+

top - 01:56:54 up 12:34,  1 user,  load average: 1.59, 0.59, 0.39
Tasks:   1 total,   0 running,   1 sleeping,   0 stopped,   0 zombie
%Cpu(s):  9.1 us, 11.7 sy,  0.0 ni, 75.8 id,  0.0 wa,  0.0 hi,  3.4 si,  0.0 st 
MiB Mem :   3532.2 total,   2531.8 free,    884.9 used,    200.1 buff/cache     
MiB Swap:   1024.0 total,   1024.0 free,      0.0 used.   2647.3 avail Mem 

    PID USER      PR  NI    VIRT    RES    SHR S  %CPU  %MEM     TIME+ COMMAND
   6426 sunny     20   0  614688  45588  10752 S  92.2   1.3   0:57.46 MovieHT+

top - 01:56:59 up 12:34,  1 user,  load average: 1.62, 0.61, 0.40
Tasks:   1 total,   0 running,   1 sleeping,   0 stopped,   0 zombie
%Cpu(s):  8.8 us, 12.0 sy,  0.0 ni, 76.1 id,  0.0 wa,  0.0 hi,  3.1 si,  0.0 st 
MiB Mem :   3532.2 total,   2531.6 free,    885.1 used,    200.1 buff/cache     
MiB Swap:   1024.0 total,   1024.0 free,      0.0 used.   2647.1 avail Mem 

    PID USER      PR  NI    VIRT    RES    SHR S  %CPU  %MEM     TIME+ COMMAND
   6426 sunny     20   0  614688  45588  10752 S  91.8   1.3   1:02.06 MovieHT+

top - 01:57:04 up 12:34,  1 user,  load average: 1.65, 0.63, 0.41
Tasks:   1 total,   0 running,   1 sleeping,   0 stopped,   0 zombie
%Cpu(s):  8.7 us, 11.7 sy,  0.0 ni, 76.5 id,  0.0 wa,  0.0 hi,  3.2 si,  0.0 st 
MiB Mem :   3532.2 total,   2530.9 free,    885.8 used,    200.1 buff/cache     
MiB Swap:   1024.0 total,   1024.0 free,      0.0 used.   2646.4 avail Mem 

    PID USER      PR  NI    VIRT    RES    SHR S  %CPU  %MEM     TIME+ COMMAND
   6426 sunny     20   0  614688  45588  10752 S  92.4   1.3   1:06.69 MovieHT+

top - 01:57:08 up 12:34,  1 user,  load average: 1.68, 0.66, 0.42
Tasks:   1 total,   1 running,   0 sleeping,   0 stopped,   0 zombie
%Cpu(s):  9.1 us, 11.9 sy,  0.0 ni, 76.0 id,  0.0 wa,  0.0 hi,  3.0 si,  0.0 st 
MiB Mem :   3532.2 total,   2530.5 free,    886.3 used,    200.1 buff/cache     
MiB Swap:   1024.0 total,   1024.0 free,      0.0 used.   2646.0 avail Mem 

    PID USER      PR  NI    VIRT    RES    SHR S  %CPU  %MEM     TIME+ COMMAND
   6426 sunny     20   0  614688  45588  10752 R  92.4   1.3   1:11.31 MovieHT+

top - 01:57:13 up 12:34,  1 user,  load average: 1.79, 0.70, 0.43
Tasks:   1 total,   0 running,   1 sleeping,   0 stopped,   0 zombie
%Cpu(s):  8.8 us, 11.9 sy,  0.0 ni, 75.9 id,  0.0 wa,  0.0 hi,  3.4 si,  0.0 st 
MiB Mem :   3532.2 total,   2530.3 free,    886.5 used,    200.1 buff/cache     
MiB Swap:   1024.0 total,   1024.0 free,      0.0 used.   2645.8 avail Mem 

    PID USER      PR  NI    VIRT    RES    SHR S  %CPU  %MEM     TIME+ COMMAND
   6426 sunny     20   0  614688  45588  10752 S  92.4   1.3   1:15.94 MovieHT+

top - 01:57:18 up 12:34,  1 user,  load average: 1.88, 0.73, 0.44
Tasks:   1 total,   0 running,   1 sleeping,   0 stopped,   0 zombie
%Cpu(s):  8.9 us, 11.5 sy,  0.0 ni, 76.1 id,  0.0 wa,  0.0 hi,  3.5 si,  0.0 st 
MiB Mem :   3532.2 total,   2529.8 free,    886.9 used,    200.1 buff/cache     
MiB Swap:   1024.0 total,   1024.0 free,      0.0 used.   2645.3 avail Mem 

    PID USER      PR  NI    VIRT    RES    SHR S  %CPU  %MEM     TIME+ COMMAND
   6426 sunny     20   0  614688  45588  10752 S  92.0   1.3   1:20.54 MovieHT+

top - 01:57:23 up 12:34,  1 user,  load average: 2.05, 0.79, 0.46
Tasks:   1 total,   0 running,   1 sleeping,   0 stopped,   0 zombie
%Cpu(s):  8.7 us, 11.9 sy,  0.0 ni, 76.2 id,  0.0 wa,  0.0 hi,  3.3 si,  0.0 st 
MiB Mem :   3532.2 total,   2529.6 free,    887.1 used,    200.1 buff/cache     
MiB Swap:   1024.0 total,   1024.0 free,      0.0 used.   2645.1 avail Mem 

    PID USER      PR  NI    VIRT    RES    SHR S  %CPU  %MEM     TIME+ COMMAND
   6426 sunny     20   0  614688  45588  10752 S  91.2   1.3   1:25.11 MovieHT+

top - 01:57:28 up 12:34,  1 user,  load average: 2.05, 0.81, 0.47
Tasks:   1 total,   0 running,   1 sleeping,   0 stopped,   0 zombie
%Cpu(s):  9.2 us, 12.2 sy,  0.0 ni, 75.3 id,  0.0 wa,  0.0 hi,  3.3 si,  0.0 st 
MiB Mem :   3532.2 total,   2529.1 free,    887.6 used,    200.1 buff/cache     
MiB Swap:   1024.0 total,   1024.0 free,      0.0 used.   2644.6 avail Mem 

    PID USER      PR  NI    VIRT    RES    SHR S  %CPU  %MEM     TIME+ COMMAND
   6426 sunny     20   0  614688  45588  10752 S  92.2   1.3   1:29.72 MovieHT+

top - 01:57:33 up 12:34,  1 user,  load average: 2.04, 0.83, 0.48
Tasks:   1 total,   0 running,   1 sleeping,   0 stopped,   0 zombie
%Cpu(s):  9.4 us, 12.0 sy,  0.0 ni, 75.6 id,  0.0 wa,  0.0 hi,  3.0 si,  0.0 st 
MiB Mem :   3532.2 total,   2528.9 free,    887.8 used,    200.1 buff/cache     
MiB Swap:   1024.0 total,   1024.0 free,      0.0 used.   2644.4 avail Mem 

    PID USER      PR  NI    VIRT    RES    SHR S  %CPU  %MEM     TIME+ COMMAND
   6426 sunny     20   0  614688  45588  10752 S  92.2   1.3   1:34.33 MovieHT+

top - 01:57:36 up 12:34,  1 user,  load average: 2.12, 0.87, 0.49
Tasks:   1 total,   0 running,   1 sleeping,   0 stopped,   0 zombie
%Cpu(s):  9.2 us, 11.6 sy,  0.0 ni, 75.9 id,  0.0 wa,  0.0 hi,  3.4 si,  0.0 st 
MiB Mem :   3532.2 total,   2527.0 free,    889.7 used,    200.1 buff/cache     
MiB Swap:   1024.0 total,   1024.0 free,      0.0 used.   2642.5 avail Mem 

    PID USER      PR  NI    VIRT    RES    SHR S  %CPU  %MEM     TIME+ COMMAND
   6426 sunny     20   0  614688  45588  10752 S  92.0   1.3   1:38.94 MovieHT+

top - 01:57:41 up 12:34,  1 user,  load average: 2.11, 0.89, 0.50
Tasks:   1 total,   0 running,   1 sleeping,   0 stopped,   0 zombie
%Cpu(s):  9.3 us, 11.8 sy,  0.0 ni, 75.4 id,  0.0 wa,  0.0 hi,  3.6 si,  0.0 st 
MiB Mem :   3532.2 total,   2526.8 free,    889.9 used,    200.1 buff/cache     
MiB Swap:   1024.0 total,   1024.0 free,      0.0 used.   2642.3 avail Mem 

    PID USER      PR  NI    VIRT    RES    SHR S  %CPU  %MEM     TIME+ COMMAND
   6426 sunny     20   0  614688  45588  10752 S  93.2   1.3   1:43.60 MovieHT+

top - 01:57:46 up 12:35,  1 user,  load average: 2.18, 0.92, 0.52
Tasks:   1 total,   0 running,   1 sleeping,   0 stopped,   0 zombie
%Cpu(s):  9.1 us, 12.0 sy,  0.0 ni, 75.7 id,  0.0 wa,  0.0 hi,  3.3 si,  0.0 st 
MiB Mem :   3532.2 total,   2526.6 free,    890.1 used,    200.2 buff/cache     
MiB Swap:   1024.0 total,   1024.0 free,      0.0 used.   2642.1 avail Mem 

    PID USER      PR  NI    VIRT    RES    SHR S  %CPU  %MEM     TIME+ COMMAND
   6426 sunny     20   0  614688  45588  10752 S  92.6   1.3   1:48.24 MovieHT+

top - 01:57:51 up 12:35,  1 user,  load average: 2.17, 0.94, 0.52
Tasks:   1 total,   0 running,   1 sleeping,   0 stopped,   0 zombie
%Cpu(s):  9.6 us, 11.4 sy,  0.0 ni, 75.7 id,  0.0 wa,  0.0 hi,  3.4 si,  0.0 st 
MiB Mem :   3532.2 total,   2526.4 free,    890.3 used,    200.2 buff/cache     
MiB Swap:   1024.0 total,   1024.0 free,      0.0 used.   2641.9 avail Mem 

    PID USER      PR  NI    VIRT    RES    SHR S  %CPU  %MEM     TIME+ COMMAND
   6426 sunny     20   0  614688  45588  10752 S  89.2   1.3   1:52.71 MovieHT+

top - 01:57:56 up 12:35,  1 user,  load average: 2.23, 0.97, 0.54
Tasks:   1 total,   0 running,   1 sleeping,   0 stopped,   0 zombie
%Cpu(s):  9.4 us, 11.5 sy,  0.0 ni, 75.9 id,  0.0 wa,  0.0 hi,  3.2 si,  0.0 st 
MiB Mem :   3532.2 total,   2525.7 free,    891.0 used,    200.2 buff/cache     
MiB Swap:   1024.0 total,   1024.0 free,      0.0 used.   2641.2 avail Mem 

    PID USER      PR  NI    VIRT    RES    SHR S  %CPU  %MEM     TIME+ COMMAND
   6426 sunny     20   0  614688  45588  10752 S  92.6   1.3   1:57.35 MovieHT+

top - 01:58:01 up 12:35,  1 user,  load average: 2.30, 1.01, 0.55
Tasks:   1 total,   0 running,   1 sleeping,   0 stopped,   0 zombie
%Cpu(s):  9.3 us, 11.8 sy,  0.0 ni, 76.0 id,  0.0 wa,  0.0 hi,  2.8 si,  0.0 st 
MiB Mem :   3532.2 total,   2525.5 free,    891.2 used,    200.2 buff/cache     
MiB Swap:   1024.0 total,   1024.0 free,      0.0 used.   2641.0 avail Mem 

    PID USER      PR  NI    VIRT    RES    SHR S  %CPU  %MEM     TIME+ COMMAND
   6426 sunny     20   0  614688  45588  10752 S  92.8   1.3   2:01.99 MovieHT+

top - 01:58:06 up 12:35,  1 user,  load average: 2.35, 1.04, 0.56
Tasks:   1 total,   0 running,   1 sleeping,   0 stopped,   0 zombie
%Cpu(s):  9.4 us, 11.2 sy,  0.0 ni, 76.2 id,  0.0 wa,  0.0 hi,  3.2 si,  0.0 st 
MiB Mem :   3532.2 total,   2528.8 free,    887.9 used,    200.2 buff/cache     
MiB Swap:   1024.0 total,   1024.0 free,      0.0 used.   2644.3 avail Mem 

    PID USER      PR  NI    VIRT    RES    SHR S  %CPU  %MEM     TIME+ COMMAND
   6426 sunny     20   0  614688  45588  10752 S  92.4   1.3   2:06.62 MovieHT+

top - 01:58:10 up 12:35,  1 user,  load average: 2.32, 1.06, 0.57
Tasks:   1 total,   0 running,   1 sleeping,   0 stopped,   0 zombie
%Cpu(s):  9.3 us, 11.6 sy,  0.0 ni, 74.7 id,  0.0 wa,  0.0 hi,  4.3 si,  0.0 st 
MiB Mem :   3532.2 total,   2528.8 free,    887.9 used,    200.2 buff/cache     
MiB Swap:   1024.0 total,   1024.0 free,      0.0 used.   2644.3 avail Mem 

    PID USER      PR  NI    VIRT    RES    SHR S  %CPU  %MEM     TIME+ COMMAND
   6426 sunny     20   0  614688  45588  10752 S  92.6   1.3   2:11.26 MovieHT+

top - 01:58:15 up 12:35,  1 user,  load average: 2.38, 1.09, 0.59
Tasks:   1 total,   1 running,   0 sleeping,   0 stopped,   0 zombie
%Cpu(s):  8.9 us, 12.1 sy,  0.0 ni, 75.5 id,  0.0 wa,  0.0 hi,  3.5 si,  0.0 st 
MiB Mem :   3532.2 total,   2531.7 free,    885.0 used,    200.2 buff/cache     
MiB Swap:   1024.0 total,   1024.0 free,      0.0 used.   2647.3 avail Mem 

    PID USER      PR  NI    VIRT    RES    SHR S  %CPU  %MEM     TIME+ COMMAND
   6426 sunny     20   0  614688  45588  10752 R  92.6   1.3   2:15.89 MovieHT+

top - 01:58:20 up 12:35,  1 user,  load average: 2.43, 1.12, 0.60
Tasks:   1 total,   1 running,   0 sleeping,   0 stopped,   0 zombie
%Cpu(s):  9.3 us, 11.7 sy,  0.0 ni, 75.8 id,  0.0 wa,  0.0 hi,  3.3 si,  0.0 st 
MiB Mem :   3532.2 total,   2531.7 free,    885.0 used,    200.2 buff/cache     
MiB Swap:   1024.0 total,   1024.0 free,      0.0 used.   2647.2 avail Mem 

    PID USER      PR  NI    VIRT    RES    SHR S  %CPU  %MEM     TIME+ COMMAND
   6426 sunny     20   0  614688  45588  10752 R  92.0   1.3   2:20.50 MovieHT+

top - 01:58:25 up 12:35,  1 user,  load average: 2.47, 1.15, 0.61
Tasks:   1 total,   0 running,   1 sleeping,   0 stopped,   0 zombie
%Cpu(s):  9.0 us, 12.0 sy,  0.0 ni, 75.9 id,  0.0 wa,  0.0 hi,  3.1 si,  0.0 st 
MiB Mem :   3532.2 total,   2532.1 free,    884.6 used,    200.2 buff/cache     
MiB Swap:   1024.0 total,   1024.0 free,      0.0 used.   2647.6 avail Mem 

    PID USER      PR  NI    VIRT    RES    SHR S  %CPU  %MEM     TIME+ COMMAND
   6426 sunny     20   0  614688  45588  10752 S  92.0   1.3   2:25.11 MovieHT+

top - 01:58:30 up 12:35,  1 user,  load average: 2.44, 1.17, 0.62
Tasks:   1 total,   0 running,   1 sleeping,   0 stopped,   0 zombie
%Cpu(s):  8.9 us, 11.9 sy,  0.0 ni, 75.8 id,  0.0 wa,  0.0 hi,  3.4 si,  0.0 st 
MiB Mem :   3532.2 total,   2531.8 free,    884.9 used,    200.2 buff/cache     
MiB Swap:   1024.0 total,   1024.0 free,      0.0 used.   2647.4 avail Mem 

    PID USER      PR  NI    VIRT    RES    SHR S  %CPU  %MEM     TIME+ COMMAND
   6426 sunny     20   0  614688  45588  10752 S  92.2   1.3   2:29.72 MovieHT+

top - 01:58:35 up 12:35,  1 user,  load average: 2.56, 1.21, 0.64
Tasks:   1 total,   1 running,   0 sleeping,   0 stopped,   0 zombie
%Cpu(s):  8.7 us, 12.4 sy,  0.0 ni, 75.6 id,  0.0 wa,  0.0 hi,  3.3 si,  0.0 st 
MiB Mem :   3532.2 total,   2531.9 free,    884.8 used,    200.2 buff/cache     
MiB Swap:   1024.0 total,   1024.0 free,      0.0 used.   2647.4 avail Mem 

    PID USER      PR  NI    VIRT    RES    SHR S  %CPU  %MEM     TIME+ COMMAND
   6426 sunny     20   0  614688  45588  10752 R  92.0   1.3   2:34.33 MovieHT+

top - 01:58:39 up 12:35,  1 user,  load average: 2.60, 1.24, 0.65
Tasks:   1 total,   0 running,   1 sleeping,   0 stopped,   0 zombie
%Cpu(s):  9.1 us, 11.4 sy,  0.0 ni, 75.8 id,  0.0 wa,  0.0 hi,  3.7 si,  0.0 st 
MiB Mem :   3532.2 total,   2531.2 free,    885.5 used,    200.2 buff/cache     
MiB Swap:   1024.0 total,   1024.0 free,      0.0 used.   2646.7 avail Mem 

    PID USER      PR  NI    VIRT    RES    SHR S  %CPU  %MEM     TIME+ COMMAND
   6426 sunny     20   0  614688  45588  10752 S  91.8   1.3   2:38.93 MovieHT+

top - 01:58:44 up 12:36,  1 user,  load average: 2.71, 1.29, 0.67
Tasks:   1 total,   1 running,   0 sleeping,   0 stopped,   0 zombie
%Cpu(s):  9.5 us, 11.6 sy,  0.0 ni, 75.8 id,  0.0 wa,  0.0 hi,  3.1 si,  0.0 st 
MiB Mem :   3532.2 total,   2530.9 free,    885.7 used,    200.2 buff/cache     
MiB Swap:   1024.0 total,   1024.0 free,      0.0 used.   2646.5 avail Mem 

    PID USER      PR  NI    VIRT    RES    SHR S  %CPU  %MEM     TIME+ COMMAND
   6426 sunny     20   0  614688  45588  10752 R  92.4   1.3   2:43.55 MovieHT+

top - 01:58:49 up 12:36,  1 user,  load average: 2.73, 1.32, 0.68
Tasks:   1 total,   0 running,   1 sleeping,   0 stopped,   0 zombie
%Cpu(s):  9.0 us, 12.2 sy,  0.0 ni, 75.2 id,  0.0 wa,  0.0 hi,  3.6 si,  0.0 st 
MiB Mem :   3532.2 total,   2530.5 free,    886.2 used,    200.2 buff/cache     
MiB Swap:   1024.0 total,   1024.0 free,      0.0 used.   2646.1 avail Mem 

    PID USER      PR  NI    VIRT    RES    SHR S  %CPU  %MEM     TIME+ COMMAND
   6426 sunny     20   0  614688  45588  10752 S  92.2   1.3   2:48.17 MovieHT+

top - 01:58:54 up 12:36,  1 user,  load average: 2.67, 1.33, 0.69
Tasks:   1 total,   0 running,   1 sleeping,   0 stopped,   0 zombie
%Cpu(s):  9.2 us, 11.7 sy,  0.0 ni, 75.9 id,  0.0 wa,  0.0 hi,  3.2 si,  0.0 st 
MiB Mem :   3532.2 total,   2530.3 free,    886.4 used,    200.2 buff/cache     
MiB Swap:   1024.0 total,   1024.0 free,      0.0 used.   2645.8 avail Mem 

    PID USER      PR  NI    VIRT    RES    SHR S  %CPU  %MEM     TIME+ COMMAND
   6426 sunny     20   0  614688  45588  10752 S  92.2   1.3   2:52.78 MovieHT+

top - 01:58:59 up 12:36,  1 user,  load average: 2.62, 1.34, 0.70
Tasks:   1 total,   0 running,   1 sleeping,   0 stopped,   0 zombie
%Cpu(s):  9.1 us, 11.2 sy,  0.0 ni, 76.1 id,  0.0 wa,  0.0 hi,  3.6 si,  0.0 st 
MiB Mem :   3532.2 total,   2529.1 free,    887.5 used,    200.2 buff/cache     
MiB Swap:   1024.0 total,   1024.0 free,      0.0 used.   2644.7 avail Mem 

    PID USER      PR  NI    VIRT    RES    SHR S  %CPU  %MEM     TIME+ COMMAND
   6426 sunny     20   0  614688  45588  10752 S  91.8   1.3   2:57.38 MovieHT+

top - 01:59:04 up 12:36,  1 user,  load average: 2.73, 1.39, 0.71
Tasks:   1 total,   0 running,   1 sleeping,   0 stopped,   0 zombie
%Cpu(s):  9.0 us, 11.5 sy,  0.0 ni, 76.1 id,  0.0 wa,  0.0 hi,  3.5 si,  0.0 st 
MiB Mem :   3532.2 total,   2529.1 free,    887.5 used,    200.2 buff/cache     
MiB Swap:   1024.0 total,   1024.0 free,      0.0 used.   2644.7 avail Mem 

    PID USER      PR  NI    VIRT    RES    SHR S  %CPU  %MEM     TIME+ COMMAND
   6426 sunny     20   0  614688  45588  10752 S  92.0   1.3   3:01.98 MovieHT+

top - 01:59:09 up 12:36,  1 user,  load average: 2.67, 1.40, 0.72
Tasks:   1 total,   0 running,   1 sleeping,   0 stopped,   0 zombie
%Cpu(s):  9.1 us, 11.4 sy,  0.0 ni, 75.8 id,  0.0 wa,  0.0 hi,  3.7 si,  0.0 st 
MiB Mem :   3532.2 total,   2528.7 free,    888.0 used,    200.2 buff/cache     
MiB Swap:   1024.0 total,   1024.0 free,      0.0 used.   2644.2 avail Mem 

    PID USER      PR  NI    VIRT    RES    SHR S  %CPU  %MEM     TIME+ COMMAND
   6426 sunny     20   0  614688  45588  10752 S  91.4   1.3   3:06.56 MovieHT+

top - 01:59:13 up 12:36,  1 user,  load average: 2.62, 1.41, 0.73
Tasks:   1 total,   1 running,   0 sleeping,   0 stopped,   0 zombie
%Cpu(s):  9.0 us, 12.0 sy,  0.0 ni, 75.6 id,  0.0 wa,  0.0 hi,  3.4 si,  0.0 st 
MiB Mem :   3532.2 total,   2528.5 free,    888.2 used,    200.2 buff/cache     
MiB Swap:   1024.0 total,   1024.0 free,      0.0 used.   2644.0 avail Mem 

    PID USER      PR  NI    VIRT    RES    SHR S  %CPU  %MEM     TIME+ COMMAND
   6426 sunny     20   0  614688  45588  10752 R  92.0   1.3   3:11.17 MovieHT+

top - 01:59:18 up 12:36,  1 user,  load average: 2.73, 1.45, 0.75
Tasks:   1 total,   0 running,   1 sleeping,   0 stopped,   0 zombie
%Cpu(s):  9.6 us, 11.6 sy,  0.0 ni, 75.6 id,  0.0 wa,  0.0 hi,  3.1 si,  0.0 st 
MiB Mem :   3532.2 total,   2529.1 free,    887.5 used,    200.2 buff/cache     
MiB Swap:   1024.0 total,   1024.0 free,      0.0 used.   2644.7 avail Mem 

    PID USER      PR  NI    VIRT    RES    SHR S  %CPU  %MEM     TIME+ COMMAND
   6426 sunny     20   0  614688  45588  10752 S  91.8   1.3   3:15.76 MovieHT+

top - 01:59:23 up 12:36,  1 user,  load average: 2.67, 1.46, 0.75
Tasks:   1 total,   1 running,   0 sleeping,   0 stopped,   0 zombie
%Cpu(s):  9.0 us, 12.4 sy,  0.0 ni, 75.6 id,  0.0 wa,  0.0 hi,  3.0 si,  0.0 st 
MiB Mem :   3532.2 total,   2528.0 free,    888.6 used,    200.2 buff/cache     
MiB Swap:   1024.0 total,   1024.0 free,      0.0 used.   2643.6 avail Mem 

    PID USER      PR  NI    VIRT    RES    SHR S  %CPU  %MEM     TIME+ COMMAND
   6426 sunny     20   0  614688  45588  10752 R  91.8   1.3   3:20.36 MovieHT+

top - 01:59:28 up 12:36,  1 user,  load average: 2.70, 1.48, 0.77
Tasks:   1 total,   0 running,   1 sleeping,   0 stopped,   0 zombie
%Cpu(s):  9.0 us, 11.8 sy,  0.0 ni, 75.5 id,  0.0 wa,  0.0 hi,  3.6 si,  0.0 st 
MiB Mem :   3532.2 total,   2528.0 free,    888.6 used,    200.2 buff/cache     
MiB Swap:   1024.0 total,   1024.0 free,      0.0 used.   2643.6 avail Mem 

    PID USER      PR  NI    VIRT    RES    SHR S  %CPU  %MEM     TIME+ COMMAND
   6426 sunny     20   0  614688  45588  10752 S  92.2   1.3   3:24.97 MovieHT+

top - 01:59:33 up 12:36,  1 user,  load average: 2.96, 1.56, 0.79
Tasks:   1 total,   0 running,   1 sleeping,   0 stopped,   0 zombie
%Cpu(s):  9.1 us, 11.4 sy,  0.0 ni, 76.1 id,  0.0 wa,  0.0 hi,  3.4 si,  0.0 st 
MiB Mem :   3532.2 total,   2527.8 free,    888.9 used,    200.2 buff/cache     
MiB Swap:   1024.0 total,   1024.0 free,      0.0 used.   2643.4 avail Mem 

    PID USER      PR  NI    VIRT    RES    SHR S  %CPU  %MEM     TIME+ COMMAND
   6426 sunny     20   0  614688  45588  10752 S  91.8   1.3   3:29.57 MovieHT+

top - 01:59:38 up 12:36,  1 user,  load average: 2.88, 1.57, 0.80
Tasks:   1 total,   0 running,   1 sleeping,   0 stopped,   0 zombie
%Cpu(s):  9.2 us, 11.3 sy,  0.0 ni, 76.2 id,  0.0 wa,  0.0 hi,  3.2 si,  0.0 st 
MiB Mem :   3532.2 total,   2527.2 free,    889.5 used,    200.2 buff/cache     
MiB Swap:   1024.0 total,   1024.0 free,      0.0 used.   2642.7 avail Mem 

    PID USER      PR  NI    VIRT    RES    SHR S  %CPU  %MEM     TIME+ COMMAND
   6426 sunny     20   0  614688  45588  10752 S  92.6   1.3   3:34.20 MovieHT+

top - 01:59:42 up 12:37,  1 user,  load average: 2.81, 1.57, 0.81
Tasks:   1 total,   0 running,   1 sleeping,   0 stopped,   0 zombie
%Cpu(s):  9.2 us, 11.5 sy,  0.0 ni, 75.8 id,  0.0 wa,  0.0 hi,  3.4 si,  0.0 st 
MiB Mem :   3532.2 total,   2527.0 free,    889.7 used,    200.2 buff/cache     
MiB Swap:   1024.0 total,   1024.0 free,      0.0 used.   2642.5 avail Mem 

    PID USER      PR  NI    VIRT    RES    SHR S  %CPU  %MEM     TIME+ COMMAND
   6426 sunny     20   0  614688  45588  10752 S  92.0   1.3   3:38.81 MovieHT+

top - 01:59:47 up 12:37,  1 user,  load average: 2.83, 1.60, 0.82
Tasks:   1 total,   0 running,   1 sleeping,   0 stopped,   0 zombie
%Cpu(s):  9.1 us, 11.7 sy,  0.0 ni, 75.7 id,  0.0 wa,  0.0 hi,  3.5 si,  0.0 st 
MiB Mem :   3532.2 total,   2530.0 free,    886.7 used,    200.2 buff/cache     
MiB Swap:   1024.0 total,   1024.0 free,      0.0 used.   2645.6 avail Mem 

    PID USER      PR  NI    VIRT    RES    SHR S  %CPU  %MEM     TIME+ COMMAND
   6426 sunny     20   0  614688  45588  10752 S  92.2   1.3   3:43.42 MovieHT+

top - 01:59:52 up 12:37,  1 user,  load average: 2.92, 1.64, 0.84
Tasks:   1 total,   0 running,   1 sleeping,   0 stopped,   0 zombie
%Cpu(s):  9.2 us, 11.4 sy,  0.0 ni, 75.9 id,  0.0 wa,  0.0 hi,  3.5 si,  0.0 st 
MiB Mem :   3532.2 total,   2529.5 free,    887.1 used,    200.2 buff/cache     
MiB Swap:   1024.0 total,   1024.0 free,      0.0 used.   2645.1 avail Mem 

    PID USER      PR  NI    VIRT    RES    SHR S  %CPU  %MEM     TIME+ COMMAND
   6426 sunny     20   0  614688  45588  10752 S  91.6   1.3   3:48.01 MovieHT+

top - 01:59:57 up 12:37,  1 user,  load average: 2.93, 1.66, 0.85
Tasks:   1 total,   0 running,   1 sleeping,   0 stopped,   0 zombie
%Cpu(s):  8.9 us, 12.2 sy,  0.0 ni, 75.8 id,  0.0 wa,  0.0 hi,  3.1 si,  0.0 st 
MiB Mem :   3532.2 total,   2529.1 free,    887.6 used,    200.2 buff/cache     
MiB Swap:   1024.0 total,   1024.0 free,      0.0 used.   2644.7 avail Mem 

    PID USER      PR  NI    VIRT    RES    SHR S  %CPU  %MEM     TIME+ COMMAND
   6426 sunny     20   0  614688  45588  10752 S  92.4   1.3   3:52.63 MovieHT+

top - 02:00:02 up 12:37,  1 user,  load average: 2.85, 1.67, 0.86
Tasks:   1 total,   0 running,   1 sleeping,   0 stopped,   0 zombie
%Cpu(s):  9.6 us, 11.3 sy,  0.0 ni, 75.8 id,  0.0 wa,  0.0 hi,  3.3 si,  0.0 st 
MiB Mem :   3532.2 total,   2528.4 free,    888.3 used,    200.2 buff/cache     
MiB Swap:   1024.0 total,   1024.0 free,      0.0 used.   2644.0 avail Mem 

    PID USER      PR  NI    VIRT    RES    SHR S  %CPU  %MEM     TIME+ COMMAND
   6426 sunny     20   0  614688  45588  10752 S  91.8   1.3   3:57.23 MovieHT+

top - 02:00:07 up 12:37,  1 user,  load average: 2.79, 1.67, 0.86
Tasks:   1 total,   0 running,   1 sleeping,   0 stopped,   0 zombie
%Cpu(s):  9.1 us, 12.2 sy,  0.0 ni, 75.4 id,  0.0 wa,  0.0 hi,  3.3 si,  0.0 st 
MiB Mem :   3532.2 total,   2531.5 free,    885.1 used,    200.2 buff/cache     
MiB Swap:   1024.0 total,   1024.0 free,      0.0 used.   2647.1 avail Mem 

    PID USER      PR  NI    VIRT    RES    SHR S  %CPU  %MEM     TIME+ COMMAND
   6426 sunny     20   0  614688  45588  10752 S  92.2   1.3   4:01.84 MovieHT+

top - 02:00:12 up 12:37,  1 user,  load average: 2.88, 1.71, 0.88
Tasks:   1 total,   0 running,   1 sleeping,   0 stopped,   0 zombie
%Cpu(s):  9.6 us, 11.7 sy,  0.0 ni, 75.3 id,  0.1 wa,  0.0 hi,  3.2 si,  0.0 st 
MiB Mem :   3532.2 total,   2531.2 free,    885.4 used,    200.2 buff/cache     
MiB Swap:   1024.0 total,   1024.0 free,      0.0 used.   2646.8 avail Mem 

    PID USER      PR  NI    VIRT    RES    SHR S  %CPU  %MEM     TIME+ COMMAND
   6426 sunny     20   0  614688  45588  10752 S  91.8   1.3   4:06.44 MovieHT+

top - 02:00:16 up 12:37,  1 user,  load average: 2.89, 1.73, 0.89
Tasks:   1 total,   0 running,   1 sleeping,   0 stopped,   0 zombie
%Cpu(s):  9.7 us, 11.5 sy,  0.0 ni, 75.9 id,  0.0 wa,  0.0 hi,  2.9 si,  0.0 st 
MiB Mem :   3532.2 total,   2530.6 free,    886.1 used,    200.2 buff/cache     
MiB Swap:   1024.0 total,   1024.0 free,      0.0 used.   2646.2 avail Mem 

    PID USER      PR  NI    VIRT    RES    SHR S  %CPU  %MEM     TIME+ COMMAND
   6426 sunny     20   0  614688  45588  10752 S  92.0   1.3   4:11.05 MovieHT+

top - 02:00:21 up 12:37,  1 user,  load average: 2.98, 1.77, 0.91
Tasks:   1 total,   0 running,   1 sleeping,   0 stopped,   0 zombie
%Cpu(s):  9.3 us, 11.5 sy,  0.0 ni, 75.7 id,  0.0 wa,  0.0 hi,  3.4 si,  0.0 st 
MiB Mem :   3532.2 total,   2530.1 free,    886.5 used,    200.2 buff/cache     
MiB Swap:   1024.0 total,   1024.0 free,      0.0 used.   2645.7 avail Mem 

    PID USER      PR  NI    VIRT    RES    SHR S  %CPU  %MEM     TIME+ COMMAND
   6426 sunny     20   0  614688  45588  10752 S  92.2   1.3   4:15.66 MovieHT+

top - 02:00:26 up 12:37,  1 user,  load average: 2.90, 1.78, 0.91
Tasks:   1 total,   0 running,   1 sleeping,   0 stopped,   0 zombie
%Cpu(s):  9.1 us, 12.2 sy,  0.0 ni, 75.7 id,  0.0 wa,  0.0 hi,  3.0 si,  0.0 st 
MiB Mem :   3532.2 total,   2529.7 free,    886.9 used,    200.2 buff/cache     
MiB Swap:   1024.0 total,   1024.0 free,      0.0 used.   2645.3 avail Mem 

    PID USER      PR  NI    VIRT    RES    SHR S  %CPU  %MEM     TIME+ COMMAND
   6426 sunny     20   0  614688  45588  10752 S  92.2   1.3   4:20.28 MovieHT+

top - 02:00:31 up 12:37,  1 user,  load average: 2.99, 1.81, 0.93
Tasks:   1 total,   1 running,   0 sleeping,   0 stopped,   0 zombie
%Cpu(s):  9.2 us, 11.8 sy,  0.0 ni, 76.0 id,  0.0 wa,  0.0 hi,  3.1 si,  0.0 st 
MiB Mem :   3532.2 total,   2529.3 free,    887.4 used,    200.2 buff/cache     
MiB Swap:   1024.0 total,   1024.0 free,      0.0 used.   2644.9 avail Mem 

    PID USER      PR  NI    VIRT    RES    SHR S  %CPU  %MEM     TIME+ COMMAND
   6426 sunny     20   0  614688  45588  10752 R  92.2   1.3   4:24.89 MovieHT+

top - 02:00:36 up 12:37,  1 user,  load average: 2.91, 1.82, 0.94
Tasks:   1 total,   0 running,   1 sleeping,   0 stopped,   0 zombie
%Cpu(s):  9.4 us, 12.2 sy,  0.0 ni, 75.6 id,  0.0 wa,  0.0 hi,  2.9 si,  0.0 st 
MiB Mem :   3532.2 total,   2528.6 free,    888.0 used,    200.2 buff/cache     
MiB Swap:   1024.0 total,   1024.0 free,      0.0 used.   2644.2 avail Mem 

    PID USER      PR  NI    VIRT    RES    SHR S  %CPU  %MEM     TIME+ COMMAND
   6426 sunny     20   0  614688  45588  10752 S  92.2   1.3   4:29.51 MovieHT+

top - 02:00:41 up 12:38,  1 user,  load average: 2.84, 1.82, 0.94
Tasks:   1 total,   0 running,   1 sleeping,   0 stopped,   0 zombie
%Cpu(s):  9.3 us, 11.6 sy,  0.0 ni, 75.6 id,  0.0 wa,  0.0 hi,  3.4 si,  0.0 st 
MiB Mem :   3532.2 total,   2528.4 free,    888.3 used,    200.2 buff/cache     
MiB Swap:   1024.0 total,   1024.0 free,      0.0 used.   2644.0 avail Mem 

    PID USER      PR  NI    VIRT    RES    SHR S  %CPU  %MEM     TIME+ COMMAND
   6426 sunny     20   0  614688  45588  10752 S  91.8   1.3   4:34.10 MovieHT+

top - 02:00:45 up 12:38,  1 user,  load average: 2.77, 1.82, 0.95
Tasks:   1 total,   0 running,   1 sleeping,   0 stopped,   0 zombie
%Cpu(s):  8.9 us, 11.3 sy,  0.0 ni, 75.9 id,  0.0 wa,  0.0 hi,  3.9 si,  0.0 st 
MiB Mem :   3532.2 total,   2528.4 free,    888.3 used,    200.2 buff/cache     
MiB Swap:   1024.0 total,   1024.0 free,      0.0 used.   2644.0 avail Mem 

    PID USER      PR  NI    VIRT    RES    SHR S  %CPU  %MEM     TIME+ COMMAND
   6426 sunny     20   0  614688  45588  10752 S  91.8   1.3   4:38.69 MovieHT+

top - 02:00:50 up 12:38,  1 user,  load average: 2.87, 1.86, 0.96
Tasks:   1 total,   0 running,   1 sleeping,   0 stopped,   0 zombie
%Cpu(s):  9.2 us, 11.7 sy,  0.0 ni, 75.9 id,  0.0 wa,  0.0 hi,  3.2 si,  0.0 st 
MiB Mem :   3532.2 total,   2527.9 free,    888.7 used,    200.2 buff/cache     
MiB Swap:   1024.0 total,   1024.0 free,      0.0 used.   2643.5 avail Mem 

    PID USER      PR  NI    VIRT    RES    SHR S  %CPU  %MEM     TIME+ COMMAND
   6426 sunny     20   0  614688  45588  10752 S  92.0   1.3   4:43.30 MovieHT+

top - 02:00:55 up 12:38,  1 user,  load average: 2.80, 1.86, 0.97
Tasks:   1 total,   0 running,   1 sleeping,   0 stopped,   0 zombie
%Cpu(s):  4.6 us,  5.5 sy,  0.0 ni, 88.3 id,  0.0 wa,  0.0 hi,  1.5 si,  0.0 st 
MiB Mem :   3532.2 total,   2536.0 free,    881.2 used,    199.7 buff/cache     
MiB Swap:   1024.0 total,   1024.0 free,      0.0 used.   2651.0 avail Mem 

    PID USER      PR  NI    VIRT    RES    SHR S  %CPU  %MEM     TIME+ COMMAND
   6426 sunny     20   0  614688  45588  10752 S  42.4   1.3   4:45.42 MovieHT+
